./tmp/data/oEfiTO/oEfiTO.log opened!
QPOS STABLE
8.49277e-22 5.94953e-22 9.99986 -1.43497e-05 1 3.2679e-07 8.51228e-07 0.000553741 0.0871958 0.0872529 0.087263 0.000108774 0.089704 0.0877342 0.0873727 9.07587e-09 0.0897133 0.087736 0.0873731 -0.000108748 0.089704 0.0877342 0.0873727 -0.000419262 0.0896762 0.0877288 0.0873715 -0.00581427 0.00996269 -0.146464 0.19792 0.00204431 0.00275141 0.980212 
RGB Azimuth Elevation Distance:-59.9866 -36.3775 1
RGB Lookat:0.177603 -0.29155 -0.47659
CAM POS: -0.201743 0.419122 0.116513
RGB CAM POS: -0.225123 0.405616 0.116513
RGB CAM LOOKAT: 0.177603 -0.29155 -0.47659
CAM GAZE: 0.402726 -0.697166 -0.593103
CAM VIEWPORT: 0.200983 -0.278045 -0.47659
CAM RIGHT: -0.865909 -0.500202 0
CAM UP: 0.296671 -0.513573 0.805127
CAM 2 POS: -0.266686 0.381606 0.116513
Depth image captured!
Time difference = 6769
File successfully uploaded to Dropbox.
Waiting for trajectories.
Number of grasps:309
Moving on to grasping.
#Time:10.296# Starting grasp 1.
#Time:13.296# Grasp 1 has 0.0465745 shift and 0.104736 rotation.
#Time:16.898# Finished grasp 1. Grasp success: 1. Grasp shift: 0.00435504. In-hand rotation: 0.0075092.
#Time:17.108# Starting grasp 2.
#Time:20.108# Grasp 2 has 0.0526989 shift and 0.137406 rotation.
#Time:23.71# Finished grasp 2. Grasp success: 1. Grasp shift: 0.00982948. In-hand rotation: 0.0185755.
#Time:23.92# Starting grasp 3.
#Time:26.92# Grasp 3 has 0.0399922 shift and 0.0710291 rotation.
#Time:30.522# Finished grasp 3. Grasp success: 1. Grasp shift: 0.0104148. In-hand rotation: 0.0202753.
#Time:30.732# Starting grasp 4.
#Time:33.732# Grasp 4 has 0.0344972 shift and 0.0841786 rotation.
#Time:37.334# Finished grasp 4. Grasp success: 1. Grasp shift: 0.00498752. In-hand rotation: 0.00745855.
#Time:37.544# Starting grasp 5.
#Time:40.544# Grasp 5 has 0.063098 shift and 0.153318 rotation.
#Time:44.146# Finished grasp 5. Grasp success: 1. Grasp shift: 0.00261899. In-hand rotation: 0.00406755.
#Time:44.356# Starting grasp 6.
#Time:47.356# Grasp 6 has 0.0474052 shift and 0.0902471 rotation.
#Time:50.958# Finished grasp 6. Grasp success: 1. Grasp shift: 0.00437861. In-hand rotation: 0.00845071.
#Time:51.168# Starting grasp 7.
#Time:54.168# Grasp 7 has 0.0526726 shift and 0.125936 rotation.
#Time:57.77# Finished grasp 7. Grasp success: 1. Grasp shift: 0.00808744. In-hand rotation: 0.00879794.
#Time:57.98# Starting grasp 8.
#Time:60.98# Grasp 8 has 0.0350698 shift and 0.0746752 rotation.
#Time:64.582# Finished grasp 8. Grasp success: 1. Grasp shift: 0.00281458. In-hand rotation: 0.00333547.
#Time:64.792# Starting grasp 9.
#Time:67.792# Grasp 9 has 0.0086974 shift and 0.0339445 rotation.
#Time:71.394# Finished grasp 9. Grasp success: 0. Grasp shift: 1.00897. In-hand rotation: 0.0334141.
#Time:71.604# Starting grasp 10.
#Time:74.604# Grasp 10 has 0.0419074 shift and 0.0920537 rotation.
#Time:78.206# Finished grasp 10. Grasp success: 1. Grasp shift: 0.0037738. In-hand rotation: 0.000320987.
#Time:78.416# Starting grasp 11.
#Time:81.416# Grasp 11 has 0.0407445 shift and 0.0991145 rotation.
#Time:85.018# Finished grasp 11. Grasp success: 1. Grasp shift: 0.00665547. In-hand rotation: 0.0137836.
#Time:85.228# Starting grasp 12.
#Time:88.228# Grasp 12 has 0.066504 shift and 0.130753 rotation.
#Time:91.83# Finished grasp 12. Grasp success: 1. Grasp shift: 0.00306055. In-hand rotation: 0.00742792.
#Time:92.04# Starting grasp 13.
#Time:95.04# Grasp 13 has 0.0379216 shift and 0.0871789 rotation.
#Time:98.642# Finished grasp 13. Grasp success: 1. Grasp shift: 0.00435166. In-hand rotation: 0.0025706.
#Time:98.852# Starting grasp 14.
#Time:101.852# Grasp 14 has 0.0199631 shift and 0.0528764 rotation.
#Time:105.454# Finished grasp 14. Grasp success: 0. Grasp shift: 1.01508. In-hand rotation: 0.0595175.
#Time:105.664# Starting grasp 15.
#Time:108.664# Grasp 15 has 0.0363322 shift and 0.0825463 rotation.
#Time:112.266# Finished grasp 15. Grasp success: 1. Grasp shift: 0.00230876. In-hand rotation: 0.00291719.
#Time:112.476# Starting grasp 16.
#Time:115.476# Grasp 16 has 0.0123721 shift and 0.0453919 rotation.
#Time:119.078# Finished grasp 16. Grasp success: 0. Grasp shift: 1.01215. In-hand rotation: 0.0449618.
#Time:119.288# Starting grasp 17.
#Time:122.288# Grasp 17 has 0.043864 shift and 0.110542 rotation.
#Time:125.89# Finished grasp 17. Grasp success: 1. Grasp shift: 0.00281337. In-hand rotation: 0.00515307.
#Time:126.1# Starting grasp 18.
#Time:129.1# Grasp 18 has 0.0379979 shift and 0.0904564 rotation.
#Time:132.702# Finished grasp 18. Grasp success: 1. Grasp shift: 0.00173124. In-hand rotation: 0.00156842.
#Time:132.912# Starting grasp 19.
#Time:135.912# Grasp 19 has 0.0487152 shift and 0.0987238 rotation.
#Time:139.514# Finished grasp 19. Grasp success: 1. Grasp shift: 0.00171585. In-hand rotation: 0.00246117.
#Time:139.724# Starting grasp 20.
#Time:142.724# Grasp 20 has 0.037466 shift and 0.106772 rotation.
#Time:146.326# Finished grasp 20. Grasp success: 1. Grasp shift: 0.00864278. In-hand rotation: 0.0182863.
#Time:146.536# Starting grasp 21.
#Time:149.536# Grasp 21 has 0.0452113 shift and 0.0851927 rotation.
#Time:153.138# Finished grasp 21. Grasp success: 0. Grasp shift: 1.15495. In-hand rotation: 0.608428.
#Time:153.348# Starting grasp 22.
#Time:156.348# Grasp 22 has 0.0531463 shift and 0.122131 rotation.
#Time:159.95# Finished grasp 22. Grasp success: 1. Grasp shift: 0.00196927. In-hand rotation: 0.00159528.
#Time:160.16# Starting grasp 23.
#Time:163.16# Grasp 23 has 0.049892 shift and 0.117566 rotation.
#Time:166.762# Finished grasp 23. Grasp success: 1. Grasp shift: 0.00670589. In-hand rotation: 0.0132793.
#Time:166.972# Starting grasp 24.
#Time:169.972# Grasp 24 has 0.0423014 shift and 0.0768887 rotation.
#Time:173.574# Finished grasp 24. Grasp success: 1. Grasp shift: 0.00329185. In-hand rotation: 0.00554937.
#Time:173.784# Starting grasp 25.
#Time:176.784# Grasp 25 has 0.0394496 shift and 0.0829388 rotation.
#Time:180.386# Finished grasp 25. Grasp success: 1. Grasp shift: 0.00217682. In-hand rotation: 0.00304809.
#Time:180.596# Starting grasp 26.
#Time:183.596# Grasp 26 has 0.0179313 shift and 0.0656062 rotation.
#Time:187.198# Finished grasp 26. Grasp success: 1. Grasp shift: 0.413526. In-hand rotation: 0.335394.
#Time:187.408# Starting grasp 27.
#Time:190.408# Grasp 27 has 0.056692 shift and 0.135373 rotation.
#Time:194.01# Finished grasp 27. Grasp success: 1. Grasp shift: 0.0092147. In-hand rotation: 0.0137659.
#Time:194.22# Starting grasp 28.
#Time:197.22# Grasp 28 has 0.0142626 shift and 0.0354444 rotation.
#Time:200.822# Finished grasp 28. Grasp success: 1. Grasp shift: 0.00619689. In-hand rotation: 0.010125.
#Time:201.032# Starting grasp 29.
#Time:204.032# Grasp 29 has 0.0396797 shift and 0.0770888 rotation.
#Time:207.634# Finished grasp 29. Grasp success: 1. Grasp shift: 0.00420818. In-hand rotation: 0.00417805.
#Time:207.844# Starting grasp 30.
#Time:210.844# Grasp 30 has 0.0522492 shift and 0.1054 rotation.
#Time:214.446# Finished grasp 30. Grasp success: 1. Grasp shift: 0.00208657. In-hand rotation: 0.00339557.
#Time:214.656# Starting grasp 31.
#Time:217.656# Grasp 31 has 0.061848 shift and 0.108164 rotation.
#Time:221.258# Finished grasp 31. Grasp success: 1. Grasp shift: 0.0106457. In-hand rotation: 0.0186696.
#Time:221.468# Starting grasp 32.
#Time:224.468# Grasp 32 has 0.0517682 shift and 0.0928892 rotation.
#Time:228.07# Finished grasp 32. Grasp success: 1. Grasp shift: 0.00760152. In-hand rotation: 0.0145614.
#Time:228.28# Starting grasp 33.
#Time:231.28# Grasp 33 has 0.0385621 shift and 0.058341 rotation.
#Time:234.882# Finished grasp 33. Grasp success: 1. Grasp shift: 0.00281149. In-hand rotation: 0.00575706.
#Time:235.092# Starting grasp 34.
#Time:238.092# Grasp 34 has 0.0501416 shift and 0.103298 rotation.
#Time:241.694# Finished grasp 34. Grasp success: 1. Grasp shift: 0.00512714. In-hand rotation: 0.00466061.
#Time:241.904# Starting grasp 35.
#Time:244.904# Grasp 35 has 0.00990468 shift and 0.014421 rotation.
#Time:248.506# Finished grasp 35. Grasp success: 0. Grasp shift: 1.00202. In-hand rotation: 0.0144584.
#Time:248.716# Starting grasp 36.
#Time:251.716# Grasp 36 has 0.031454 shift and 0.0995092 rotation.
#Time:255.318# Finished grasp 36. Grasp success: 0. Grasp shift: 1.02402. In-hand rotation: 0.100117.
#Time:255.528# Starting grasp 37.
#Time:258.528# Grasp 37 has 0.0278779 shift and 0.0872184 rotation.
#Time:262.13# Finished grasp 37. Grasp success: 0. Grasp shift: 1.02143. In-hand rotation: 0.0861825.
#Time:262.34# Starting grasp 38.
#Time:265.34# Grasp 38 has 0.0208122 shift and 0.0366853 rotation.
#Time:268.942# Finished grasp 38. Grasp success: 1. Grasp shift: 0.00633719. In-hand rotation: 0.0123319.
#Time:269.152# Starting grasp 39.
#Time:272.152# Grasp 39 has 0.0613602 shift and 0.147512 rotation.
#Time:275.754# Finished grasp 39. Grasp success: 1. Grasp shift: 0.00831902. In-hand rotation: 0.0101844.
#Time:275.964# Starting grasp 40.
#Time:278.964# Grasp 40 has 0.0492093 shift and 0.0945772 rotation.
#Time:282.566# Finished grasp 40. Grasp success: 1. Grasp shift: 0.00518977. In-hand rotation: 0.00397726.
#Time:282.776# Starting grasp 41.
#Time:285.776# Grasp 41 has 0.0209436 shift and 0.0439803 rotation.
#Time:289.378# Finished grasp 41. Grasp success: 1. Grasp shift: 0.00928826. In-hand rotation: 0.0114937.
#Time:289.588# Starting grasp 42.
#Time:292.588# Grasp 42 has 0.0604742 shift and 0.140742 rotation.
#Time:296.19# Finished grasp 42. Grasp success: 1. Grasp shift: 0.00362181. In-hand rotation: 0.00826049.
#Time:296.4# Starting grasp 43.
#Time:299.4# Grasp 43 has 0.0639374 shift and 0.147051 rotation.
#Time:303.002# Finished grasp 43. Grasp success: 1. Grasp shift: 0.00911. In-hand rotation: 0.0130395.
#Time:303.212# Starting grasp 44.
#Time:306.212# Grasp 44 has 0.0776436 shift and 0.0877794 rotation.
#Time:309.814# Finished grasp 44. Grasp success: 1. Grasp shift: 0.0747175. In-hand rotation: 0.0284228.
#Time:310.024# Starting grasp 45.
#Time:313.024# Grasp 45 has 0.0555511 shift and 0.111044 rotation.
#Time:316.626# Finished grasp 45. Grasp success: 1. Grasp shift: 0.00289264. In-hand rotation: 0.00470085.
#Time:316.836# Starting grasp 46.
#Time:319.836# Grasp 46 has 0.0326797 shift and 0.0671767 rotation.
#Time:323.438# Finished grasp 46. Grasp success: 1. Grasp shift: 0.00300066. In-hand rotation: 0.00490351.
#Time:323.648# Starting grasp 47.
#Time:326.648# Grasp 47 has 0.0486535 shift and 0.112124 rotation.
#Time:330.25# Finished grasp 47. Grasp success: 1. Grasp shift: 0.00324123. In-hand rotation: 0.0121035.
#Time:330.46# Starting grasp 48.
#Time:333.46# Grasp 48 has 0.0729025 shift and 0.146736 rotation.
#Time:337.062# Finished grasp 48. Grasp success: 1. Grasp shift: 0.00177102. In-hand rotation: 0.0014603.
#Time:337.272# Starting grasp 49.
#Time:340.272# Grasp 49 has 0.0373555 shift and 0.0753978 rotation.
#Time:343.874# Finished grasp 49. Grasp success: 1. Grasp shift: 0.0027642. In-hand rotation: 0.00333448.
#Time:344.084# Starting grasp 50.
#Time:347.084# Grasp 50 has 0.0349069 shift and 0.0538846 rotation.
#Time:350.686# Finished grasp 50. Grasp success: 1. Grasp shift: 0.00178645. In-hand rotation: 0.00544309.
#Time:350.896# Starting grasp 51.
#Time:353.896# Grasp 51 has 0.0583869 shift and 0.141022 rotation.
#Time:357.498# Finished grasp 51. Grasp success: 1. Grasp shift: 0.0103049. In-hand rotation: 0.0150013.
#Time:357.708# Starting grasp 52.
#Time:360.708# Grasp 52 has 0.0429995 shift and 0.102422 rotation.
#Time:364.31# Finished grasp 52. Grasp success: 1. Grasp shift: 0.00707131. In-hand rotation: 0.00511299.
#Time:364.52# Starting grasp 53.
#Time:367.52# Grasp 53 has 0.0339514 shift and 0.0660915 rotation.
#Time:371.122# Finished grasp 53. Grasp success: 1. Grasp shift: 0.00968397. In-hand rotation: 0.0124954.
#Time:371.332# Starting grasp 54.
#Time:374.332# Grasp 54 has 0.0285958 shift and 0.0638726 rotation.
#Time:377.934# Finished grasp 54. Grasp success: 1. Grasp shift: 0.0031235. In-hand rotation: 0.00476567.
#Time:378.144# Starting grasp 55.
#Time:381.144# Grasp 55 has 0.0357909 shift and 0.0759547 rotation.
