Position of the hand:0.411949 -0.233673 0.003
./tmp/data/LQ6ckt/LQ6ckt.log opened!
QPOS STABLE
-1.74288e-21 -2.58096e-21 9.99986 -1.43497e-05 1 3.2679e-07 8.51228e-07 0.000553741 0.0871958 0.0872529 0.087263 0.000108774 0.089704 0.0877342 0.0873727 9.07587e-09 0.0897133 0.087736 0.0873731 -0.000108748 0.089704 0.0877342 0.0873727 -0.000419262 0.0896762 0.0877288 0.0873715 0.00112818 -0.00195171 -0.211564 0.922551 0.000214194 -0.00029004 0.385875 
RGB Azimuth Elevation Distance:151.514 -33.8869 1
RGB Lookat:-0.360255 0.200717 -0.471541
CAM POS: 0.356505 -0.218946 0.086014
RGB CAM POS: 0.369382 -0.195215 0.086014
RGB CAM LOOKAT: -0.360255 0.200717 -0.471541
CAM GAZE: -0.729637 0.395931 -0.557555
CAM VIEWPORT: -0.373133 0.176986 -0.471541
CAM RIGHT: 0.476945 0.878933 -0
CAM UP: -0.490054 0.265923 0.83014
CAM 2 POS: 0.392276 -0.153026 0.086014
Depth image captured!
Time difference = 1849
Waiting for trajectories.
Number of grasps:97
Moving on to grasping.
#Time:10.29# Starting grasp 1.
#Time:13.29# Grasp 1 has 0.00713575 shift and 0.00921742 rotation.
#Time:16.892# Finished grasp 1. Grasp success: 1. Grasp shift: 0.00472136. In-hand rotation: 0.0249088.
