Position of the hand:-0.0918544 -0.465815 0.038
./tmp/data/Qt07pZ/Qt07pZ.log opened!
QPOS STABLE
2.95278e-11 3.97099e-11 9.99986 -1.43515e-05 1 3.2658e-07 8.51478e-07 0.000552882 0.0871958 0.0872529 0.087263 0.000108599 0.0896998 0.0877333 0.0873725 6.50316e-09 0.0897091 0.0877351 0.0873729 -0.000108579 0.0896998 0.0877333 0.0873725 -0.000418548 0.089672 0.087728 0.0873713 0.00511038 0.0532235 -0.135902 0.650168 -0.115709 -0.108473 -0.743052 
RGB Azimuth Elevation Distance:72.392 -39.8037 1
RGB Lookat:0.172773 0.323367 -0.525336
CAM POS: -0.0853569 -0.400714 0.114824
RGB CAM POS: -0.0596219 -0.408882 0.114824
RGB CAM LOOKAT: 0.172773 0.323367 -0.525336
CAM GAZE: 0.232395 0.732249 -0.64016
CAM VIEWPORT: 0.147038 0.331534 -0.525336
CAM RIGHT: 0.953149 -0.302503 0
CAM UP: 0.19365 0.610167 0.768242
CAM 2 POS: -0.0138708 -0.423402 0.114824
Depth image captured!
Time difference = 3471
Waiting for trajectories.
Number of grasps:93
Moving on to grasping.
#Time:1.116# Starting grasp 1.
#Time:4.116# Grasp 1 has 0.0355037 shift and 0.0584228 rotation.
#Time:7.718# Finished grasp 1. Grasp success: 0. Grasp shift: 1.01298. In-hand rotation: 0.110301.
#Time:7.928# Starting grasp 2.
#Time:10.928# Grasp 2 has 0.0115481 shift and 0.0174652 rotation.
#Time:14.53# Finished grasp 2. Grasp success: 1. Grasp shift: 0.0029974. In-hand rotation: 0.0146762.
#Time:14.74# Starting grasp 3.
#Time:17.74# Grasp 3 has 0.0131948 shift and 0.0209853 rotation.
#Time:21.342# Finished grasp 3. Grasp success: 1. Grasp shift: 0.00646462. In-hand rotation: 0.0329614.
#Time:21.552# Starting grasp 4.
#Time:24.552# Grasp 4 has 0.0459085 shift and 0.0774348 rotation.
#Time:28.154# Finished grasp 4. Grasp success: 0. Grasp shift: 1.01052. In-hand rotation: 0.0654368.
#Time:28.364# Starting grasp 5.
#Time:31.364# Grasp 5 has 0.0121203 shift and 0.0179432 rotation.
#Time:34.966# Finished grasp 5. Grasp success: 1. Grasp shift: 0.00326106. In-hand rotation: 0.0296038.
#Time:35.176# Starting grasp 6.
#Time:38.176# Grasp 6 has 0.00752919 shift and 0.0114523 rotation.
#Time:41.778# Finished grasp 6. Grasp success: 1. Grasp shift: 0.005116. In-hand rotation: 0.0196456.
#Time:41.988# Starting grasp 7.
#Time:44.988# Grasp 7 has 0.0148445 shift and 0.0221096 rotation.
#Time:48.59# Finished grasp 7. Grasp success: 0. Grasp shift: 1.00462. In-hand rotation: 0.160767.
#Time:48.8# Starting grasp 8.
#Time:51.8# Grasp 8 has 0.028358 shift and 0.0426975 rotation.
#Time:55.402# Finished grasp 8. Grasp success: 0. Grasp shift: 1.00778. In-hand rotation: 0.0449956.
#Time:55.612# Starting grasp 9.
#Time:58.612# Grasp 9 has 0.0189723 shift and 0.0290729 rotation.
#Time:62.214# Finished grasp 9. Grasp success: 1. Grasp shift: 0.0062262. In-hand rotation: 0.017625.
#Time:62.424# Starting grasp 10.
#Time:65.424# Grasp 10 has 0.0280909 shift and 0.0426347 rotation.
#Time:69.026# Finished grasp 10. Grasp success: 0. Grasp shift: 1.01422. In-hand rotation: 0.182666.
#Time:69.236# Starting grasp 11.
#Time:72.236# Grasp 11 has 0.01823 shift and 0.0279338 rotation.
#Time:75.838# Finished grasp 11. Grasp success: 1. Grasp shift: 0.0110889. In-hand rotation: 0.0279152.
#Time:76.048# Starting grasp 12.
#Time:79.048# Grasp 12 has 0.00631562 shift and 0.00917593 rotation.
#Time:82.65# Finished grasp 12. Grasp success: 1. Grasp shift: 0.00874152. In-hand rotation: 0.0407269.
#Time:82.86# Starting grasp 13.
#Time:85.86# Grasp 13 has 0.0140865 shift and 0.0208898 rotation.
#Time:89.462# Finished grasp 13. Grasp success: 1. Grasp shift: 0.00161075. In-hand rotation: 0.019452.
#Time:89.672# Starting grasp 14.
#Time:92.672# Grasp 14 has 0.0291579 shift and 0.0448096 rotation.
#Time:96.274# Finished grasp 14. Grasp success: 0. Grasp shift: 0.997362. In-hand rotation: 0.0553745.
#Time:96.484# Starting grasp 15.
#Time:99.484# Grasp 15 has 0.0133726 shift and 0.0213905 rotation.
#Time:103.086# Finished grasp 15. Grasp success: 1. Grasp shift: 0.0171601. In-hand rotation: 0.0648359.
#Time:103.296# Starting grasp 16.
#Time:106.296# Grasp 16 has 0.0214081 shift and 0.0336871 rotation.
#Time:109.898# Finished grasp 16. Grasp success: 1. Grasp shift: 0.00308225. In-hand rotation: 0.0745494.
#Time:110.108# Starting grasp 17.
#Time:113.108# Grasp 17 has 0.0289667 shift and 0.0433397 rotation.
#Time:116.71# Finished grasp 17. Grasp success: 0. Grasp shift: 0.998043. In-hand rotation: 0.0799002.
#Time:116.92# Starting grasp 18.
#Time:119.92# Grasp 18 has 0.0376197 shift and 0.0567048 rotation.
#Time:123.522# Finished grasp 18. Grasp success: 0. Grasp shift: 1.00912. In-hand rotation: 0.0587831.
#Time:123.732# Starting grasp 19.
#Time:126.732# Grasp 19 has 0.0286776 shift and 0.0436227 rotation.
#Time:130.334# Finished grasp 19. Grasp success: 0. Grasp shift: 1.00865. In-hand rotation: 0.154803.
#Time:130.544# Starting grasp 20.
#Time:133.544# Grasp 20 has 0.0257594 shift and 0.0394113 rotation.
#Time:137.146# Finished grasp 20. Grasp success: 0. Grasp shift: 0.996551. In-hand rotation: 0.0597327.
#Time:137.356# Starting grasp 21.
#Time:140.356# Grasp 21 has 0.0281108 shift and 0.0420847 rotation.
#Time:143.958# Finished grasp 21. Grasp success: 0. Grasp shift: 0.999557. In-hand rotation: 0.0958501.
#Time:144.168# Starting grasp 22.
#Time:147.168# Grasp 22 has 0.030615 shift and 0.0478019 rotation.
#Time:150.77# Finished grasp 22. Grasp success: 0. Grasp shift: 0.996929. In-hand rotation: 0.0710815.
#Time:150.98# Starting grasp 23.
#Time:153.98# Grasp 23 has 0.0330224 shift and 0.0499529 rotation.
#Time:157.582# Finished grasp 23. Grasp success: 0. Grasp shift: 1.2365. In-hand rotation: 0.49818.
#Time:157.792# Starting grasp 24.
#Time:160.792# Grasp 24 has 0.0151566 shift and 0.0237333 rotation.
#Time:164.394# Finished grasp 24. Grasp success: 1. Grasp shift: 0.0049775. In-hand rotation: 0.0706018.
#Time:164.604# Starting grasp 25.
#Time:167.604# Grasp 25 has 0.0251323 shift and 0.0533068 rotation.
#Time:171.206# Finished grasp 25. Grasp success: 1. Grasp shift: 0.00453506. In-hand rotation: 0.00164335.
#Time:171.416# Starting grasp 26.
#Time:174.416# Grasp 26 has 0.0275701 shift and 0.0416078 rotation.
#Time:178.018# Finished grasp 26. Grasp success: 0. Grasp shift: 1.01313. In-hand rotation: 0.174392.
#Time:178.228# Starting grasp 27.
#Time:181.228# Grasp 27 has 0.0335513 shift and 0.0578534 rotation.
#Time:184.83# Finished grasp 27. Grasp success: 1. Grasp shift: 0.00454679. In-hand rotation: 0.0141633.
#Time:185.04# Starting grasp 28.
#Time:188.04# Grasp 28 has 0.0175511 shift and 0.0260306 rotation.
#Time:191.642# Finished grasp 28. Grasp success: 1. Grasp shift: 0.00328288. In-hand rotation: 0.0287126.
#Time:191.852# Starting grasp 29.
#Time:194.852# Grasp 29 has 0.00981955 shift and 0.012468 rotation.
#Time:198.454# Finished grasp 29. Grasp success: 1. Grasp shift: 0.00730943. In-hand rotation: 0.0703348.
#Time:198.664# Starting grasp 30.
#Time:201.664# Grasp 30 has 0.0120599 shift and 0.0177986 rotation.
#Time:205.266# Finished grasp 30. Grasp success: 1. Grasp shift: 0.00150328. In-hand rotation: 0.0307925.
#Time:205.476# Starting grasp 31.
#Time:208.476# Grasp 31 has 0.0050049 shift and 0.00924528 rotation.
#Time:212.078# Finished grasp 31. Grasp success: 1. Grasp shift: 0.00928656. In-hand rotation: 0.0490548.
#Time:212.288# Starting grasp 32.
#Time:215.288# Grasp 32 has 0.00894209 shift and 0.0126344 rotation.
#Time:218.89# Finished grasp 32. Grasp success: 1. Grasp shift: 0.00636742. In-hand rotation: 0.078293.
#Time:219.1# Starting grasp 33.
#Time:222.1# Grasp 33 has 0.0120213 shift and 0.0196679 rotation.
#Time:225.702# Finished grasp 33. Grasp success: 1. Grasp shift: 0.00506893. In-hand rotation: 0.0418566.
#Time:225.912# Starting grasp 34.
#Time:228.912# Grasp 34 has 0.0225838 shift and 0.0342057 rotation.
#Time:232.514# Finished grasp 34. Grasp success: 0. Grasp shift: 1.235. In-hand rotation: 0.468219.
#Time:232.724# Starting grasp 35.
#Time:235.724# Grasp 35 has 0.0132396 shift and 0.0200225 rotation.
#Time:239.326# Finished grasp 35. Grasp success: 1. Grasp shift: 0.00844485. In-hand rotation: 0.0210177.
#Time:239.536# Starting grasp 36.
#Time:242.536# Grasp 36 has 0.0129698 shift and 0.0203835 rotation.
#Time:246.138# Finished grasp 36. Grasp success: 1. Grasp shift: 0.0113544. In-hand rotation: 0.0490284.
#Time:246.348# Starting grasp 37.
#Time:249.348# Grasp 37 has 0.0173385 shift and 0.0338788 rotation.
#Time:252.95# Finished grasp 37. Grasp success: 1. Grasp shift: 0.00397633. In-hand rotation: 0.0162619.
#Time:253.16# Starting grasp 38.
#Time:256.16# Grasp 38 has 0.0405189 shift and 0.0659747 rotation.
#Time:259.762# Finished grasp 38. Grasp success: 0. Grasp shift: 1.01753. In-hand rotation: 0.181644.
#Time:259.972# Starting grasp 39.
#Time:262.972# Grasp 39 has 0.0154641 shift and 0.0234801 rotation.
#Time:266.574# Finished grasp 39. Grasp success: 1. Grasp shift: 0.00938887. In-hand rotation: 0.0868841.
#Time:266.784# Starting grasp 40.
#Time:269.784# Grasp 40 has 0.0189271 shift and 0.0288985 rotation.
#Time:273.386# Finished grasp 40. Grasp success: 1. Grasp shift: 0.00749215. In-hand rotation: 0.0432069.
#Time:273.596# Starting grasp 41.
#Time:276.596# Grasp 41 has 0.0170972 shift and 0.0258236 rotation.
#Time:280.198# Finished grasp 41. Grasp success: 1. Grasp shift: 0.00355495. In-hand rotation: 0.0361582.
#Time:280.408# Starting grasp 42.
#Time:283.408# Grasp 42 has 0.0319212 shift and 0.0695229 rotation.
#Time:287.01# Finished grasp 42. Grasp success: 1. Grasp shift: 0.00537894. In-hand rotation: 0.00839743.
#Time:287.22# Starting grasp 43.
#Time:290.22# Grasp 43 has 0.0100421 shift and 0.0172565 rotation.
#Time:293.822# Finished grasp 43. Grasp success: 1. Grasp shift: 0.00161334. In-hand rotation: 0.00331962.
#Time:294.032# Starting grasp 44.
#Time:297.032# Grasp 44 has 0.014816 shift and 0.021564 rotation.
#Time:300.634# Finished grasp 44. Grasp success: 1. Grasp shift: 0.00222027. In-hand rotation: 0.0236672.
#Time:300.844# Starting grasp 45.
#Time:303.844# Grasp 45 has 0.0151955 shift and 0.0234006 rotation.
#Time:307.446# Finished grasp 45. Grasp success: 1. Grasp shift: 0.00203042. In-hand rotation: 0.035272.
#Time:307.656# Starting grasp 46.
#Time:310.656# Grasp 46 has 0.0161719 shift and 0.0245263 rotation.
#Time:314.258# Finished grasp 46. Grasp success: 0. Grasp shift: 1.01528. In-hand rotation: 0.198247.
#Time:314.468# Starting grasp 47.
#Time:317.468# Grasp 47 has 0.0216454 shift and 0.0356866 rotation.
#Time:321.07# Finished grasp 47. Grasp success: 1. Grasp shift: 0.00309831. In-hand rotation: 0.02348.
#Time:321.28# Starting grasp 48.
#Time:324.28# Grasp 48 has 0.0143185 shift and 0.0201205 rotation.
#Time:327.882# Finished grasp 48. Grasp success: 1. Grasp shift: 0.0016422. In-hand rotation: 0.00404587.
#Time:328.092# Starting grasp 49.
#Time:331.092# Grasp 49 has 0.00330456 shift and 0.00464875 rotation.
#Time:334.694# Finished grasp 49. Grasp success: 1. Grasp shift: 0.00391695. In-hand rotation: 0.0676442.
#Time:334.904# Starting grasp 50.
#Time:337.904# Grasp 50 has 0.0099539 shift and 0.0154252 rotation.
#Time:341.506# Finished grasp 50. Grasp success: 1. Grasp shift: 0.00309187. In-hand rotation: 0.0907568.
#Time:341.716# Starting grasp 51.
#Time:344.716# Grasp 51 has 0.0158551 shift and 0.0246526 rotation.
#Time:348.318# Finished grasp 51. Grasp success: 1. Grasp shift: 0.00088917. In-hand rotation: 0.0196728.
#Time:348.528# Starting grasp 52.
#Time:351.528# Grasp 52 has 0.0177675 shift and 0.0253989 rotation.
#Time:355.13# Finished grasp 52. Grasp success: 1. Grasp shift: 0.0068089. In-hand rotation: 0.0522958.
#Time:355.34# Starting grasp 53.
#Time:358.34# Grasp 53 has 0.0218617 shift and 0.0362865 rotation.
#Time:361.942# Finished grasp 53. Grasp success: 1. Grasp shift: 0.00532695. In-hand rotation: 0.0376095.
#Time:362.152# Starting grasp 54.
#Time:365.152# Grasp 54 has 0.0161219 shift and 0.0240883 rotation.
#Time:368.754# Finished grasp 54. Grasp success: 1. Grasp shift: 0.00161637. In-hand rotation: 0.0371772.
#Time:368.964# Starting grasp 55.
#Time:371.964# Grasp 55 has 0.0422592 shift and 0.0641957 rotation.
#Time:375.566# Finished grasp 55. Grasp success: 0. Grasp shift: 1.01451. In-hand rotation: 0.148968.
#Time:375.776# Starting grasp 56.
#Time:378.776# Grasp 56 has 0.014676 shift and 0.0222958 rotation.
#Time:382.378# Finished grasp 56. Grasp success: 1. Grasp shift: 0.000268663. In-hand rotation: 0.0309432.
#Time:382.588# Starting grasp 57.
#Time:385.588# Grasp 57 has 0.00766307 shift and 0.00623087 rotation.
#Time:389.19# Finished grasp 57. Grasp success: 1. Grasp shift: 0.0202664. In-hand rotation: 0.0659157.
#Time:389.4# Starting grasp 58.
#Time:392.4# Grasp 58 has 0.00311136 shift and 0.00589854 rotation.
#Time:396.002# Finished grasp 58. Grasp success: 0. Grasp shift: 1.28189. In-hand rotation: 0.567461.
#Time:396.212# Starting grasp 59.
#Time:399.212# Grasp 59 has 0.03004 shift and 0.0478653 rotation.
#Time:402.814# Finished grasp 59. Grasp success: 1. Grasp shift: 0.0284086. In-hand rotation: 0.149371.
#Time:403.024# Starting grasp 60.
#Time:406.024# Grasp 60 has 0.0123984 shift and 0.0189752 rotation.
#Time:409.626# Finished grasp 60. Grasp success: 1. Grasp shift: 0.0287775. In-hand rotation: 0.0931451.
#Time:409.836# Starting grasp 61.
#Time:412.836# Grasp 61 has 0.0227033 shift and 0.034732 rotation.
#Time:416.438# Finished grasp 61. Grasp success: 1. Grasp shift: 0.00109679. In-hand rotation: 0.00590829.
#Time:416.648# Starting grasp 62.
#Time:419.648# Grasp 62 has 0.00872668 shift and 0.0140376 rotation.
#Time:423.25# Finished grasp 62. Grasp success: 0. Grasp shift: 1.01013. In-hand rotation: 0.211014.
#Time:423.46# Starting grasp 63.
#Time:426.46# Grasp 63 has 0.0311026 shift and 0.0469571 rotation.
#Time:430.062# Finished grasp 63. Grasp success: 0. Grasp shift: 0.999782. In-hand rotation: 0.0107524.
#Time:430.272# Starting grasp 64.
#Time:433.272# Grasp 64 has 0.00897833 shift and 0.0132572 rotation.
#Time:436.874# Finished grasp 64. Grasp success: 0. Grasp shift: 1.00217. In-hand rotation: 0.0148622.
#Time:437.084# Starting grasp 65.
#Time:440.084# Grasp 65 has 0.0181204 shift and 0.0282318 rotation.
#Time:443.686# Finished grasp 65. Grasp success: 1. Grasp shift: 0.00195878. In-hand rotation: 0.00619358.
#Time:443.896# Starting grasp 66.
#Time:446.896# Grasp 66 has 0.0111453 shift and 0.0171794 rotation.
#Time:450.498# Finished grasp 66. Grasp success: 1. Grasp shift: 0.00463499. In-hand rotation: 0.0143559.
#Time:450.708# Starting grasp 67.
#Time:453.708# Grasp 67 has 0.0443273 shift and 0.0693708 rotation.
#Time:457.31# Finished grasp 67. Grasp success: 0. Grasp shift: 1.24333. In-hand rotation: 0.520461.
#Time:457.52# Starting grasp 68.
#Time:460.52# Grasp 68 has 0.0109422 shift and 0.0173903 rotation.
#Time:464.122# Finished grasp 68. Grasp success: 1. Grasp shift: 0.00311892. In-hand rotation: 0.087559.
#Time:464.332# Starting grasp 69.
#Time:467.332# Grasp 69 has 0.0424953 shift and 0.0669355 rotation.
#Time:470.934# Finished grasp 69. Grasp success: 0. Grasp shift: 1.22189. In-hand rotation: 0.519498.
#Time:471.144# Starting grasp 70.
#Time:474.144# Grasp 70 has 0.0460359 shift and 0.0882201 rotation.
#Time:477.746# Finished grasp 70. Grasp success: 0. Grasp shift: 1.0093. In-hand rotation: 0.196687.
#Time:477.956# Starting grasp 71.
#Time:480.956# Grasp 71 has 0.0259662 shift and 0.0396019 rotation.
#Time:484.558# Finished grasp 71. Grasp success: 0. Grasp shift: 0.997145. In-hand rotation: 0.0522775.
#Time:484.768# Starting grasp 72.
#Time:487.768# Grasp 72 has 0.0325779 shift and 0.0490466 rotation.
#Time:491.37# Finished grasp 72. Grasp success: 0. Grasp shift: 1.25018. In-hand rotation: 0.536146.
#Time:491.58# Starting grasp 73.
#Time:494.58# Grasp 73 has 0.0377703 shift and 0.0561474 rotation.
#Time:498.182# Finished grasp 73. Grasp success: 0. Grasp shift: 1.00677. In-hand rotation: 0.0438439.
#Time:498.392# Starting grasp 74.
#Time:501.392# Grasp 74 has 0.0299107 shift and 0.0461414 rotation.
#Time:504.994# Finished grasp 74. Grasp success: 0. Grasp shift: 1.00723. In-hand rotation: 0.0398955.
#Time:505.204# Starting grasp 75.
#Time:508.204# Grasp 75 has 0.029856 shift and 0.0467943 rotation.
#Time:511.806# Finished grasp 75. Grasp success: 0. Grasp shift: 1.00547. In-hand rotation: 0.0308797.
#Time:512.016# Starting grasp 76.
#Time:515.016# Grasp 76 has 0.0446975 shift and 0.0678716 rotation.
#Time:518.618# Finished grasp 76. Grasp success: 0. Grasp shift: 1.01834. In-hand rotation: 0.160382.
#Time:518.828# Starting grasp 77.
#Time:521.828# Grasp 77 has 0.0324021 shift and 0.0502442 rotation.
#Time:525.43# Finished grasp 77. Grasp success: 0. Grasp shift: 1.00008. In-hand rotation: 0.0776149.
#Time:525.64# Starting grasp 78.
#Time:528.64# Grasp 78 has 0.023439 shift and 0.0361076 rotation.
#Time:532.242# Finished grasp 78. Grasp success: 0. Grasp shift: 1.00537. In-hand rotation: 0.0305021.
#Time:532.452# Starting grasp 79.
#Time:535.452# Grasp 79 has 0.010121 shift and 0.0177462 rotation.
#Time:539.054# Finished grasp 79. Grasp success: 0. Grasp shift: 1.00295. In-hand rotation: 0.0145457.
#Time:539.264# Starting grasp 80.
#Time:542.264# Grasp 80 has 0.0347504 shift and 0.0611778 rotation.
#Time:545.866# Finished grasp 80. Grasp success: 0. Grasp shift: 1.00717. In-hand rotation: 0.0574843.
#Time:546.076# Starting grasp 81.
#Time:549.076# Grasp 81 has 0.0426823 shift and 0.0645819 rotation.
#Time:552.678# Finished grasp 81. Grasp success: 0. Grasp shift: 1.01362. In-hand rotation: 0.155296.
#Time:552.888# Starting grasp 82.
#Time:555.888# Grasp 82 has 0.0403565 shift and 0.0612772 rotation.
#Time:559.49# Finished grasp 82. Grasp success: 0. Grasp shift: 1.00229. In-hand rotation: 0.102703.
#Time:559.7# Starting grasp 83.
#Time:562.7# Grasp 83 has 0.0414498 shift and 0.0627929 rotation.
#Time:566.302# Finished grasp 83. Grasp success: 0. Grasp shift: 1.21746. In-hand rotation: 0.493015.
#Time:566.512# Starting grasp 84.
#Time:569.512# Grasp 84 has 0.0394727 shift and 0.0598915 rotation.
#Time:573.114# Finished grasp 84. Grasp success: 0. Grasp shift: 1.21988. In-hand rotation: 0.537459.
#Time:573.324# Starting grasp 85.
#Time:576.324# Grasp 85 has 0.0292642 shift and 0.0443104 rotation.
#Time:579.926# Finished grasp 85. Grasp success: 0. Grasp shift: 1.00765. In-hand rotation: 0.0440353.
#Time:580.136# Starting grasp 86.
#Time:583.136# Grasp 86 has 0.0471706 shift and 0.0716793 rotation.
#Time:586.738# Finished grasp 86. Grasp success: 0. Grasp shift: 0.999306. In-hand rotation: 0.0343057.
#Time:586.948# Starting grasp 87.
#Time:589.948# Grasp 87 has 0.0368964 shift and 0.0557362 rotation.
#Time:593.55# Finished grasp 87. Grasp success: 0. Grasp shift: 1.01421. In-hand rotation: 0.156387.
#Time:593.76# Starting grasp 88.
#Time:596.76# Grasp 88 has 0.0656119 shift and 0.100514 rotation.
#Time:600.362# Finished grasp 88. Grasp success: 0. Grasp shift: 1.01309. In-hand rotation: 0.100912.
#Time:600.572# Starting grasp 89.
#Time:603.572# Grasp 89 has 0.0291098 shift and 0.0428869 rotation.
#Time:607.174# Finished grasp 89. Grasp success: 0. Grasp shift: 1.01321. In-hand rotation: 0.17641.
#Time:607.384# Starting grasp 90.
#Time:610.384# Grasp 90 has 0.0264723 shift and 0.0430768 rotation.
#Time:613.986# Finished grasp 90. Grasp success: 1. Grasp shift: 0.0411901. In-hand rotation: 0.100085.
#Time:614.196# Starting grasp 91.
#Time:617.196# Grasp 91 has 0.0444406 shift and 0.0772145 rotation.
#Time:620.798# Finished grasp 91. Grasp success: 1. Grasp shift: 0.0340047. In-hand rotation: 0.0708574.
#Time:621.008# Starting grasp 92.
#Time:624.008# Grasp 92 has 0.118751 shift and 0.224938 rotation.
#Time:627.61# Finished grasp 92. Grasp success: 0. Grasp shift: 1.00101. In-hand rotation: 0.00219491.
#Time:627.82# Starting grasp 93.
#Time:630.82# Grasp 93 has 0.0955261 shift and 0.167491 rotation.
#Time:634.422# Finished grasp 93. Grasp success: 0. Grasp shift: 1.01286. In-hand rotation: 0.0639807.
