./tmp/data/8SfeXl/8SfeXl.log opened!
QPOS STABLE
-1.20715e-11 -1.5368e-11 9.99986 -1.4349e-05 1 3.26874e-07 8.51135e-07 0.000554119 0.0871958 0.0872529 0.087263 0.000108847 0.0897057 0.0877345 0.0873728 8.90293e-09 0.089715 0.0877363 0.0873732 -0.000108822 0.0897057 0.0877345 0.0873728 -0.000419543 0.0896778 0.0877291 0.0873715 0.0742871 -0.00756765 -0.136947 0.659319 -0.116991 0.131287 -0.73101 
RGB Azimuth Elevation Distance:66.8078 -36.6625 1
RGB Lookat:0.182186 0.31994 -0.517884
CAM POS: -0.158539 -0.406769 0.0792167
RGB CAM POS: -0.133721 -0.417402 0.0792167
RGB CAM LOOKAT: 0.182186 0.31994 -0.517884
CAM GAZE: 0.315907 0.737342 -0.5971
CAM VIEWPORT: 0.157368 0.330573 -0.517884
CAM RIGHT: 0.919189 -0.393817 0
CAM UP: 0.235148 0.548848 0.802167
CAM 2 POS: -0.0896 -0.436305 0.0792167
Depth image captured!
Time difference = 1493
File successfully uploaded to Dropbox.
Waiting for trajectories.
Number of grasps:354
Moving on to grasping.
#Time:1# Starting grasp 1.
#Time:4# Grasp 1 has 0.0109662 shift and 0.0276652 rotation.
#Time:7.602# Finished grasp 1. Grasp success: 1. Grasp shift: 0.0225898. In-hand rotation: 0.192777.
#Time:7.812# Starting grasp 2.
#Time:10.812# Grasp 2 has 0.00627977 shift and 0.0105438 rotation.
#Time:14.414# Finished grasp 2. Grasp success: 1. Grasp shift: 0.00630018. In-hand rotation: 0.0468175.
#Time:14.624# Starting grasp 3.
#Time:17.624# Grasp 3 has 0.00257221 shift and 0.02017 rotation.
#Time:21.226# Finished grasp 3. Grasp success: 0. Grasp shift: 1.21268. In-hand rotation: 0.618394.
#Time:21.436# Starting grasp 4.
#Time:24.436# Grasp 4 has 0.00424467 shift and 0.0211375 rotation.
#Time:28.038# Finished grasp 4. Grasp success: 0. Grasp shift: 1.00751. In-hand rotation: 0.0357876.
#Time:28.248# Starting grasp 5.
#Time:31.248# Grasp 5 has 0.0114124 shift and 0.0143681 rotation.
#Time:34.85# Finished grasp 5. Grasp success: 1. Grasp shift: 0.00268429. In-hand rotation: 0.0360005.
#Time:35.06# Starting grasp 6.
#Time:38.06# Grasp 6 has 0.00358811 shift and 0.0121194 rotation.
#Time:41.662# Finished grasp 6. Grasp success: 1. Grasp shift: 0.00825601. In-hand rotation: 0.0479021.
#Time:41.872# Starting grasp 7.
#Time:44.872# Grasp 7 has 0.00864996 shift and 0.0193055 rotation.
#Time:48.474# Finished grasp 7. Grasp success: 0. Grasp shift: 0.998731. In-hand rotation: 0.0436736.
#Time:48.684# Starting grasp 8.
#Time:51.684# Grasp 8 has 0.0154758 shift and 0.0219273 rotation.
#Time:55.286# Finished grasp 8. Grasp success: 1. Grasp shift: 0.0203068. In-hand rotation: 0.107255.
#Time:55.496# Starting grasp 9.
#Time:58.496# Grasp 9 has 0.0104157 shift and 0.0242928 rotation.
#Time:62.098# Finished grasp 9. Grasp success: 0. Grasp shift: 1.00036. In-hand rotation: 0.00586479.
#Time:62.308# Starting grasp 10.
#Time:65.308# Grasp 10 has 0.00580828 shift and 0.0174861 rotation.
#Time:68.91# Finished grasp 10. Grasp success: 0. Grasp shift: 1.00535. In-hand rotation: 0.0245819.
#Time:69.12# Starting grasp 11.
#Time:72.12# Grasp 11 has 0.00671493 shift and 0.011413 rotation.
#Time:75.722# Finished grasp 11. Grasp success: 0. Grasp shift: 1.14286. In-hand rotation: 0.633556.
#Time:75.932# Starting grasp 12.
#Time:78.932# Grasp 12 has 0.00700062 shift and 0.00376022 rotation.
#Time:82.534# Finished grasp 12. Grasp success: 1. Grasp shift: 0.00300179. In-hand rotation: 0.038488.
#Time:82.744# Starting grasp 13.
#Time:85.744# Grasp 13 has 0.00329652 shift and 0.00479768 rotation.
#Time:89.346# Finished grasp 13. Grasp success: 0. Grasp shift: 0.999719. In-hand rotation: 0.00246871.
#Time:89.556# Starting grasp 14.
#Time:92.556# Grasp 14 has 0.0163738 shift and 0.0358149 rotation.
#Time:96.158# Finished grasp 14. Grasp success: 1. Grasp shift: 0.0201617. In-hand rotation: 0.149507.
#Time:96.368# Starting grasp 15.
#Time:99.368# Grasp 15 has 0.00749205 shift and 0.0119509 rotation.
#Time:102.97# Finished grasp 15. Grasp success: 1. Grasp shift: 0.00156398. In-hand rotation: 0.0201775.
#Time:103.18# Starting grasp 16.
#Time:106.18# Grasp 16 has 0.00931272 shift and 0.0155674 rotation.
#Time:109.782# Finished grasp 16. Grasp success: 0. Grasp shift: 1.23751. In-hand rotation: 0.381181.
#Time:109.992# Starting grasp 17.
#Time:112.992# Grasp 17 has 0.0135569 shift and 0.0318394 rotation.
#Time:116.594# Finished grasp 17. Grasp success: 1. Grasp shift: 0.010899. In-hand rotation: 0.0872843.
#Time:116.804# Starting grasp 18.
#Time:119.804# Grasp 18 has 0.00299703 shift and 0.00713369 rotation.
#Time:123.406# Finished grasp 18. Grasp success: 1. Grasp shift: 0.00468728. In-hand rotation: 0.0377006.
#Time:123.616# Starting grasp 19.
#Time:126.616# Grasp 19 has 0.00720287 shift and 0.00758235 rotation.
#Time:130.218# Finished grasp 19. Grasp success: 1. Grasp shift: 0.00510895. In-hand rotation: 0.0356975.
#Time:130.428# Starting grasp 20.
#Time:133.428# Grasp 20 has 0.00508847 shift and 0.0170196 rotation.
#Time:137.03# Finished grasp 20. Grasp success: 0. Grasp shift: 1.24484. In-hand rotation: 0.620251.
#Time:137.24# Starting grasp 21.
#Time:140.24# Grasp 21 has 0.00565641 shift and 0.0255812 rotation.
#Time:143.842# Finished grasp 21. Grasp success: 0. Grasp shift: 1.22419. In-hand rotation: 0.616005.
#Time:144.052# Starting grasp 22.
#Time:147.052# Grasp 22 has 0.00810018 shift and 0.0141337 rotation.
#Time:150.654# Finished grasp 22. Grasp success: 0. Grasp shift: 1.2267. In-hand rotation: 0.386127.
#Time:150.864# Starting grasp 23.
#Time:153.864# Grasp 23 has 0.0120151 shift and 0.0155173 rotation.
#Time:157.466# Finished grasp 23. Grasp success: 1. Grasp shift: 0.00219906. In-hand rotation: 0.027461.
#Time:157.676# Starting grasp 24.
#Time:160.676# Grasp 24 has 0.00791897 shift and 0.0111341 rotation.
#Time:164.278# Finished grasp 24. Grasp success: 1. Grasp shift: 0.0127785. In-hand rotation: 0.0813079.
#Time:164.488# Starting grasp 25.
#Time:167.488# Grasp 25 has 0.0124696 shift and 0.0273249 rotation.
#Time:171.09# Finished grasp 25. Grasp success: 1. Grasp shift: 0.0225655. In-hand rotation: 0.1436.
#Time:171.3# Starting grasp 26.
#Time:174.3# Grasp 26 has 0.0118186 shift and 0.0176756 rotation.
#Time:177.902# Finished grasp 26. Grasp success: 0. Grasp shift: 0.996151. In-hand rotation: 0.0799494.
#Time:178.112# Starting grasp 27.
#Time:181.112# Grasp 27 has 0.00635131 shift and 0.00806127 rotation.
#Time:184.714# Finished grasp 27. Grasp success: 1. Grasp shift: 0.00519794. In-hand rotation: 0.0518635.
#Time:184.924# Starting grasp 28.
#Time:187.924# Grasp 28 has 0.00579329 shift and 0.0107068 rotation.
#Time:191.526# Finished grasp 28. Grasp success: 1. Grasp shift: 0.0217785. In-hand rotation: 0.147511.
#Time:191.736# Starting grasp 29.
#Time:194.736# Grasp 29 has 0.00568094 shift and 0.012003 rotation.
#Time:198.338# Finished grasp 29. Grasp success: 0. Grasp shift: 1.21418. In-hand rotation: 0.564581.
#Time:198.548# Starting grasp 30.
#Time:201.548# Grasp 30 has 0.00971796 shift and 0.0174249 rotation.
#Time:205.15# Finished grasp 30. Grasp success: 1. Grasp shift: 0.00960909. In-hand rotation: 0.0719282.
#Time:205.36# Starting grasp 31.
#Time:208.36# Grasp 31 has 0.00422217 shift and 0.00863459 rotation.
#Time:211.962# Finished grasp 31. Grasp success: 1. Grasp shift: 0.00731396. In-hand rotation: 0.0436993.
#Time:212.172# Starting grasp 32.
#Time:215.172# Grasp 32 has 0.020534 shift and 0.0420558 rotation.
#Time:218.774# Finished grasp 32. Grasp success: 1. Grasp shift: 0.0370096. In-hand rotation: 0.257979.
#Time:218.984# Starting grasp 33.
#Time:221.984# Grasp 33 has 0.004779 shift and 0.00836527 rotation.
#Time:225.586# Finished grasp 33. Grasp success: 0. Grasp shift: 1.00351. In-hand rotation: 0.0137967.
#Time:225.796# Starting grasp 34.
#Time:228.796# Grasp 34 has 0.00164155 shift and 0.003391 rotation.
#Time:232.398# Finished grasp 34. Grasp success: 0. Grasp shift: 1.22672. In-hand rotation: 0.512999.
#Time:232.608# Starting grasp 35.
#Time:235.608# Grasp 35 has 0.00797205 shift and 0.0207973 rotation.
#Time:239.21# Finished grasp 35. Grasp success: 0. Grasp shift: 1.0021. In-hand rotation: 0.0284195.
#Time:239.42# Starting grasp 36.
#Time:242.42# Grasp 36 has 0.00109466 shift and 0.0160062 rotation.
#Time:246.022# Finished grasp 36. Grasp success: 0. Grasp shift: 1.23024. In-hand rotation: 0.530558.
#Time:246.232# Starting grasp 37.
#Time:249.232# Grasp 37 has 0.00515991 shift and 0.00624033 rotation.
#Time:252.834# Finished grasp 37. Grasp success: 1. Grasp shift: 0.0075383. In-hand rotation: 0.0527407.
#Time:253.044# Starting grasp 38.
#Time:256.044# Grasp 38 has 0.00395247 shift and 0.00609784 rotation.
#Time:259.646# Finished grasp 38. Grasp success: 1. Grasp shift: 0.00302946. In-hand rotation: 0.0324983.
#Time:259.856# Starting grasp 39.
#Time:262.856# Grasp 39 has 0.00967342 shift and 0.0230408 rotation.
#Time:266.458# Finished grasp 39. Grasp success: 0. Grasp shift: 1.00699. In-hand rotation: 0.0477316.
#Time:266.668# Starting grasp 40.
#Time:269.668# Grasp 40 has 0.00621603 shift and 0.00796559 rotation.
#Time:273.27# Finished grasp 40. Grasp success: 1. Grasp shift: 0.00415705. In-hand rotation: 0.053396.
#Time:273.48# Starting grasp 41.
#Time:276.48# Grasp 41 has 0.00874089 shift and 0.0116084 rotation.
#Time:280.082# Finished grasp 41. Grasp success: 1. Grasp shift: 0.00799938. In-hand rotation: 0.0544372.
#Time:280.292# Starting grasp 42.
#Time:283.292# Grasp 42 has 0.00440363 shift and 0.0264318 rotation.
#Time:286.894# Finished grasp 42. Grasp success: 1. Grasp shift: 0.00518471. In-hand rotation: 0.0231151.
#Time:287.104# Starting grasp 43.
#Time:290.104# Grasp 43 has 0.00725997 shift and 0.0114979 rotation.
#Time:293.706# Finished grasp 43. Grasp success: 0. Grasp shift: 1.00206. In-hand rotation: 0.00942704.
#Time:293.916# Starting grasp 44.
#Time:296.916# Grasp 44 has 0.00884087 shift and 0.0152801 rotation.
#Time:300.518# Finished grasp 44. Grasp success: 0. Grasp shift: 0.998963. In-hand rotation: 0.0475562.
#Time:300.728# Starting grasp 45.
#Time:303.728# Grasp 45 has 0.0201256 shift and 0.0420735 rotation.
#Time:307.33# Finished grasp 45. Grasp success: 0. Grasp shift: 1.22117. In-hand rotation: 0.440829.
#Time:307.54# Starting grasp 46.
#Time:310.54# Grasp 46 has 0.00734572 shift and 0.0154373 rotation.
#Time:314.142# Finished grasp 46. Grasp success: 0. Grasp shift: 0.994134. In-hand rotation: 0.0294335.
#Time:314.352# Starting grasp 47.
#Time:317.352# Grasp 47 has 0.0158792 shift and 0.0239008 rotation.
#Time:320.954# Finished grasp 47. Grasp success: 1. Grasp shift: 0.0321581. In-hand rotation: 0.120536.
#Time:321.164# Starting grasp 48.
#Time:324.164# Grasp 48 has 0.00869535 shift and 0.0111434 rotation.
#Time:327.766# Finished grasp 48. Grasp success: 1. Grasp shift: 0.00678368. In-hand rotation: 0.0499442.
#Time:327.976# Starting grasp 49.
#Time:330.976# Grasp 49 has 0.00998802 shift and 0.0168844 rotation.
#Time:334.578# Finished grasp 49. Grasp success: 0. Grasp shift: 1.0031. In-hand rotation: 0.0116975.
#Time:334.788# Starting grasp 50.
#Time:337.788# Grasp 50 has 0.00491091 shift and 0.0212729 rotation.
#Time:341.39# Finished grasp 50. Grasp success: 0. Grasp shift: 1.00335. In-hand rotation: 0.0645283.
#Time:341.6# Starting grasp 51.
#Time:344.6# Grasp 51 has 0.00738039 shift and 0.0331541 rotation.
#Time:348.202# Finished grasp 51. Grasp success: 1. Grasp shift: 0.00216694. In-hand rotation: 0.0181662.
#Time:348.412# Starting grasp 52.
#Time:351.412# Grasp 52 has 0.00717257 shift and 0.0154779 rotation.
#Time:355.014# Finished grasp 52. Grasp success: 0. Grasp shift: 1.00115. In-hand rotation: 0.00763479.
#Time:355.224# Starting grasp 53.
#Time:358.224# Grasp 53 has 0.0106604 shift and 0.0190088 rotation.
#Time:361.826# Finished grasp 53. Grasp success: 0. Grasp shift: 1.00297. In-hand rotation: 0.0111807.
#Time:362.036# Starting grasp 54.
#Time:365.036# Grasp 54 has 0.00617588 shift and 0.0189151 rotation.
#Time:368.638# Finished grasp 54. Grasp success: 0. Grasp shift: 1.00575. In-hand rotation: 0.0267112.
#Time:368.848# Starting grasp 55.
#Time:371.848# Grasp 55 has 0.0111249 shift and 0.0194687 rotation.
#Time:375.45# Finished grasp 55. Grasp success: 0. Grasp shift: 1.00288. In-hand rotation: 0.0103505.
#Time:375.66# Starting grasp 56.
#Time:378.66# Grasp 56 has 0.0142649 shift and 0.0246255 rotation.
#Time:382.262# Finished grasp 56. Grasp success: 0. Grasp shift: 1.00312. In-hand rotation: 0.0112106.
#Time:382.472# Starting grasp 57.
#Time:385.472# Grasp 57 has 0.0118189 shift and 0.0190878 rotation.
#Time:389.074# Finished grasp 57. Grasp success: 0. Grasp shift: 1.00301. In-hand rotation: 0.0116091.
#Time:389.284# Starting grasp 58.
#Time:392.284# Grasp 58 has 0.00820896 shift and 0.0144695 rotation.
#Time:395.886# Finished grasp 58. Grasp success: 0. Grasp shift: 1.00312. In-hand rotation: 0.011346.
#Time:396.096# Starting grasp 59.
#Time:399.096# Grasp 59 has 0.0133564 shift and 0.0215499 rotation.
#Time:402.698# Finished grasp 59. Grasp success: 0. Grasp shift: 1.00241. In-hand rotation: 0.0093803.
#Time:402.908# Starting grasp 60.
#Time:405.908# Grasp 60 has 0.00406617 shift and 0.0217155 rotation.
#Time:409.51# Finished grasp 60. Grasp success: 0. Grasp shift: 1.02678. In-hand rotation: 0.225024.
#Time:409.72# Starting grasp 61.
#Time:412.72# Grasp 61 has 0.0118594 shift and 0.0192989 rotation.
#Time:416.322# Finished grasp 61. Grasp success: 0. Grasp shift: 1.00245. In-hand rotation: 0.0123857.
#Time:416.532# Starting grasp 62.
#Time:419.532# Grasp 62 has 0.0110557 shift and 0.0176292 rotation.
#Time:423.134# Finished grasp 62. Grasp success: 0. Grasp shift: 1.0027. In-hand rotation: 0.0107764.
#Time:423.344# Starting grasp 63.
#Time:426.344# Grasp 63 has 0.0107301 shift and 0.0183583 rotation.
#Time:429.946# Finished grasp 63. Grasp success: 0. Grasp shift: 1.00308. In-hand rotation: 0.0113228.
#Time:430.156# Starting grasp 64.
#Time:433.156# Grasp 64 has 0.0123215 shift and 0.0209452 rotation.
#Time:436.758# Finished grasp 64. Grasp success: 0. Grasp shift: 1.00308. In-hand rotation: 0.0114152.
#Time:436.968# Starting grasp 65.
#Time:439.968# Grasp 65 has 0.0113747 shift and 0.019492 rotation.
#Time:443.57# Finished grasp 65. Grasp success: 0. Grasp shift: 1.00272. In-hand rotation: 0.0104784.
#Time:443.78# Starting grasp 66.
#Time:446.78# Grasp 66 has 0.0117527 shift and 0.0336798 rotation.
#Time:450.382# Finished grasp 66. Grasp success: 0. Grasp shift: 0.999738. In-hand rotation: 0.103403.
#Time:450.592# Starting grasp 67.
#Time:453.592# Grasp 67 has 0.0016967 shift and 0.02106 rotation.
#Time:457.194# Finished grasp 67. Grasp success: 0. Grasp shift: 1.21845. In-hand rotation: 0.554132.
#Time:457.404# Starting grasp 68.
#Time:460.404# Grasp 68 has 0.010771 shift and 0.0173783 rotation.
#Time:464.006# Finished grasp 68. Grasp success: 0. Grasp shift: 1.00261. In-hand rotation: 0.0105789.
#Time:464.216# Starting grasp 69.
#Time:467.216# Grasp 69 has 0.0101919 shift and 0.0200242 rotation.
#Time:470.818# Finished grasp 69. Grasp success: 0. Grasp shift: 0.99768. In-hand rotation: 0.0150192.
#Time:471.028# Starting grasp 70.
#Time:474.028# Grasp 70 has 0.00853805 shift and 0.0134586 rotation.
#Time:477.63# Finished grasp 70. Grasp success: 0. Grasp shift: 1.00235. In-hand rotation: 0.0109286.
#Time:477.84# Starting grasp 71.
#Time:480.84# Grasp 71 has 0.0122985 shift and 0.0218423 rotation.
#Time:484.442# Finished grasp 71. Grasp success: 0. Grasp shift: 1.0029. In-hand rotation: 0.010094.
#Time:484.652# Starting grasp 72.
#Time:487.652# Grasp 72 has 0.0106212 shift and 0.0177609 rotation.
#Time:491.254# Finished grasp 72. Grasp success: 0. Grasp shift: 1.00248. In-hand rotation: 0.0101351.
#Time:491.464# Starting grasp 73.
#Time:494.464# Grasp 73 has 0.00968351 shift and 0.0145549 rotation.
#Time:498.066# Finished grasp 73. Grasp success: 0. Grasp shift: 1.00376. In-hand rotation: 0.0131255.
#Time:498.276# Starting grasp 74.
#Time:501.276# Grasp 74 has 0.0162365 shift and 0.027721 rotation.
#Time:504.878# Finished grasp 74. Grasp success: 0. Grasp shift: 1.00206. In-hand rotation: 0.00810178.
#Time:505.088# Starting grasp 75.
#Time:508.088# Grasp 75 has 0.0100599 shift and 0.0170128 rotation.
#Time:511.69# Finished grasp 75. Grasp success: 0. Grasp shift: 1.00264. In-hand rotation: 0.0104392.
#Time:511.9# Starting grasp 76.
#Time:514.9# Grasp 76 has 0.00907493 shift and 0.014328 rotation.
#Time:518.502# Finished grasp 76. Grasp success: 0. Grasp shift: 1.00274. In-hand rotation: 0.0110961.
#Time:518.712# Starting grasp 77.
#Time:521.712# Grasp 77 has 0.0150297 shift and 0.0248571 rotation.
#Time:525.314# Finished grasp 77. Grasp success: 0. Grasp shift: 1.00305. In-hand rotation: 0.011124.
#Time:525.524# Starting grasp 78.
#Time:528.524# Grasp 78 has 0.0144036 shift and 0.0238448 rotation.
#Time:532.126# Finished grasp 78. Grasp success: 0. Grasp shift: 1.00292. In-hand rotation: 0.0107376.
#Time:532.336# Starting grasp 79.
#Time:535.336# Grasp 79 has 0.0131532 shift and 0.0233453 rotation.
#Time:538.938# Finished grasp 79. Grasp success: 0. Grasp shift: 1.0032. In-hand rotation: 0.0122641.
#Time:539.148# Starting grasp 80.
#Time:542.148# Grasp 80 has 0.0155923 shift and 0.0264778 rotation.
#Time:545.75# Finished grasp 80. Grasp success: 0. Grasp shift: 1.00301. In-hand rotation: 0.0108558.
#Time:545.96# Starting grasp 81.
#Time:548.96# Grasp 81 has 0.00914751 shift and 0.0143887 rotation.
#Time:552.562# Finished grasp 81. Grasp success: 0. Grasp shift: 1.00275. In-hand rotation: 0.0106446.
#Time:552.772# Starting grasp 82.
#Time:555.772# Grasp 82 has 0.000995231 shift and 0.0136941 rotation.
#Time:559.374# Finished grasp 82. Grasp success: 1. Grasp shift: 0.00817233. In-hand rotation: 0.0231811.
#Time:559.584# Starting grasp 83.
#Time:562.584# Grasp 83 has 0.012684 shift and 0.0208885 rotation.
#Time:566.186# Finished grasp 83. Grasp success: 0. Grasp shift: 1.00273. In-hand rotation: 0.0102875.
#Time:566.396# Starting grasp 84.
#Time:569.396# Grasp 84 has 0.00605362 shift and 0.0301729 rotation.
#Time:572.998# Finished grasp 84. Grasp success: 0. Grasp shift: 1.21967. In-hand rotation: 0.371073.
#Time:573.208# Starting grasp 85.
#Time:576.208# Grasp 85 has 0.0098073 shift and 0.0176364 rotation.
#Time:579.81# Finished grasp 85. Grasp success: 0. Grasp shift: 1.00314. In-hand rotation: 0.0116477.
#Time:580.02# Starting grasp 86.
#Time:583.02# Grasp 86 has 0.0110264 shift and 0.0175977 rotation.
#Time:586.622# Finished grasp 86. Grasp success: 0. Grasp shift: 1.00281. In-hand rotation: 0.0110579.
#Time:586.832# Starting grasp 87.
#Time:589.832# Grasp 87 has 0.00990819 shift and 0.0169469 rotation.
#Time:593.434# Finished grasp 87. Grasp success: 0. Grasp shift: 1.00278. In-hand rotation: 0.0108404.
#Time:593.644# Starting grasp 88.
#Time:596.644# Grasp 88 has 0.00814428 shift and 0.0342577 rotation.
#Time:600.246# Finished grasp 88. Grasp success: 1. Grasp shift: 0.00577746. In-hand rotation: 0.0291088.
#Time:600.456# Starting grasp 89.
#Time:603.456# Grasp 89 has 0.00602793 shift and 0.0155039 rotation.
#Time:607.058# Finished grasp 89. Grasp success: 0. Grasp shift: 1.00571. In-hand rotation: 0.0560028.
#Time:607.268# Starting grasp 90.
#Time:610.268# Grasp 90 has 0.0115561 shift and 0.0192415 rotation.
#Time:613.87# Finished grasp 90. Grasp success: 0. Grasp shift: 1.00308. In-hand rotation: 0.0114851.
#Time:614.08# Starting grasp 91.
#Time:617.08# Grasp 91 has 0.0129839 shift and 0.0210527 rotation.
#Time:620.682# Finished grasp 91. Grasp success: 0. Grasp shift: 1.00265. In-hand rotation: 0.010397.
#Time:620.892# Starting grasp 92.
#Time:623.892# Grasp 92 has 0.0165663 shift and 0.0261545 rotation.
#Time:627.494# Finished grasp 92. Grasp success: 0. Grasp shift: 1.00293. In-hand rotation: 0.0115695.
#Time:627.704# Starting grasp 93.
#Time:630.704# Grasp 93 has 0.00982616 shift and 0.0171654 rotation.
#Time:634.306# Finished grasp 93. Grasp success: 0. Grasp shift: 1.00277. In-hand rotation: 0.0108793.
#Time:634.516# Starting grasp 94.
#Time:637.516# Grasp 94 has 0.0237026 shift and 0.0444199 rotation.
#Time:641.118# Finished grasp 94. Grasp success: 0. Grasp shift: 1.08986. In-hand rotation: 0.299384.
#Time:641.328# Starting grasp 95.
#Time:644.328# Grasp 95 has 0.00611492 shift and 0.0267278 rotation.
#Time:647.93# Finished grasp 95. Grasp success: 0. Grasp shift: 1.00904. In-hand rotation: 0.0876793.
#Time:648.14# Starting grasp 96.
#Time:651.14# Grasp 96 has 0.00180624 shift and 0.0194258 rotation.
#Time:654.742# Finished grasp 96. Grasp success: 1. Grasp shift: 0.00132186. In-hand rotation: 0.00832412.
#Time:654.952# Starting grasp 97.
#Time:657.952# Grasp 97 has 0.0102297 shift and 0.0178004 rotation.
#Time:661.554# Finished grasp 97. Grasp success: 0. Grasp shift: 1.00268. In-hand rotation: 0.0103707.
#Time:661.764# Starting grasp 98.
#Time:664.764# Grasp 98 has 0.0134441 shift and 0.0236737 rotation.
#Time:668.366# Finished grasp 98. Grasp success: 0. Grasp shift: 1.00291. In-hand rotation: 0.0107389.
#Time:668.576# Starting grasp 99.
#Time:671.576# Grasp 99 has 0.00401445 shift and 0.022877 rotation.
#Time:675.178# Finished grasp 99. Grasp success: 1. Grasp shift: 0.00250301. In-hand rotation: 0.0130254.
#Time:675.388# Starting grasp 100.
#Time:678.388# Grasp 100 has 0.00431383 shift and 0.0166351 rotation.
#Time:681.99# Finished grasp 100. Grasp success: 1. Grasp shift: 0.00136019. In-hand rotation: 0.00568615.
#Time:682.2# Starting grasp 101.
#Time:685.2# Grasp 101 has 0.0165164 shift and 0.0291146 rotation.
#Time:688.802# Finished grasp 101. Grasp success: 0. Grasp shift: 1.00307. In-hand rotation: 0.0104266.
#Time:689.012# Starting grasp 102.
#Time:692.012# Grasp 102 has 0.0103322 shift and 0.0166821 rotation.
#Time:695.614# Finished grasp 102. Grasp success: 0. Grasp shift: 1.00275. In-hand rotation: 0.00994532.
#Time:695.824# Starting grasp 103.
#Time:698.824# Grasp 103 has 0.0121718 shift and 0.0218741 rotation.
#Time:702.426# Finished grasp 103. Grasp success: 0. Grasp shift: 1.00269. In-hand rotation: 0.0104565.
#Time:702.636# Starting grasp 104.
#Time:705.636# Grasp 104 has 0.00603415 shift and 0.0227919 rotation.
#Time:709.238# Finished grasp 104. Grasp success: 0. Grasp shift: 1.00471. In-hand rotation: 0.025652.
#Time:709.448# Starting grasp 105.
#Time:712.448# Grasp 105 has 0.0124765 shift and 0.0207738 rotation.
#Time:716.05# Finished grasp 105. Grasp success: 0. Grasp shift: 1.00287. In-hand rotation: 0.0105679.
#Time:716.26# Starting grasp 106.
#Time:719.26# Grasp 106 has 0.0113856 shift and 0.0210403 rotation.
#Time:722.862# Finished grasp 106. Grasp success: 0. Grasp shift: 1.00047. In-hand rotation: 0.0663564.
#Time:723.072# Starting grasp 107.
#Time:726.072# Grasp 107 has 0.00320856 shift and 0.00896169 rotation.
#Time:729.674# Finished grasp 107. Grasp success: 1. Grasp shift: 0.0010749. In-hand rotation: 0.00476567.
#Time:729.884# Starting grasp 108.
#Time:732.884# Grasp 108 has 0.0232799 shift and 0.045382 rotation.
#Time:736.486# Finished grasp 108. Grasp success: 0. Grasp shift: 1.00428. In-hand rotation: 0.0905096.
#Time:736.696# Starting grasp 109.
#Time:739.696# Grasp 109 has 0.00312096 shift and 0.0141475 rotation.
#Time:743.298# Finished grasp 109. Grasp success: 1. Grasp shift: 0.000819719. In-hand rotation: 0.00199495.
#Time:743.508# Starting grasp 110.
#Time:746.508# Grasp 110 has 0.00164448 shift and 0.0116201 rotation.
#Time:750.11# Finished grasp 110. Grasp success: 1. Grasp shift: 0.00110759. In-hand rotation: 0.00772854.
#Time:750.32# Starting grasp 111.
#Time:753.32# Grasp 111 has 0.00200177 shift and 0.0222509 rotation.
#Time:756.922# Finished grasp 111. Grasp success: 1. Grasp shift: 0.00213186. In-hand rotation: 0.023558.
#Time:757.132# Starting grasp 112.
#Time:760.132# Grasp 112 has 0.0100201 shift and 0.0180875 rotation.
#Time:763.734# Finished grasp 112. Grasp success: 0. Grasp shift: 1.00325. In-hand rotation: 0.0121431.
#Time:763.944# Starting grasp 113.
#Time:766.944# Grasp 113 has 0.00775649 shift and 0.0158488 rotation.
#Time:770.546# Finished grasp 113. Grasp success: 0. Grasp shift: 1.00934. In-hand rotation: 0.0338137.
#Time:770.756# Starting grasp 114.
#Time:773.756# Grasp 114 has 0.009732 shift and 0.0156267 rotation.
#Time:777.358# Finished grasp 114. Grasp success: 0. Grasp shift: 1.00235. In-hand rotation: 0.0131401.
#Time:777.568# Starting grasp 115.
#Time:780.568# Grasp 115 has 0.00882899 shift and 0.0140033 rotation.
#Time:784.17# Finished grasp 115. Grasp success: 0. Grasp shift: 1.00269. In-hand rotation: 0.0105029.
#Time:784.38# Starting grasp 116.
#Time:787.38# Grasp 116 has 0.00904028 shift and 0.0146536 rotation.
#Time:790.982# Finished grasp 116. Grasp success: 0. Grasp shift: 1.00256. In-hand rotation: 0.010198.
#Time:791.192# Starting grasp 117.
#Time:794.192# Grasp 117 has 0.00333866 shift and 0.0187055 rotation.
#Time:797.794# Finished grasp 117. Grasp success: 0. Grasp shift: 1.23375. In-hand rotation: 0.543212.
#Time:798.004# Starting grasp 118.
#Time:801.004# Grasp 118 has 0.00305749 shift and 0.0255525 rotation.
#Time:804.606# Finished grasp 118. Grasp success: 1. Grasp shift: 0.00155944. In-hand rotation: 0.00441333.
#Time:804.816# Starting grasp 119.
#Time:807.816# Grasp 119 has 0.00910635 shift and 0.0149177 rotation.
#Time:811.418# Finished grasp 119. Grasp success: 0. Grasp shift: 1.00276. In-hand rotation: 0.00986226.
#Time:811.628# Starting grasp 120.
#Time:814.628# Grasp 120 has 0.000987665 shift and 0.00465134 rotation.
#Time:818.23# Finished grasp 120. Grasp success: 1. Grasp shift: 0.00123362. In-hand rotation: 0.00530797.
#Time:818.44# Starting grasp 121.
#Time:821.44# Grasp 121 has 0.0104191 shift and 0.0172173 rotation.
#Time:825.042# Finished grasp 121. Grasp success: 0. Grasp shift: 1.00183. In-hand rotation: 0.00691159.
#Time:825.252# Starting grasp 122.
#Time:828.252# Grasp 122 has 0.00239823 shift and 0.00454694 rotation.
#Time:831.854# Finished grasp 122. Grasp success: 1. Grasp shift: 0.00138257. In-hand rotation: 0.00235816.
#Time:832.064# Starting grasp 123.
#Time:835.064# Grasp 123 has 0.00260203 shift and 0.0176843 rotation.
#Time:838.666# Finished grasp 123. Grasp success: 0. Grasp shift: 0.997981. In-hand rotation: 0.0169508.
#Time:838.876# Starting grasp 124.
#Time:841.876# Grasp 124 has 0.00705678 shift and 0.0198052 rotation.
#Time:845.478# Finished grasp 124. Grasp success: 1. Grasp shift: 0.0016661. In-hand rotation: 0.00951338.
#Time:845.688# Starting grasp 125.
#Time:848.688# Grasp 125 has 0.00634121 shift and 0.0124185 rotation.
#Time:852.29# Finished grasp 125. Grasp success: 0. Grasp shift: 1.01314. In-hand rotation: 0.164802.
#Time:852.5# Starting grasp 126.
#Time:855.5# Grasp 126 has 0.00852299 shift and 0.0151336 rotation.
#Time:859.102# Finished grasp 126. Grasp success: 0. Grasp shift: 1.00317. In-hand rotation: 0.0116082.
#Time:859.312# Starting grasp 127.
#Time:862.312# Grasp 127 has 0.00715958 shift and 0.0160252 rotation.
#Time:865.914# Finished grasp 127. Grasp success: 1. Grasp shift: 0.00192179. In-hand rotation: 0.00615338.
#Time:866.124# Starting grasp 128.
#Time:869.124# Grasp 128 has 0.00302416 shift and 0.0113659 rotation.
#Time:872.726# Finished grasp 128. Grasp success: 0. Grasp shift: 1.01065. In-hand rotation: 0.113437.
#Time:872.936# Starting grasp 129.
#Time:875.936# Grasp 129 has 0.0107635 shift and 0.017271 rotation.
#Time:879.538# Finished grasp 129. Grasp success: 0. Grasp shift: 1.00161. In-hand rotation: 0.00589059.
#Time:879.748# Starting grasp 130.
#Time:882.748# Grasp 130 has 0.00100274 shift and 0.0157706 rotation.
#Time:886.35# Finished grasp 130. Grasp success: 1. Grasp shift: 0.00108981. In-hand rotation: 0.00227501.
#Time:886.56# Starting grasp 131.
#Time:889.56# Grasp 131 has 0.00123936 shift and 0.0186112 rotation.
#Time:893.162# Finished grasp 131. Grasp success: 1. Grasp shift: 0.00153108. In-hand rotation: 0.0184292.
#Time:893.372# Starting grasp 132.
#Time:896.372# Grasp 132 has 0.00534303 shift and 0.0189059 rotation.
#Time:899.974# Finished grasp 132. Grasp success: 0. Grasp shift: 1.2335. In-hand rotation: 0.569516.
#Time:900.184# Starting grasp 133.
#Time:903.184# Grasp 133 has 0.00498817 shift and 0.0138217 rotation.
#Time:906.786# Finished grasp 133. Grasp success: 0. Grasp shift: 1.20343. In-hand rotation: 0.537741.
#Time:906.996# Starting grasp 134.
#Time:909.996# Grasp 134 has 0.000962191 shift and 0.0173295 rotation.
#Time:913.598# Finished grasp 134. Grasp success: 1. Grasp shift: 0.0011586. In-hand rotation: 0.00172766.
#Time:913.808# Starting grasp 135.
#Time:916.808# Grasp 135 has 0.0146913 shift and 0.0238374 rotation.
#Time:920.41# Finished grasp 135. Grasp success: 0. Grasp shift: 1.00249. In-hand rotation: 0.00872835.
#Time:920.62# Starting grasp 136.
#Time:923.62# Grasp 136 has 0.0091629 shift and 0.0151571 rotation.
#Time:927.222# Finished grasp 136. Grasp success: 0. Grasp shift: 1.00304. In-hand rotation: 0.0122488.
#Time:927.432# Starting grasp 137.
#Time:930.432# Grasp 137 has 0.00981339 shift and 0.0150522 rotation.
#Time:934.034# Finished grasp 137. Grasp success: 0. Grasp shift: 1.00256. In-hand rotation: 0.00987478.
#Time:934.244# Starting grasp 138.
#Time:937.244# Grasp 138 has 0.00248182 shift and 0.0146652 rotation.
#Time:940.846# Finished grasp 138. Grasp success: 1. Grasp shift: 0.00176486. In-hand rotation: 0.0173148.
#Time:941.056# Starting grasp 139.
#Time:944.056# Grasp 139 has 0.00272887 shift and 0.0143808 rotation.
#Time:947.658# Finished grasp 139. Grasp success: 1. Grasp shift: 0.00295662. In-hand rotation: 0.051506.
#Time:947.868# Starting grasp 140.
#Time:950.868# Grasp 140 has 0.00770172 shift and 0.0140166 rotation.
#Time:954.47# Finished grasp 140. Grasp success: 0. Grasp shift: 1.22385. In-hand rotation: 0.375609.
#Time:954.68# Starting grasp 141.
#Time:957.68# Grasp 141 has 0.00799238 shift and 0.025309 rotation.
#Time:961.282# Finished grasp 141. Grasp success: 1. Grasp shift: 0.00944158. In-hand rotation: 0.0243815.
#Time:961.492# Starting grasp 142.
#Time:964.492# Grasp 142 has 0.00803009 shift and 0.0133635 rotation.
#Time:968.094# Finished grasp 142. Grasp success: 0. Grasp shift: 1.2201. In-hand rotation: 0.374567.
#Time:968.304# Starting grasp 143.
#Time:971.304# Grasp 143 has 0.00709701 shift and 0.0157894 rotation.
#Time:974.906# Finished grasp 143. Grasp success: 1. Grasp shift: 0.00344506. In-hand rotation: 0.00514585.
#Time:975.116# Starting grasp 144.
#Time:978.116# Grasp 144 has 0.00932514 shift and 0.0175547 rotation.
#Time:981.718# Finished grasp 144. Grasp success: 0. Grasp shift: 1.00791. In-hand rotation: 0.038268.
#Time:981.928# Starting grasp 145.
#Time:984.928# Grasp 145 has 0.000590018 shift and 0.00959073 rotation.
#Time:988.53# Finished grasp 145. Grasp success: 1. Grasp shift: 0.00109235. In-hand rotation: 0.00635667.
#Time:988.74# Starting grasp 146.
#Time:991.74# Grasp 146 has 0.00425211 shift and 0.0194163 rotation.
#Time:995.342# Finished grasp 146. Grasp success: 0. Grasp shift: 1.24528. In-hand rotation: 0.521067.
#Time:995.552# Starting grasp 147.
#Time:998.552# Grasp 147 has 0.00435036 shift and 0.021367 rotation.
#Time:1002.15# Finished grasp 147. Grasp success: 1. Grasp shift: 0.00625719. In-hand rotation: 0.0234795.
#Time:1002.36# Starting grasp 148.
#Time:1005.36# Grasp 148 has 0.00537144 shift and 0.0177525 rotation.
#Time:1008.97# Finished grasp 148. Grasp success: 0. Grasp shift: 1.22315. In-hand rotation: 0.373598.
#Time:1009.18# Starting grasp 149.
#Time:1012.18# Grasp 149 has 0.00449366 shift and 0.0160778 rotation.
#Time:1015.78# Finished grasp 149. Grasp success: 1. Grasp shift: 0.00438291. In-hand rotation: 0.037448.
#Time:1015.99# Starting grasp 150.
#Time:1018.99# Grasp 150 has 0.0177568 shift and 0.0268929 rotation.
#Time:1022.59# Finished grasp 150. Grasp success: 1. Grasp shift: 0.0217853. In-hand rotation: 0.0284712.
#Time:1022.8# Starting grasp 151.
#Time:1025.8# Grasp 151 has 0.0113019 shift and 0.0240545 rotation.
#Time:1029.4# Finished grasp 151. Grasp success: 1. Grasp shift: 0.0598145. In-hand rotation: 0.135536.
#Time:1029.61# Starting grasp 152.
#Time:1032.61# Grasp 152 has 0.00448332 shift and 0.0147681 rotation.
#Time:1036.21# Finished grasp 152. Grasp success: 1. Grasp shift: 0.00408441. In-hand rotation: 0.0215554.
#Time:1036.42# Starting grasp 153.
#Time:1039.42# Grasp 153 has 0.00528455 shift and 0.0194956 rotation.
#Time:1043.03# Finished grasp 153. Grasp success: 1. Grasp shift: 0.00561382. In-hand rotation: 0.0387687.
#Time:1043.24# Starting grasp 154.
#Time:1046.24# Grasp 154 has 0.00118339 shift and 0.0174169 rotation.
#Time:1049.84# Finished grasp 154. Grasp success: 1. Grasp shift: 0.00138554. In-hand rotation: 0.0068914.
#Time:1050.05# Starting grasp 155.
#Time:1053.05# Grasp 155 has 0.00284112 shift and 0.00455022 rotation.
#Time:1056.65# Finished grasp 155. Grasp success: 1. Grasp shift: 0.0554156. In-hand rotation: 0.140784.
#Time:1056.86# Starting grasp 156.
#Time:1059.86# Grasp 156 has 0.00419077 shift and 0.0163674 rotation.
#Time:1063.46# Finished grasp 156. Grasp success: 1. Grasp shift: 0.00307759. In-hand rotation: 0.0144801.
#Time:1063.67# Starting grasp 157.
#Time:1066.67# Grasp 157 has 0.00464568 shift and 0.011837 rotation.
#Time:1070.27# Finished grasp 157. Grasp success: 1. Grasp shift: 0.024016. In-hand rotation: 0.0718041.
#Time:1070.48# Starting grasp 158.
#Time:1073.48# Grasp 158 has 0.00436582 shift and 0.0157508 rotation.
#Time:1077.09# Finished grasp 158. Grasp success: 1. Grasp shift: 0.00359015. In-hand rotation: 0.0130173.
#Time:1077.3# Starting grasp 159.
#Time:1080.3# Grasp 159 has 0.0147558 shift and 0.0225108 rotation.
#Time:1083.9# Finished grasp 159. Grasp success: 0. Grasp shift: 1.00031. In-hand rotation: 0.0277233.
#Time:1084.11# Starting grasp 160.
#Time:1087.11# Grasp 160 has 0.00295587 shift and 0.0189532 rotation.
#Time:1090.71# Finished grasp 160. Grasp success: 1. Grasp shift: 0.00223419. In-hand rotation: 0.0338422.
#Time:1090.92# Starting grasp 161.
#Time:1093.92# Grasp 161 has 0.00435455 shift and 0.0185672 rotation.
#Time:1097.52# Finished grasp 161. Grasp success: 1. Grasp shift: 0.00235371. In-hand rotation: 0.00884962.
#Time:1097.73# Starting grasp 162.
#Time:1100.73# Grasp 162 has 0.00113851 shift and 0.0098653 rotation.
#Time:1104.33# Finished grasp 162. Grasp success: 1. Grasp shift: 0.00123749. In-hand rotation: 0.00521063.
#Time:1104.54# Starting grasp 163.
#Time:1107.54# Grasp 163 has 0.0109795 shift and 0.0133789 rotation.
#Time:1111.15# Finished grasp 163. Grasp success: 1. Grasp shift: 0.0043058. In-hand rotation: 0.0389387.
#Time:1111.36# Starting grasp 164.
#Time:1114.36# Grasp 164 has 0.00982359 shift and 0.0206899 rotation.
#Time:1117.96# Finished grasp 164. Grasp success: 1. Grasp shift: 0.0173143. In-hand rotation: 0.0422397.
#Time:1118.17# Starting grasp 165.
#Time:1121.17# Grasp 165 has 0.01322 shift and 0.020211 rotation.
#Time:1124.77# Finished grasp 165. Grasp success: 0. Grasp shift: 1.00138. In-hand rotation: 0.015301.
#Time:1124.98# Starting grasp 166.
#Time:1127.98# Grasp 166 has 0.00496418 shift and 0.0196763 rotation.
#Time:1131.58# Finished grasp 166. Grasp success: 1. Grasp shift: 0.0181918. In-hand rotation: 0.0400606.
#Time:1131.79# Starting grasp 167.
#Time:1134.79# Grasp 167 has 0.00651013 shift and 0.00629447 rotation.
#Time:1138.39# Finished grasp 167. Grasp success: 0. Grasp shift: 1.00702. In-hand rotation: 0.0427919.
#Time:1138.6# Starting grasp 168.
#Time:1141.6# Grasp 168 has 0.00289492 shift and 0.0169638 rotation.
#Time:1145.21# Finished grasp 168. Grasp success: 1. Grasp shift: 0.00417548. In-hand rotation: 0.0155036.
#Time:1145.42# Starting grasp 169.
#Time:1148.42# Grasp 169 has 0.00229585 shift and 0.0159456 rotation.
#Time:1152.02# Finished grasp 169. Grasp success: 1. Grasp shift: 0.0127618. In-hand rotation: 0.122633.
#Time:1152.23# Starting grasp 170.
#Time:1155.23# Grasp 170 has 0.00332021 shift and 0.0126012 rotation.
#Time:1158.83# Finished grasp 170. Grasp success: 1. Grasp shift: 0.00147141. In-hand rotation: 0.0026069.
#Time:1159.04# Starting grasp 171.
#Time:1162.04# Grasp 171 has 0.0113598 shift and 0.0159863 rotation.
#Time:1165.64# Finished grasp 171. Grasp success: 0. Grasp shift: 1.0146. In-hand rotation: 0.244183.
#Time:1165.85# Starting grasp 172.
#Time:1168.85# Grasp 172 has 0.00836945 shift and 0.0206684 rotation.
#Time:1172.45# Finished grasp 172. Grasp success: 1. Grasp shift: 0.00144776. In-hand rotation: 0.00256495.
#Time:1172.66# Starting grasp 173.
#Time:1175.66# Grasp 173 has 0.0122174 shift and 0.0144949 rotation.
#Time:1179.27# Finished grasp 173. Grasp success: 1. Grasp shift: 0.00335531. In-hand rotation: 0.0124997.
#Time:1179.48# Starting grasp 174.
#Time:1182.48# Grasp 174 has 0.00909579 shift and 0.0108394 rotation.
#Time:1186.08# Finished grasp 174. Grasp success: 1. Grasp shift: 0.0150268. In-hand rotation: 0.0345012.
#Time:1186.29# Starting grasp 175.
#Time:1189.29# Grasp 175 has 0.00732539 shift and 0.011113 rotation.
#Time:1192.89# Finished grasp 175. Grasp success: 0. Grasp shift: 0.999619. In-hand rotation: 0.00231208.
#Time:1193.1# Starting grasp 176.
#Time:1196.1# Grasp 176 has 0.00866288 shift and 0.0230083 rotation.
#Time:1199.7# Finished grasp 176. Grasp success: 1. Grasp shift: 0.0155642. In-hand rotation: 0.0337496.
#Time:1199.91# Starting grasp 177.
#Time:1202.91# Grasp 177 has 0.0141894 shift and 0.0227132 rotation.
#Time:1206.51# Finished grasp 177. Grasp success: 0. Grasp shift: 1.00291. In-hand rotation: 0.0149183.
#Time:1206.72# Starting grasp 178.
#Time:1209.72# Grasp 178 has 0.0315264 shift and 0.0479288 rotation.
#Time:1213.33# Finished grasp 178. Grasp success: 1. Grasp shift: 0.0332424. In-hand rotation: 0.0687685.
#Time:1213.54# Starting grasp 179.
#Time:1216.54# Grasp 179 has 0.0065755 shift and 0.0139515 rotation.
#Time:1220.14# Finished grasp 179. Grasp success: 0. Grasp shift: 1.21109. In-hand rotation: 0.544609.
#Time:1220.35# Starting grasp 180.
#Time:1223.35# Grasp 180 has 0.0019388 shift and 0.00247659 rotation.
#Time:1226.95# Finished grasp 180. Grasp success: 0. Grasp shift: 0.999219. In-hand rotation: 0.0199933.
#Time:1227.16# Starting grasp 181.
#Time:1230.16# Grasp 181 has 0.0118587 shift and 0.00976835 rotation.
#Time:1233.76# Finished grasp 181. Grasp success: 0. Grasp shift: 1.01269. In-hand rotation: 0.0739514.
#Time:1233.97# Starting grasp 182.
#Time:1236.97# Grasp 182 has 0.00226683 shift and 0.00622128 rotation.
#Time:1240.57# Finished grasp 182. Grasp success: 1. Grasp shift: 0.00200391. In-hand rotation: 0.0148032.
#Time:1240.78# Starting grasp 183.
#Time:1243.78# Grasp 183 has 0.00768131 shift and 0.01176 rotation.
#Time:1247.39# Finished grasp 183. Grasp success: 0. Grasp shift: 0.995166. In-hand rotation: 0.0287284.
#Time:1247.6# Starting grasp 184.
#Time:1250.6# Grasp 184 has 0.00493904 shift and 0.0221445 rotation.
#Time:1254.2# Finished grasp 184. Grasp success: 0. Grasp shift: 1.00285. In-hand rotation: 0.088817.
#Time:1254.41# Starting grasp 185.
#Time:1257.41# Grasp 185 has 0.0466414 shift and 0.0854505 rotation.
#Time:1261.01# Finished grasp 185. Grasp success: 0. Grasp shift: 0.995392. In-hand rotation: 0.0872201.
#Time:1261.22# Starting grasp 186.
#Time:1264.22# Grasp 186 has 0.00305245 shift and 0.0213079 rotation.
#Time:1267.82# Finished grasp 186. Grasp success: 0. Grasp shift: 1.003. In-hand rotation: 0.166743.
#Time:1268.03# Starting grasp 187.
#Time:1271.03# Grasp 187 has 0.0210552 shift and 0.030944 rotation.
#Time:1274.63# Finished grasp 187. Grasp success: 0. Grasp shift: 1.01649. In-hand rotation: 0.192934.
#Time:1274.84# Starting grasp 188.
#Time:1277.84# Grasp 188 has 0.000156761 shift and 0.000367419 rotation.
#Time:1281.45# Finished grasp 188. Grasp success: 0. Grasp shift: 1.00034. In-hand rotation: 0.00193522.
#Time:1281.66# Starting grasp 189.
#Time:1284.66# Grasp 189 has 0.00973204 shift and 0.0302866 rotation.
#Time:1288.26# Finished grasp 189. Grasp success: 1. Grasp shift: 0.0175867. In-hand rotation: 0.12617.
#Time:1288.47# Starting grasp 190.
#Time:1291.47# Grasp 190 has 0.00699432 shift and 0.0107512 rotation.
#Time:1295.07# Finished grasp 190. Grasp success: 0. Grasp shift: 1.22213. In-hand rotation: 0.412418.
#Time:1295.28# Starting grasp 191.
#Time:1298.28# Grasp 191 has 0.00636242 shift and 0.00463856 rotation.
#Time:1301.88# Finished grasp 191. Grasp success: 0. Grasp shift: 1.0068. In-hand rotation: 0.0346404.
#Time:1302.09# Starting grasp 192.
#Time:1305.09# Grasp 192 has 0.00741928 shift and 0.0103449 rotation.
#Time:1308.69# Finished grasp 192. Grasp success: 0. Grasp shift: 1.00137. In-hand rotation: 0.00778863.
#Time:1308.9# Starting grasp 193.
#Time:1311.9# Grasp 193 has 0.0361337 shift and 0.0643696 rotation.
#Time:1315.51# Finished grasp 193. Grasp success: 0. Grasp shift: 1.00862. In-hand rotation: 0.212222.
#Time:1315.72# Starting grasp 194.
#Time:1318.72# Grasp 194 has 0.0156543 shift and 0.0246875 rotation.
#Time:1322.32# Finished grasp 194. Grasp success: 0. Grasp shift: 1.00131. In-hand rotation: 0.0170988.
#Time:1322.53# Starting grasp 195.
#Time:1325.53# Grasp 195 has 0.0234873 shift and 0.0387858 rotation.
#Time:1329.13# Finished grasp 195. Grasp success: 0. Grasp shift: 1.00153. In-hand rotation: 0.0432761.
#Time:1329.34# Starting grasp 196.
#Time:1332.34# Grasp 196 has 0.00331692 shift and 0.0153537 rotation.
#Time:1335.94# Finished grasp 196. Grasp success: 0. Grasp shift: 1.00291. In-hand rotation: 0.0402647.
#Time:1336.15# Starting grasp 197.
#Time:1339.15# Grasp 197 has 0.0038818 shift and 0.0188382 rotation.
#Time:1342.75# Finished grasp 197. Grasp success: 1. Grasp shift: 0.00182332. In-hand rotation: 0.00804158.
#Time:1342.96# Starting grasp 198.
#Time:1345.96# Grasp 198 has 0.0162673 shift and 0.0258691 rotation.
#Time:1349.57# Finished grasp 198. Grasp success: 0. Grasp shift: 0.999243. In-hand rotation: 0.0105833.
#Time:1349.78# Starting grasp 199.
#Time:1352.78# Grasp 199 has 0.0163743 shift and 0.0239179 rotation.
#Time:1356.38# Finished grasp 199. Grasp success: 0. Grasp shift: 1.00065. In-hand rotation: 0.0216027.
#Time:1356.59# Starting grasp 200.
#Time:1359.59# Grasp 200 has 0.00446084 shift and 0.0101466 rotation.
#Time:1363.19# Finished grasp 200. Grasp success: 0. Grasp shift: 1.00494. In-hand rotation: 0.0314136.
#Time:1363.4# Starting grasp 201.
#Time:1366.4# Grasp 201 has 0.00622177 shift and 0.00646836 rotation.
#Time:1370# Finished grasp 201. Grasp success: 1. Grasp shift: 0.00220648. In-hand rotation: 0.00290136.
#Time:1370.21# Starting grasp 202.
#Time:1373.21# Grasp 202 has 0.00420629 shift and 0.016719 rotation.
#Time:1376.81# Finished grasp 202. Grasp success: 0. Grasp shift: 1.23933. In-hand rotation: 0.609072.
#Time:1377.02# Starting grasp 203.
#Time:1380.02# Grasp 203 has 0.00697628 shift and 0.0090207 rotation.
#Time:1383.63# Finished grasp 203. Grasp success: 1. Grasp shift: 0.00369729. In-hand rotation: 0.00942988.
#Time:1383.84# Starting grasp 204.
#Time:1386.84# Grasp 204 has 0.0102058 shift and 0.0304926 rotation.
#Time:1390.44# Finished grasp 204. Grasp success: 0. Grasp shift: 1.00547. In-hand rotation: 0.0253616.
#Time:1390.65# Starting grasp 205.
#Time:1393.65# Grasp 205 has 0.00986734 shift and 0.0221576 rotation.
#Time:1397.25# Finished grasp 205. Grasp success: 0. Grasp shift: 1.22465. In-hand rotation: 0.588617.
#Time:1397.46# Starting grasp 206.
#Time:1400.46# Grasp 206 has 0.0149385 shift and 0.0419743 rotation.
#Time:1404.06# Finished grasp 206. Grasp success: 0. Grasp shift: 1.20829. In-hand rotation: 0.632981.
#Time:1404.27# Starting grasp 207.
#Time:1407.27# Grasp 207 has 0.0126045 shift and 0.0165752 rotation.
#Time:1410.87# Finished grasp 207. Grasp success: 0. Grasp shift: 1.00165. In-hand rotation: 0.0273539.
#Time:1411.08# Starting grasp 208.
#Time:1414.08# Grasp 208 has 0.012981 shift and 0.0246388 rotation.
#Time:1417.69# Finished grasp 208. Grasp success: 0. Grasp shift: 1.00282. In-hand rotation: 0.0105321.
#Time:1417.9# Starting grasp 209.
#Time:1420.9# Grasp 209 has 0.0178302 shift and 0.0265361 rotation.
#Time:1424.5# Finished grasp 209. Grasp success: 1. Grasp shift: 0.00711305. In-hand rotation: 0.0206602.
#Time:1424.71# Starting grasp 210.
#Time:1427.71# Grasp 210 has 0.00651448 shift and 0.00593553 rotation.
#Time:1431.31# Finished grasp 210. Grasp success: 0. Grasp shift: 0.999866. In-hand rotation: 0.00896638.
#Time:1431.52# Starting grasp 211.
#Time:1434.52# Grasp 211 has 0.00840483 shift and 0.0117253 rotation.
#Time:1438.12# Finished grasp 211. Grasp success: 0. Grasp shift: 1.00178. In-hand rotation: 0.0104866.
#Time:1438.33# Starting grasp 212.
#Time:1441.33# Grasp 212 has 0.038811 shift and 0.0675906 rotation.
#Time:1444.93# Finished grasp 212. Grasp success: 0. Grasp shift: 0.998152. In-hand rotation: 0.0805625.
#Time:1445.14# Starting grasp 213.
#Time:1448.14# Grasp 213 has 0.00795806 shift and 0.0132472 rotation.
#Time:1451.75# Finished grasp 213. Grasp success: 0. Grasp shift: 1.23098. In-hand rotation: 0.574823.
#Time:1451.96# Starting grasp 214.
#Time:1454.96# Grasp 214 has 0.0082169 shift and 0.00728062 rotation.
#Time:1458.56# Finished grasp 214. Grasp success: 1. Grasp shift: 0.00111381. In-hand rotation: 0.000863366.
#Time:1458.77# Starting grasp 215.
#Time:1461.77# Grasp 215 has 0.0068924 shift and 0.0151755 rotation.
#Time:1465.37# Finished grasp 215. Grasp success: 0. Grasp shift: 1.00011. In-hand rotation: 0.110372.
#Time:1465.58# Starting grasp 216.
#Time:1468.58# Grasp 216 has 0.0057954 shift and 0.021234 rotation.
#Time:1472.18# Finished grasp 216. Grasp success: 0. Grasp shift: 1.04223. In-hand rotation: 0.101895.
#Time:1472.39# Starting grasp 217.
#Time:1475.39# Grasp 217 has 0.0185353 shift and 0.0370913 rotation.
#Time:1478.99# Finished grasp 217. Grasp success: 0. Grasp shift: 0.995935. In-hand rotation: 0.115804.
#Time:1479.2# Starting grasp 218.
#Time:1482.2# Grasp 218 has 0.0122475 shift and 0.0199538 rotation.
#Time:1485.81# Finished grasp 218. Grasp success: 0. Grasp shift: 1.00283. In-hand rotation: 0.0108421.
#Time:1486.02# Starting grasp 219.
#Time:1489.02# Grasp 219 has 0.0129378 shift and 0.0245363 rotation.
#Time:1492.62# Finished grasp 219. Grasp success: 0. Grasp shift: 1.00033. In-hand rotation: 0.0116828.
#Time:1492.83# Starting grasp 220.
#Time:1495.83# Grasp 220 has 0.0125014 shift and 0.0228268 rotation.
#Time:1499.43# Finished grasp 220. Grasp success: 0. Grasp shift: 0.997739. In-hand rotation: 0.0560416.
#Time:1499.64# Starting grasp 221.
#Time:1502.64# Grasp 221 has 0.0109136 shift and 0.0278811 rotation.
#Time:1506.24# Finished grasp 221. Grasp success: 0. Grasp shift: 0.997096. In-hand rotation: 0.105799.
#Time:1506.45# Starting grasp 222.
#Time:1509.45# Grasp 222 has 0.00554838 shift and 0.0118682 rotation.
#Time:1513.05# Finished grasp 222. Grasp success: 0. Grasp shift: 0.997852. In-hand rotation: 0.187921.
#Time:1513.26# Starting grasp 223.
#Time:1516.26# Grasp 223 has 0.00631216 shift and 0.0115991 rotation.
#Time:1519.87# Finished grasp 223. Grasp success: 0. Grasp shift: 0.993917. In-hand rotation: 0.0268875.
#Time:1520.08# Starting grasp 224.
#Time:1523.08# Grasp 224 has 0.0198183 shift and 0.0321513 rotation.
#Time:1526.68# Finished grasp 224. Grasp success: 0. Grasp shift: 1.00184. In-hand rotation: 0.0119207.
#Time:1526.89# Starting grasp 225.
#Time:1529.89# Grasp 225 has 0.0141979 shift and 0.029061 rotation.
#Time:1533.49# Finished grasp 225. Grasp success: 0. Grasp shift: 1.00366. In-hand rotation: 0.068509.
#Time:1533.7# Starting grasp 226.
#Time:1536.7# Grasp 226 has 0.00529906 shift and 0.00926727 rotation.
#Time:1540.3# Finished grasp 226. Grasp success: 0. Grasp shift: 0.992385. In-hand rotation: 0.0391092.
#Time:1540.51# Starting grasp 227.
#Time:1543.51# Grasp 227 has 0.00355869 shift and 0.0223062 rotation.
#Time:1547.11# Finished grasp 227. Grasp success: 1. Grasp shift: 0.0156234. In-hand rotation: 0.0986481.
#Time:1547.32# Starting grasp 228.
#Time:1550.32# Grasp 228 has 0.0118443 shift and 0.0192141 rotation.
#Time:1553.93# Finished grasp 228. Grasp success: 0. Grasp shift: 1.00148. In-hand rotation: 0.191737.
#Time:1554.14# Starting grasp 229.
#Time:1557.14# Grasp 229 has 0.0166763 shift and 0.0250248 rotation.
#Time:1560.74# Finished grasp 229. Grasp success: 0. Grasp shift: 1.00017. In-hand rotation: 0.0125003.
#Time:1560.95# Starting grasp 230.
#Time:1563.95# Grasp 230 has 0.000510375 shift and 0.00116301 rotation.
#Time:1567.55# Finished grasp 230. Grasp success: 0. Grasp shift: 0.999574. In-hand rotation: 0.00561939.
#Time:1567.76# Starting grasp 231.
#Time:1570.76# Grasp 231 has 0.00393904 shift and 0.0151094 rotation.
#Time:1574.36# Finished grasp 231. Grasp success: 0. Grasp shift: 1.01072. In-hand rotation: 0.107581.
#Time:1574.57# Starting grasp 232.
#Time:1577.57# Grasp 232 has 0.00878236 shift and 0.0153046 rotation.
#Time:1581.17# Finished grasp 232. Grasp success: 0. Grasp shift: 0.997118. In-hand rotation: 0.021747.
#Time:1581.38# Starting grasp 233.
#Time:1584.38# Grasp 233 has 0.0111159 shift and 0.0257159 rotation.
#Time:1587.99# Finished grasp 233. Grasp success: 0. Grasp shift: 1.00201. In-hand rotation: 0.0353785.
#Time:1588.2# Starting grasp 234.
#Time:1591.2# Grasp 234 has 0.0173457 shift and 0.0273861 rotation.
#Time:1594.8# Finished grasp 234. Grasp success: 0. Grasp shift: 1.06621. In-hand rotation: 0.408657.
#Time:1595.01# Starting grasp 235.
#Time:1598.01# Grasp 235 has 0.0120998 shift and 0.0218517 rotation.
#Time:1601.61# Finished grasp 235. Grasp success: 0. Grasp shift: 1.0101. In-hand rotation: 0.126656.
#Time:1601.82# Starting grasp 236.
#Time:1604.82# Grasp 236 has 0.00782734 shift and 0.00857175 rotation.
#Time:1608.42# Finished grasp 236. Grasp success: 0. Grasp shift: 1.00697. In-hand rotation: 0.025085.
#Time:1608.63# Starting grasp 237.
#Time:1611.63# Grasp 237 has 0.0165785 shift and 0.0216098 rotation.
#Time:1615.23# Finished grasp 237. Grasp success: 1. Grasp shift: 0.00803029. In-hand rotation: 0.028195.
#Time:1615.44# Starting grasp 238.
#Time:1618.44# Grasp 238 has 0.00489789 shift and 0.0101433 rotation.
#Time:1622.05# Finished grasp 238. Grasp success: 1. Grasp shift: 0.00321846. In-hand rotation: 0.0176601.
#Time:1622.26# Starting grasp 239.
#Time:1625.26# Grasp 239 has 0.026106 shift and 0.0476705 rotation.
#Time:1628.86# Finished grasp 239. Grasp success: 1. Grasp shift: 0.0267333. In-hand rotation: 0.025119.
#Time:1629.07# Starting grasp 240.
#Time:1632.07# Grasp 240 has 0.0117345 shift and 0.025563 rotation.
#Time:1635.67# Finished grasp 240. Grasp success: 0. Grasp shift: 1.01626. In-hand rotation: 0.213732.
#Time:1635.88# Starting grasp 241.
#Time:1638.88# Grasp 241 has 0.00760664 shift and 0.0245943 rotation.
#Time:1642.48# Finished grasp 241. Grasp success: 0. Grasp shift: 1.20857. In-hand rotation: 0.57176.
#Time:1642.69# Starting grasp 242.
#Time:1645.69# Grasp 242 has 0.029431 shift and 0.0495886 rotation.
#Time:1649.29# Finished grasp 242. Grasp success: 0. Grasp shift: 1.00246. In-hand rotation: 0.00943593.
#Time:1649.5# Starting grasp 243.
#Time:1652.5# Grasp 243 has 0.047626 shift and 0.0706911 rotation.
#Time:1656.11# Finished grasp 243. Grasp success: 0. Grasp shift: 0.999328. In-hand rotation: 0.063806.
#Time:1656.32# Starting grasp 244.
#Time:1659.32# Grasp 244 has 0.0227606 shift and 0.0397852 rotation.
#Time:1662.92# Finished grasp 244. Grasp success: 0. Grasp shift: 1.00517. In-hand rotation: 0.0189705.
#Time:1663.13# Starting grasp 245.
#Time:1666.13# Grasp 245 has 0.00473558 shift and 0.0173983 rotation.
#Time:1669.73# Finished grasp 245. Grasp success: 0. Grasp shift: 1.00775. In-hand rotation: 0.0530841.
#Time:1669.94# Starting grasp 246.
#Time:1672.94# Grasp 246 has 0.0197853 shift and 0.0338025 rotation.
#Time:1676.54# Finished grasp 246. Grasp success: 0. Grasp shift: 1.00672. In-hand rotation: 0.180708.
#Time:1676.75# Starting grasp 247.
#Time:1679.75# Grasp 247 has 0.00879408 shift and 0.00773722 rotation.
#Time:1683.35# Finished grasp 247. Grasp success: 1. Grasp shift: 0.00152947. In-hand rotation: 0.00448559.
#Time:1683.56# Starting grasp 248.
#Time:1686.56# Grasp 248 has 0.00780136 shift and 0.0137733 rotation.
#Time:1690.17# Finished grasp 248. Grasp success: 0. Grasp shift: 1.01101. In-hand rotation: 0.08644.
#Time:1690.38# Starting grasp 249.
#Time:1693.38# Grasp 249 has 0.00458197 shift and 0.0216613 rotation.
#Time:1696.98# Finished grasp 249. Grasp success: 0. Grasp shift: 1.00814. In-hand rotation: 0.0304838.
#Time:1697.19# Starting grasp 250.
#Time:1700.19# Grasp 250 has 0.0196173 shift and 0.035197 rotation.
#Time:1703.79# Finished grasp 250. Grasp success: 0. Grasp shift: 1.00509. In-hand rotation: 0.0200236.
#Time:1704# Starting grasp 251.
#Time:1707# Grasp 251 has 0.0396659 shift and 0.06783 rotation.
#Time:1710.6# Finished grasp 251. Grasp success: 0. Grasp shift: 0.999925. In-hand rotation: 0.138112.
#Time:1710.81# Starting grasp 252.
#Time:1713.81# Grasp 252 has 0.0351908 shift and 0.0715654 rotation.
#Time:1717.41# Finished grasp 252. Grasp success: 0. Grasp shift: 1.23306. In-hand rotation: 0.584719.
#Time:1717.62# Starting grasp 253.
#Time:1720.62# Grasp 253 has 0.0133691 shift and 0.0333152 rotation.
#Time:1724.23# Finished grasp 253. Grasp success: 1. Grasp shift: 0.00359972. In-hand rotation: 0.0054231.
#Time:1724.44# Starting grasp 254.
#Time:1727.44# Grasp 254 has 0.0231896 shift and 0.0389685 rotation.
#Time:1731.04# Finished grasp 254. Grasp success: 0. Grasp shift: 0.999112. In-hand rotation: 0.0422173.
#Time:1731.25# Starting grasp 255.
#Time:1734.25# Grasp 255 has 7.34125e-05 shift and 0.000174492 rotation.
#Time:1737.85# Finished grasp 255. Grasp success: 0. Grasp shift: 0.998828. In-hand rotation: 0.00552784.
#Time:1738.06# Starting grasp 256.
#Time:1741.06# Grasp 256 has 0.0123665 shift and 0.016947 rotation.
#Time:1744.66# Finished grasp 256. Grasp success: 0. Grasp shift: 0.992574. In-hand rotation: 0.0327559.
#Time:1744.87# Starting grasp 257.
#Time:1747.87# Grasp 257 has 0.0367339 shift and 0.0605248 rotation.
#Time:1751.47# Finished grasp 257. Grasp success: 0. Grasp shift: 0.996263. In-hand rotation: 0.0214149.
#Time:1751.68# Starting grasp 258.
#Time:1754.68# Grasp 258 has 0.019768 shift and 0.0353912 rotation.
#Time:1758.29# Finished grasp 258. Grasp success: 0. Grasp shift: 1.00451. In-hand rotation: 0.0173884.
#Time:1758.5# Starting grasp 259.
#Time:1761.5# Grasp 259 has 0.0167823 shift and 0.0329564 rotation.
#Time:1765.1# Finished grasp 259. Grasp success: 0. Grasp shift: 0.994793. In-hand rotation: 0.180943.
