Position of the hand:-0.238037 -0.45393 -0.03
./tmp/data/4ZBeaP/4ZBeaP.log opened!
QPOS STABLE
3.22896e-12 3.9291e-12 9.99986 -1.43499e-05 1 3.26768e-07 8.51252e-07 0.000553634 0.0871958 0.0872529 0.087263 0.000108754 0.0897036 0.0877341 0.0873727 9.37813e-09 0.0897129 0.0877359 0.0873731 -0.000108728 0.0897036 0.0877341 0.0873727 -0.000419189 0.0896757 0.0877288 0.0873715 -0.00741306 -0.00473072 -0.195769 0.0907513 -0.0223309 -0.0174493 0.99547 
RGB Azimuth Elevation Distance:58.6039 -31.037 1
RGB Lookat:0.246715 0.31443 -0.459908
CAM POS: -0.222701 -0.402887 0.0556835
RGB CAM POS: -0.199654 -0.416953 0.0556835
RGB CAM LOOKAT: 0.246715 0.31443 -0.459908
CAM GAZE: 0.446369 0.731383 -0.515591
CAM VIEWPORT: 0.223668 0.328496 -0.459908
CAM RIGHT: 0.853587 -0.520951 0
CAM UP: 0.268598 0.440102 0.856835
CAM 2 POS: -0.158682 -0.441958 0.0556835
Depth image captured!
Time difference = 2073
Waiting for trajectories.
Number of grasps:90
Moving on to grasping.
#Time:2.456# Starting grasp 13.
#Time:5.456# Grasp 13 has 0.0379136 shift and 0.0901351 rotation.
#Time:9.058# Finished grasp 13. Grasp success: 1. Grasp shift: 0.00720803. In-hand rotation: 0.0339443.
#Time:9.268# Starting grasp 14.
#Time:12.268# Grasp 14 has 0.0202587 shift and 0.0388868 rotation.
#Time:15.87# Finished grasp 14. Grasp success: 1. Grasp shift: 0.000865693. In-hand rotation: 0.0025799.
#Time:16.08# Starting grasp 15.
#Time:19.08# Grasp 15 has 0.0321668 shift and 0.0703121 rotation.
#Time:22.682# Finished grasp 15. Grasp success: 1. Grasp shift: 0.00652439. In-hand rotation: 0.0322287.
#Time:22.984# Starting grasp 17.
#Time:25.984# Grasp 17 has 0.0444853 shift and 0.0023046 rotation.
#Time:29.586# Finished grasp 17. Grasp success: 0. Grasp shift: 0.999906. In-hand rotation: 0.0137942.
#Time:29.796# Starting grasp 18.
#Time:32.796# Grasp 18 has 0.0263517 shift and 0.0489193 rotation.
#Time:36.398# Finished grasp 18. Grasp success: 1. Grasp shift: 0.00431221. In-hand rotation: 0.0196945.
#Time:36.608# Starting grasp 19.
#Time:39.608# Grasp 19 has 0.0374667 shift and 0.0703441 rotation.
#Time:43.21# Finished grasp 19. Grasp success: 1. Grasp shift: 0.00254789. In-hand rotation: 0.00937256.
#Time:43.42# Starting grasp 20.
#Time:46.42# Grasp 20 has 0.024143 shift and 0.0443308 rotation.
#Time:50.022# Finished grasp 20. Grasp success: 1. Grasp shift: 0.00722562. In-hand rotation: 0.0251612.
#Time:50.232# Starting grasp 21.
#Time:53.232# Grasp 21 has 0.0105767 shift and 0.0320436 rotation.
#Time:56.834# Finished grasp 21. Grasp success: 1. Grasp shift: 0.013525. In-hand rotation: 0.0320479.
#Time:57.044# Starting grasp 22.
#Time:60.044# Grasp 22 has 0.00308821 shift and 0.0267707 rotation.
#Time:63.646# Finished grasp 22. Grasp success: 1. Grasp shift: 0.00124501. In-hand rotation: 0.00265366.
#Time:63.856# Starting grasp 23.
#Time:66.856# Grasp 23 has 0.0451026 shift and 0.00270523 rotation.
#Time:70.458# Finished grasp 23. Grasp success: 0. Grasp shift: 0.999917. In-hand rotation: 0.000227535.
#Time:70.668# Starting grasp 24.
#Time:73.668# Grasp 24 has 0.0266927 shift and 0.0495847 rotation.
#Time:77.27# Finished grasp 24. Grasp success: 1. Grasp shift: 0.00148734. In-hand rotation: 0.00387687.
#Time:77.576# Starting grasp 26.
#Time:80.576# Grasp 26 has 0.0573892 shift and 0.0745734 rotation.
#Time:84.178# Finished grasp 26. Grasp success: 0. Grasp shift: 1.00289. In-hand rotation: 0.0740502.
#Time:84.388# Starting grasp 27.
#Time:87.388# Grasp 27 has 0.015317 shift and 0.010047 rotation.
#Time:90.99# Finished grasp 27. Grasp success: 0. Grasp shift: 1.15412. In-hand rotation: 0.515009.
#Time:91.3# Starting grasp 29.
#Time:94.3# Grasp 29 has 0.0507892 shift and 0.0505318 rotation.
#Time:97.902# Finished grasp 29. Grasp success: 0. Grasp shift: 1.00253. In-hand rotation: 0.0506861.
#Time:98.3# Starting grasp 32.
#Time:101.3# Grasp 32 has 0.0208092 shift and 0.0438213 rotation.
#Time:104.902# Finished grasp 32. Grasp success: 1. Grasp shift: 0.00885886. In-hand rotation: 0.0461651.
#Time:105.212# Starting grasp 34.
#Time:108.212# Grasp 34 has 0.0243553 shift and 0.0419742 rotation.
#Time:111.814# Finished grasp 34. Grasp success: 0. Grasp shift: 1.0028. In-hand rotation: 0.0336679.
#Time:112.024# Starting grasp 35.
#Time:115.024# Grasp 35 has 0.0319952 shift and 0.00590083 rotation.
#Time:118.626# Finished grasp 35. Grasp success: 0. Grasp shift: 1.00004. In-hand rotation: 0.00387711.
#Time:118.928# Starting grasp 37.
#Time:121.928# Grasp 37 has 0.0164362 shift and 0.00202799 rotation.
#Time:125.53# Finished grasp 37. Grasp success: 0. Grasp shift: 1.14835. In-hand rotation: 0.502529.
#Time:125.832# Starting grasp 39.
#Time:128.832# Grasp 39 has 0.0148848 shift and 0.136006 rotation.
#Time:132.434# Finished grasp 39. Grasp success: 1. Grasp shift: 0.0138957. In-hand rotation: 0.00264084.
#Time:132.644# Starting grasp 40.
#Time:135.644# Grasp 40 has 0.0541655 shift and 0.0771968 rotation.
#Time:139.246# Finished grasp 40. Grasp success: 0. Grasp shift: 1.00421. In-hand rotation: 0.0780218.
#Time:139.456# Starting grasp 41.
#Time:142.456# Grasp 41 has 0.00546448 shift and 0.00499516 rotation.
#Time:146.058# Finished grasp 41. Grasp success: 0. Grasp shift: 1.1397. In-hand rotation: 0.495021.
#Time:146.476# Starting grasp 44.
#Time:149.476# Grasp 44 has 0.0150899 shift and 0.00252979 rotation.
#Time:153.078# Finished grasp 44. Grasp success: 0. Grasp shift: 1.00014. In-hand rotation: 0.00253696.
#Time:153.288# Starting grasp 45.
#Time:156.288# Grasp 45 has 0.0375996 shift and 0.0560319 rotation.
#Time:159.89# Finished grasp 45. Grasp success: 0. Grasp shift: 1.00288. In-hand rotation: 0.0560853.
#Time:160.1# Starting grasp 46.
#Time:163.1# Grasp 46 has 0.0200975 shift and 0.00179334 rotation.
#Time:166.702# Finished grasp 46. Grasp success: 0. Grasp shift: 1.00002. In-hand rotation: 0.00965676.
#Time:166.912# Starting grasp 47.
#Time:169.912# Grasp 47 has 0.00678508 shift and 0.0178653 rotation.
#Time:173.514# Finished grasp 47. Grasp success: 0. Grasp shift: 1.137. In-hand rotation: 0.501106.
#Time:173.724# Starting grasp 48.
#Time:176.724# Grasp 48 has 0.00941985 shift and 0.0234941 rotation.
#Time:180.326# Finished grasp 48. Grasp success: 1. Grasp shift: 0.0123061. In-hand rotation: 0.0131622.
#Time:180.632# Starting grasp 50.
#Time:183.632# Grasp 50 has 0.0188613 shift and 0.00183953 rotation.
#Time:187.234# Finished grasp 50. Grasp success: 0. Grasp shift: 0.999823. In-hand rotation: 0.00351205.
#Time:187.444# Starting grasp 51.
#Time:190.444# Grasp 51 has 0.00826657 shift and 0.0194776 rotation.
#Time:194.046# Finished grasp 51. Grasp success: 1. Grasp shift: 0.00246046. In-hand rotation: 0.00569367.
#Time:194.256# Starting grasp 52.
#Time:197.256# Grasp 52 has 0.0510351 shift and 0.266738 rotation.
#Time:200.858# Finished grasp 52. Grasp success: 1. Grasp shift: 0.00386301. In-hand rotation: 0.0166413.
#Time:201.168# Starting grasp 54.
#Time:204.168# Grasp 54 has 0.0143433 shift and 0.00425699 rotation.
#Time:207.77# Finished grasp 54. Grasp success: 0. Grasp shift: 1.14417. In-hand rotation: 0.500151.
#Time:207.98# Starting grasp 55.
#Time:210.98# Grasp 55 has 0.0587614 shift and 0.088509 rotation.
#Time:214.582# Finished grasp 55. Grasp success: 0. Grasp shift: 1.00425. In-hand rotation: 0.0893628.
#Time:214.792# Starting grasp 56.
#Time:217.792# Grasp 56 has 0.0558344 shift and 0.0821759 rotation.
#Time:221.394# Finished grasp 56. Grasp success: 0. Grasp shift: 1.00383. In-hand rotation: 0.0792907.
#Time:221.604# Starting grasp 57.
#Time:224.604# Grasp 57 has 0.00891219 shift and 0.00235206 rotation.
#Time:228.206# Finished grasp 57. Grasp success: 0. Grasp shift: 1.157. In-hand rotation: 0.500924.
#Time:228.416# Starting grasp 58.
#Time:231.416# Grasp 58 has 0.0646269 shift and 0.122037 rotation.
#Time:235.018# Finished grasp 58. Grasp success: 0. Grasp shift: 1.00088. In-hand rotation: 0.122265.
#Time:235.228# Starting grasp 59.
#Time:238.228# Grasp 59 has 0.0487957 shift and 0.086966 rotation.
#Time:241.83# Finished grasp 59. Grasp success: 0. Grasp shift: 1.00259. In-hand rotation: 0.0862629.
#Time:242.04# Starting grasp 60.
#Time:245.04# Grasp 60 has 0.0242248 shift and 0.0446496 rotation.
#Time:248.642# Finished grasp 60. Grasp success: 0. Grasp shift: 1.00257. In-hand rotation: 0.0448168.
#Time:248.852# Starting grasp 61.
#Time:251.852# Grasp 61 has 0.00800589 shift and 0.0125187 rotation.
#Time:255.454# Finished grasp 61. Grasp success: 1. Grasp shift: 0.0352183. In-hand rotation: 0.161796.
#Time:255.916# Starting grasp 64.
#Time:258.916# Grasp 64 has 0.0024739 shift and 0.00107251 rotation.
#Time:262.518# Finished grasp 64. Grasp success: 1. Grasp shift: 0.0339798. In-hand rotation: 0.125166.
#Time:262.728# Starting grasp 65.
#Time:265.728# Grasp 65 has 0.0106799 shift and 0.00779675 rotation.
#Time:269.33# Finished grasp 65. Grasp success: 1. Grasp shift: 0.0383519. In-hand rotation: 0.170292.
#Time:269.54# Starting grasp 66.
#Time:272.54# Grasp 66 has 0.00731836 shift and 0.0117153 rotation.
#Time:276.142# Finished grasp 66. Grasp success: 1. Grasp shift: 0.0116451. In-hand rotation: 0.0388391.
#Time:276.352# Starting grasp 67.
#Time:279.352# Grasp 67 has 0.0297097 shift and 0.220164 rotation.
#Time:282.954# Finished grasp 67. Grasp success: 0. Grasp shift: 1.14705. In-hand rotation: 0.68382.
#Time:283.344# Starting grasp 70.
#Time:286.344# Grasp 70 has 0.00759428 shift and 0.00277778 rotation.
#Time:289.946# Finished grasp 70. Grasp success: 1. Grasp shift: 0.00819072. In-hand rotation: 0.0553968.
#Time:290.34# Starting grasp 73.
#Time:293.34# Grasp 73 has 0.0310293 shift and 0.025976 rotation.
#Time:296.942# Finished grasp 73. Grasp success: 0. Grasp shift: 1.00181. In-hand rotation: 0.0265097.
#Time:297.152# Starting grasp 74.
#Time:300.152# Grasp 74 has 0.228985 shift and 0.494002 rotation.
#Time:303.754# Finished grasp 74. Grasp success: 0. Grasp shift: 1.00031. In-hand rotation: 0.000572766.
#Time:303.964# Starting grasp 75.
#Time:306.964# Grasp 75 has 0.0568208 shift and 0.0998113 rotation.
#Time:310.566# Finished grasp 75. Grasp success: 0. Grasp shift: 1.00386. In-hand rotation: 0.10257.
#Time:310.876# Starting grasp 77.
#Time:313.876# Grasp 77 has 0.0404846 shift and 0.0840163 rotation.
#Time:317.478# Finished grasp 77. Grasp success: 0. Grasp shift: 1.00327. In-hand rotation: 0.0875625.
#Time:317.688# Starting grasp 78.
#Time:320.688# Grasp 78 has 0.00221463 shift and 0.000692776 rotation.
#Time:324.29# Finished grasp 78. Grasp success: 1. Grasp shift: 0.00743438. In-hand rotation: 0.0287621.
#Time:324.596# Starting grasp 80.
#Time:327.596# Grasp 80 has 0.0513186 shift and 0.0940515 rotation.
#Time:331.198# Finished grasp 80. Grasp success: 0. Grasp shift: 1.00394. In-hand rotation: 0.0961392.
#Time:331.508# Starting grasp 82.
#Time:334.508# Grasp 82 has 0.0554491 shift and 0.0806766 rotation.
#Time:338.11# Finished grasp 82. Grasp success: 0. Grasp shift: 1.00333. In-hand rotation: 0.0841439.
#Time:338.32# Starting grasp 83.
#Time:341.32# Grasp 83 has 0.095779 shift and 0.0883213 rotation.
#Time:344.922# Finished grasp 83. Grasp success: 0. Grasp shift: 1.00255. In-hand rotation: 0.0873592.
#Time:345.132# Starting grasp 84.
#Time:348.132# Grasp 84 has 0.0150094 shift and 0.0248805 rotation.
#Time:351.734# Finished grasp 84. Grasp success: 1. Grasp shift: 0.00167699. In-hand rotation: 0.00900344.
#Time:351.944# Starting grasp 85.
#Time:354.944# Grasp 85 has 0.0525539 shift and 0.0343252 rotation.
#Time:358.546# Finished grasp 85. Grasp success: 0. Grasp shift: 1.00204. In-hand rotation: 0.034059.
#Time:359.016# Starting grasp 89.
#Time:362.016# Grasp 89 has 0.104861 shift and 0.0616135 rotation.
#Time:365.618# Finished grasp 89. Grasp success: 0. Grasp shift: 1.00322. In-hand rotation: 0.0558467.
