Position of the hand:0.389141 -0.308582 -0.047
./tmp/data/TFkPNJ/TFkPNJ.log opened!
QPOS STABLE
-8.30466e-10 -1.07498e-09 9.99986 -1.43021e-05 1 3.32588e-07 8.44612e-07 0.000579224 0.0871958 0.0872529 0.087263 0.000113802 0.0898178 0.0877562 0.0873777 2.10594e-08 0.0898276 0.0877581 0.0873782 -0.000113752 0.0898178 0.0877562 0.0873777 -0.00043881 0.0897887 0.0877506 0.0873765 -3.28074e-07 6.0354e-07 -0.223627 0.246532 -1.81515e-06 1.96446e-06 0.969135 
RGB Azimuth Elevation Distance:140.127 -30.2879 1
RGB Lookat:-0.303619 0.287696 -0.464995
CAM POS: 0.34178 -0.286609 0.0393502
RGB CAM POS: 0.359089 -0.265888 0.0393502
RGB CAM LOOKAT: -0.303619 0.287696 -0.464995
CAM GAZE: -0.662708 0.553584 -0.504345
CAM VIEWPORT: -0.320928 0.266974 -0.464995
CAM RIGHT: 0.641091 0.767465 -0
CAM UP: -0.387067 0.323331 0.863502
CAM 2 POS: 0.389861 -0.229049 0.0393502
Depth image captured!
Time difference = 32017
Waiting for trajectories.
Number of grasps:100
Moving on to grasping.
#Time:0.67# Starting grasp 1.
#Time:3.67# Grasp 1 has 0.162979 shift and 0.351687 rotation.
#Time:7.272# Finished grasp 1. Grasp success: 0. Grasp shift: 1.0188. In-hand rotation: 0.276218.
#Time:7.482# Starting grasp 2.
#Time:10.482# Grasp 2 has 0.178803 shift and 0.451768 rotation.
#Time:14.084# Finished grasp 2. Grasp success: 0. Grasp shift: 1.01883. In-hand rotation: 0.161423.
#Time:14.294# Starting grasp 3.
#Time:17.294# Grasp 3 has 0.185011 shift and 0.455359 rotation.
#Time:20.896# Finished grasp 3. Grasp success: 0. Grasp shift: 1.00955. In-hand rotation: 0.172987.
#Time:21.106# Starting grasp 4.
#Time:24.106# Grasp 4 has 0.172779 shift and 0.367632 rotation.
#Time:27.708# Finished grasp 4. Grasp success: 0. Grasp shift: 1.0287. In-hand rotation: 0.265964.
#Time:27.918# Starting grasp 5.
#Time:30.918# Grasp 5 has 0.160777 shift and 0.350011 rotation.
#Time:34.52# Finished grasp 5. Grasp success: 0. Grasp shift: 1.01819. In-hand rotation: 0.275528.
#Time:34.73# Starting grasp 6.
#Time:37.73# Grasp 6 has 0.166706 shift and 0.367418 rotation.
#Time:41.332# Finished grasp 6. Grasp success: 0. Grasp shift: 1.03009. In-hand rotation: 0.185319.
#Time:41.542# Starting grasp 7.
#Time:44.542# Grasp 7 has 0.0639806 shift and 0.0189771 rotation.
#Time:48.144# Finished grasp 7. Grasp success: 0. Grasp shift: 1.00294. In-hand rotation: 0.0189797.
#Time:48.354# Starting grasp 8.
#Time:51.354# Grasp 8 has 0.154095 shift and 0.343028 rotation.
#Time:54.956# Finished grasp 8. Grasp success: 0. Grasp shift: 1.01995. In-hand rotation: 0.287084.
#Time:55.166# Starting grasp 9.
#Time:58.166# Grasp 9 has 0.183238 shift and 0.464009 rotation.
#Time:61.768# Finished grasp 9. Grasp success: 0. Grasp shift: 1.02407. In-hand rotation: 0.0946533.
#Time:61.978# Starting grasp 10.
#Time:64.978# Grasp 10 has 0.0679101 shift and 0.0824021 rotation.
#Time:68.58# Finished grasp 10. Grasp success: 0. Grasp shift: 1.01158. In-hand rotation: 0.082403.
#Time:68.79# Starting grasp 11.
#Time:71.79# Grasp 11 has 0.0685219 shift and 0.0818535 rotation.
#Time:75.392# Finished grasp 11. Grasp success: 0. Grasp shift: 1.01978. In-hand rotation: 0.081855.
#Time:75.602# Starting grasp 12.
#Time:78.602# Grasp 12 has 0.0648869 shift and 0.102099 rotation.
#Time:82.204# Finished grasp 12. Grasp success: 0. Grasp shift: 1.01109. In-hand rotation: 0.102097.
#Time:82.414# Starting grasp 13.
#Time:85.414# Grasp 13 has 0.092663 shift and 6.65785e-05 rotation.
#Time:89.016# Finished grasp 13. Grasp success: 0. Grasp shift: 0.999861. In-hand rotation: 6.75607e-05.
#Time:89.226# Starting grasp 14.
#Time:92.226# Grasp 14 has 0.0752544 shift and 2.68093e-06 rotation.
#Time:95.828# Finished grasp 14. Grasp success: 0. Grasp shift: 1. In-hand rotation: 7.5891e-08.
#Time:96.038# Starting grasp 15.
#Time:99.038# Grasp 15 has 0.0540999 shift and 1.2174e-06 rotation.
#Time:102.64# Finished grasp 15. Grasp success: 0. Grasp shift: 1. In-hand rotation: 0.
#Time:102.85# Starting grasp 16.
#Time:105.85# Grasp 16 has 0.000601624 shift and 0.000293086 rotation.
#Time:109.452# Finished grasp 16. Grasp success: 0. Grasp shift: 1.05211. In-hand rotation: 0.306104.
#Time:109.662# Starting grasp 17.
#Time:112.662# Grasp 17 has 0.20022 shift and 0.630085 rotation.
#Time:116.264# Finished grasp 17. Grasp success: 0. Grasp shift: 1.01061. In-hand rotation: 0.0451703.
#Time:116.474# Starting grasp 18.
#Time:119.474# Grasp 18 has 0.0746014 shift and 6.42615e-05 rotation.
#Time:123.076# Finished grasp 18. Grasp success: 0. Grasp shift: 0.999996. In-hand rotation: 6.27821e-05.
#Time:123.286# Starting grasp 19.
#Time:126.286# Grasp 19 has 0.0561276 shift and 2.02413e-06 rotation.
#Time:129.888# Finished grasp 19. Grasp success: 0. Grasp shift: 1. In-hand rotation: 1.06061e-08.
#Time:130.098# Starting grasp 20.
#Time:133.098# Grasp 20 has 0.213043 shift and 0.563827 rotation.
#Time:136.7# Finished grasp 20. Grasp success: 0. Grasp shift: 1.01505. In-hand rotation: 0.0760865.
#Time:136.91# Starting grasp 21.
#Time:139.91# Grasp 21 has 0.0795077 shift and 0.00498225 rotation.
#Time:143.512# Finished grasp 21. Grasp success: 0. Grasp shift: 1.00014. In-hand rotation: 0.00498126.
#Time:143.722# Starting grasp 22.
#Time:146.722# Grasp 22 has 0.0808976 shift and 0.0761849 rotation.
#Time:150.324# Finished grasp 22. Grasp success: 0. Grasp shift: 1.01008. In-hand rotation: 0.076187.
#Time:150.534# Starting grasp 23.
#Time:153.534# Grasp 23 has 0.0392592 shift and 7.54927e-07 rotation.
#Time:157.136# Finished grasp 23. Grasp success: 0. Grasp shift: 1. In-hand rotation: 6.95488e-08.
#Time:157.346# Starting grasp 24.
#Time:160.346# Grasp 24 has 0.194385 shift and 0.484466 rotation.
#Time:163.948# Finished grasp 24. Grasp success: 0. Grasp shift: 1.00382. In-hand rotation: 0.0579701.
#Time:164.158# Starting grasp 25.
#Time:167.158# Grasp 25 has 0.0609928 shift and 0.127992 rotation.
#Time:170.76# Finished grasp 25. Grasp success: 0. Grasp shift: 1.11388. In-hand rotation: 0.489568.
#Time:170.97# Starting grasp 26.
#Time:173.97# Grasp 26 has 0.000971038 shift and 0.000192576 rotation.
#Time:177.572# Finished grasp 26. Grasp success: 0. Grasp shift: 0.999987. In-hand rotation: 0.00019224.
#Time:177.782# Starting grasp 27.
#Time:180.782# Grasp 27 has 0.0374682 shift and 0.0890675 rotation.
#Time:184.384# Finished grasp 27. Grasp success: 0. Grasp shift: 1.0104. In-hand rotation: 0.0890673.
#Time:184.594# Starting grasp 28.
#Time:187.594# Grasp 28 has 0.0375076 shift and 0.00322853 rotation.
#Time:191.196# Finished grasp 28. Grasp success: 0. Grasp shift: 1.00061. In-hand rotation: 0.00323021.
#Time:191.406# Starting grasp 29.
#Time:194.406# Grasp 29 has 0.24229 shift and 0.672624 rotation.
#Time:198.008# Finished grasp 29. Grasp success: 0. Grasp shift: 1.01983. In-hand rotation: 0.0438952.
#Time:198.218# Starting grasp 30.
#Time:201.218# Grasp 30 has 0.00931574 shift and 0.0290485 rotation.
#Time:204.82# Finished grasp 30. Grasp success: 0. Grasp shift: 1.00183. In-hand rotation: 0.0290486.
#Time:205.03# Starting grasp 31.
#Time:208.03# Grasp 31 has 0.163863 shift and 0.00360889 rotation.
#Time:211.632# Finished grasp 31. Grasp success: 0. Grasp shift: 1.00056. In-hand rotation: 0.00360675.
#Time:211.842# Starting grasp 32.
#Time:214.842# Grasp 32 has 0.147145 shift and 0.366102 rotation.
#Time:218.444# Finished grasp 32. Grasp success: 0. Grasp shift: 1.02899. In-hand rotation: 0.268113.
#Time:218.654# Starting grasp 33.
#Time:221.654# Grasp 33 has 0.317493 shift and 0.560279 rotation.
#Time:225.256# Finished grasp 33. Grasp success: 0. Grasp shift: 1.02286. In-hand rotation: 0.058335.
#Time:225.466# Starting grasp 34.
#Time:228.466# Grasp 34 has 0.208812 shift and 0.547091 rotation.
#Time:232.068# Finished grasp 34. Grasp success: 0. Grasp shift: 1.01558. In-hand rotation: 0.0905432.
#Time:232.278# Starting grasp 35.
#Time:235.278# Grasp 35 has 0.0052627 shift and 0.00360936 rotation.
#Time:238.88# Finished grasp 35. Grasp success: 0. Grasp shift: 1.06272. In-hand rotation: 0.616774.
#Time:239.09# Starting grasp 36.
#Time:242.09# Grasp 36 has 0.160822 shift and 0.358873 rotation.
#Time:245.692# Finished grasp 36. Grasp success: 0. Grasp shift: 1.01951. In-hand rotation: 0.266618.
#Time:245.902# Starting grasp 37.
#Time:248.902# Grasp 37 has 0.167911 shift and 0.392435 rotation.
#Time:252.504# Finished grasp 37. Grasp success: 0. Grasp shift: 1.01529. In-hand rotation: 0.238977.
#Time:252.714# Starting grasp 38.
#Time:255.714# Grasp 38 has 0.157219 shift and 0.399781 rotation.
#Time:259.316# Finished grasp 38. Grasp success: 0. Grasp shift: 1.009. In-hand rotation: 0.228377.
#Time:259.526# Starting grasp 39.
#Time:262.526# Grasp 39 has 0.059743 shift and 0.0237073 rotation.
#Time:266.128# Finished grasp 39. Grasp success: 0. Grasp shift: 1.00127. In-hand rotation: 0.0237069.
#Time:266.338# Starting grasp 40.
#Time:269.338# Grasp 40 has 0.000816017 shift and 0.00143175 rotation.
#Time:272.94# Finished grasp 40. Grasp success: 0. Grasp shift: 1.00016. In-hand rotation: 0.0014301.
#Time:273.15# Starting grasp 41.
#Time:276.15# Grasp 41 has 0.0996336 shift and 0.0264838 rotation.
#Time:279.752# Finished grasp 41. Grasp success: 0. Grasp shift: 1.00726. In-hand rotation: 0.0264852.
#Time:279.962# Starting grasp 42.
#Time:282.962# Grasp 42 has 0.0819047 shift and 0.0720473 rotation.
#Time:286.564# Finished grasp 42. Grasp success: 0. Grasp shift: 1.02167. In-hand rotation: 0.0720488.
#Time:286.774# Starting grasp 43.
#Time:289.774# Grasp 43 has 0.0031921 shift and 0.00519767 rotation.
#Time:293.376# Finished grasp 43. Grasp success: 0. Grasp shift: 1.00157. In-hand rotation: 0.00519583.
#Time:293.586# Starting grasp 44.
#Time:296.586# Grasp 44 has 0.0618683 shift and 2.44554e-06 rotation.
#Time:300.188# Finished grasp 44. Grasp success: 0. Grasp shift: 1. In-hand rotation: 3.35394e-08.
#Time:300.398# Starting grasp 45.
#Time:303.398# Grasp 45 has 0.0064586 shift and 0.0111362 rotation.
#Time:307# Finished grasp 45. Grasp success: 0. Grasp shift: 1.03344. In-hand rotation: 0.531476.
#Time:307.21# Starting grasp 46.
#Time:310.21# Grasp 46 has 0.0200347 shift and 0.0862811 rotation.
#Time:313.812# Finished grasp 46. Grasp success: 0. Grasp shift: 1.01011. In-hand rotation: 0.0862805.
#Time:314.022# Starting grasp 47.
#Time:317.022# Grasp 47 has 0.233067 shift and 0.643928 rotation.
#Time:320.624# Finished grasp 47. Grasp success: 0. Grasp shift: 1.00265. In-hand rotation: 0.014024.
#Time:320.834# Starting grasp 48.
#Time:323.834# Grasp 48 has 0.0573652 shift and 1.39654e-05 rotation.
#Time:327.436# Finished grasp 48. Grasp success: 0. Grasp shift: 1. In-hand rotation: 1.59268e-05.
#Time:327.646# Starting grasp 49.
#Time:330.646# Grasp 49 has 0.0267339 shift and 5.57866e-05 rotation.
#Time:334.248# Finished grasp 49. Grasp success: 0. Grasp shift: 0.999978. In-hand rotation: 5.40353e-05.
#Time:334.458# Starting grasp 50.
#Time:337.458# Grasp 50 has 0.0718872 shift and 2.25772e-06 rotation.
#Time:341.06# Finished grasp 50. Grasp success: 0. Grasp shift: 1. In-hand rotation: 1.23869e-07.
#Time:341.27# Starting grasp 51.
#Time:344.27# Grasp 51 has 0.0207575 shift and 0.0105666 rotation.
#Time:347.872# Finished grasp 51. Grasp success: 0. Grasp shift: 1.00064. In-hand rotation: 0.0105661.
#Time:348.082# Starting grasp 52.
#Time:351.082# Grasp 52 has 0.0191138 shift and 0.0752988 rotation.
#Time:354.684# Finished grasp 52. Grasp success: 0. Grasp shift: 1.01073. In-hand rotation: 0.075299.
#Time:354.894# Starting grasp 53.
#Time:357.894# Grasp 53 has 0.001093 shift and 0.00143731 rotation.
#Time:361.496# Finished grasp 53. Grasp success: 0. Grasp shift: 1.00017. In-hand rotation: 0.00143654.
#Time:361.706# Starting grasp 54.
#Time:364.706# Grasp 54 has 0.0398442 shift and 0.0903325 rotation.
#Time:368.308# Finished grasp 54. Grasp success: 0. Grasp shift: 1.00156. In-hand rotation: 0.0903322.
#Time:368.518# Starting grasp 55.
#Time:371.518# Grasp 55 has 0.173122 shift and 0.462751 rotation.
#Time:375.12# Finished grasp 55. Grasp success: 0. Grasp shift: 1.02051. In-hand rotation: 0.172949.
#Time:375.33# Starting grasp 56.
#Time:378.33# Grasp 56 has 0.03746 shift and 1.4039e-05 rotation.
#Time:381.932# Finished grasp 56. Grasp success: 0. Grasp shift: 1. In-hand rotation: 1.39797e-05.
#Time:382.142# Starting grasp 57.
#Time:385.142# Grasp 57 has 0.178947 shift and 0.460413 rotation.
#Time:388.744# Finished grasp 57. Grasp success: 0. Grasp shift: 1.01856. In-hand rotation: 0.172749.
#Time:388.954# Starting grasp 58.
#Time:391.954# Grasp 58 has 0.0934274 shift and 0.143929 rotation.
#Time:395.556# Finished grasp 58. Grasp success: 0. Grasp shift: 1.01565. In-hand rotation: 0.143929.
#Time:395.766# Starting grasp 59.
#Time:398.766# Grasp 59 has 0.0458036 shift and 0.154837 rotation.
#Time:402.368# Finished grasp 59. Grasp success: 0. Grasp shift: 1.05808. In-hand rotation: 0.478646.
#Time:402.578# Starting grasp 60.
#Time:405.578# Grasp 60 has 0.214268 shift and 0.585623 rotation.
#Time:409.18# Finished grasp 60. Grasp success: 0. Grasp shift: 1.01112. In-hand rotation: 0.0525263.
#Time:409.39# Starting grasp 61.
#Time:412.39# Grasp 61 has 0.00302946 shift and 0.00694795 rotation.
#Time:415.992# Finished grasp 61. Grasp success: 0. Grasp shift: 1.00046. In-hand rotation: 0.00694692.
#Time:416.202# Starting grasp 62.
#Time:419.202# Grasp 62 has 0.018669 shift and 0.000244638 rotation.
#Time:422.804# Finished grasp 62. Grasp success: 0. Grasp shift: 1. In-hand rotation: 0.000244826.
#Time:423.014# Starting grasp 63.
#Time:426.014# Grasp 63 has 0.145817 shift and 0.352441 rotation.
#Time:429.616# Finished grasp 63. Grasp success: 0. Grasp shift: 1.01855. In-hand rotation: 0.271312.
#Time:429.826# Starting grasp 64.
#Time:432.826# Grasp 64 has 0.0390986 shift and 0.0689683 rotation.
#Time:436.428# Finished grasp 64. Grasp success: 0. Grasp shift: 1.01046. In-hand rotation: 0.0689702.
#Time:436.638# Starting grasp 65.
#Time:439.638# Grasp 65 has 0.204328 shift and 0.497058 rotation.
#Time:443.24# Finished grasp 65. Grasp success: 0. Grasp shift: 0.998857. In-hand rotation: 0.117074.
#Time:443.45# Starting grasp 66.
#Time:446.45# Grasp 66 has 0.137325 shift and 0.349766 rotation.
#Time:450.052# Finished grasp 66. Grasp success: 0. Grasp shift: 1.03124. In-hand rotation: 0.20259.
#Time:450.262# Starting grasp 67.
#Time:453.262# Grasp 67 has 0.0279876 shift and 0.000123508 rotation.
#Time:456.864# Finished grasp 67. Grasp success: 0. Grasp shift: 0.999979. In-hand rotation: 0.000123407.
#Time:457.074# Starting grasp 68.
#Time:460.074# Grasp 68 has 0.147535 shift and 0.351356 rotation.
#Time:463.676# Finished grasp 68. Grasp success: 0. Grasp shift: 1.03002. In-hand rotation: 0.282785.
#Time:463.886# Starting grasp 69.
#Time:466.886# Grasp 69 has 0.055765 shift and 0.000404263 rotation.
#Time:470.488# Finished grasp 69. Grasp success: 0. Grasp shift: 1.00007. In-hand rotation: 0.000405483.
#Time:470.698# Starting grasp 70.
#Time:473.698# Grasp 70 has 0.0207057 shift and 0.028383 rotation.
#Time:477.3# Finished grasp 70. Grasp success: 0. Grasp shift: 1.00812. In-hand rotation: 0.0283837.
#Time:477.51# Starting grasp 71.
#Time:480.51# Grasp 71 has 0.0536707 shift and 0.0219691 rotation.
#Time:484.112# Finished grasp 71. Grasp success: 0. Grasp shift: 1.00358. In-hand rotation: 0.0219697.
#Time:484.322# Starting grasp 72.
#Time:487.322# Grasp 72 has 0.151518 shift and 0.380451 rotation.
#Time:490.924# Finished grasp 72. Grasp success: 0. Grasp shift: 1.02533. In-hand rotation: 0.178388.
#Time:491.134# Starting grasp 73.
#Time:494.134# Grasp 73 has 0.011922 shift and 0.0111192 rotation.
#Time:497.736# Finished grasp 73. Grasp success: 0. Grasp shift: 1.00184. In-hand rotation: 0.0111181.
#Time:497.946# Starting grasp 74.
#Time:500.946# Grasp 74 has 0.0495967 shift and 2.52906e-07 rotation.
#Time:504.548# Finished grasp 74. Grasp success: 0. Grasp shift: 1. In-hand rotation: nan.
#Time:504.758# Starting grasp 75.
#Time:507.758# Grasp 75 has 0.14704 shift and 0.351541 rotation.
#Time:511.36# Finished grasp 75. Grasp success: 0. Grasp shift: 1.0185. In-hand rotation: 0.272336.
#Time:511.57# Starting grasp 76.
#Time:514.57# Grasp 76 has 0.0327439 shift and 0.0223977 rotation.
#Time:518.172# Finished grasp 76. Grasp success: 0. Grasp shift: 1.00355. In-hand rotation: 0.022398.
#Time:518.382# Starting grasp 77.
#Time:521.382# Grasp 77 has 0.1641 shift and 0.415337 rotation.
#Time:524.984# Finished grasp 77. Grasp success: 0. Grasp shift: 1.02517. In-hand rotation: 0.218242.
#Time:525.194# Starting grasp 78.
#Time:528.194# Grasp 78 has 0.033836 shift and 0.00180172 rotation.
#Time:531.796# Finished grasp 78. Grasp success: 0. Grasp shift: 1.00027. In-hand rotation: 0.00180384.
#Time:532.006# Starting grasp 79.
#Time:535.006# Grasp 79 has 0.0369967 shift and 0.0669779 rotation.
#Time:538.608# Finished grasp 79. Grasp success: 0. Grasp shift: 1.002. In-hand rotation: 0.0669768.
#Time:538.818# Starting grasp 80.
#Time:541.818# Grasp 80 has 0.0140297 shift and 0.0318247 rotation.
#Time:545.42# Finished grasp 80. Grasp success: 0. Grasp shift: 1.00438. In-hand rotation: 0.031825.
#Time:545.63# Starting grasp 81.
#Time:548.63# Grasp 81 has 0.0833201 shift and 0.0709004 rotation.
#Time:552.232# Finished grasp 81. Grasp success: 0. Grasp shift: 1.00894. In-hand rotation: 0.0709025.
#Time:552.442# Starting grasp 82.
#Time:555.442# Grasp 82 has 0.0388802 shift and 0.0558369 rotation.
#Time:559.044# Finished grasp 82. Grasp success: 0. Grasp shift: 1.00201. In-hand rotation: 0.0558359.
#Time:559.254# Starting grasp 83.
#Time:562.254# Grasp 83 has 0.0303902 shift and 0.048827 rotation.
#Time:565.856# Finished grasp 83. Grasp success: 0. Grasp shift: 1.00194. In-hand rotation: 0.0488264.
#Time:566.066# Starting grasp 84.
#Time:569.066# Grasp 84 has 0.0611432 shift and 0.000467505 rotation.
#Time:572.668# Finished grasp 84. Grasp success: 0. Grasp shift: 0.999895. In-hand rotation: 0.000465593.
#Time:572.878# Starting grasp 85.
#Time:575.878# Grasp 85 has 0.170955 shift and 0.392106 rotation.
#Time:579.48# Finished grasp 85. Grasp success: 0. Grasp shift: 1.02692. In-hand rotation: 0.243932.
#Time:579.69# Starting grasp 86.
#Time:582.69# Grasp 86 has 0.0403723 shift and 1.36556e-05 rotation.
#Time:586.292# Finished grasp 86. Grasp success: 0. Grasp shift: 1. In-hand rotation: 1.55624e-05.
#Time:586.502# Starting grasp 87.
#Time:589.502# Grasp 87 has 0.080008 shift and 0.140539 rotation.
#Time:593.104# Finished grasp 87. Grasp success: 0. Grasp shift: 1.03684. In-hand rotation: 0.140539.
#Time:593.314# Starting grasp 88.
#Time:596.314# Grasp 88 has 0.105082 shift and 0.0519059 rotation.
#Time:599.916# Finished grasp 88. Grasp success: 0. Grasp shift: 1.01024. In-hand rotation: 0.0519082.
