Position of the hand:-0.146785 0.438436 0.001
./tmp/data/GSHyZs/GSHyZs.log opened!
QPOS STABLE
-8.30466e-10 -1.07498e-09 9.99986 -1.43021e-05 1 3.32588e-07 8.44612e-07 0.000579224 0.0871958 0.0872529 0.087263 0.000113802 0.0898178 0.0877562 0.0873777 2.10594e-08 0.0898276 0.0877581 0.0873782 -0.000113752 0.0898178 0.0877562 0.0873777 -0.00043881 0.0897887 0.0877506 0.0873765 -1.26318e-06 -2.26299e-08 -0.150183 0.0632596 3.02759e-06 -6.24801e-08 -0.997997 
RGB Azimuth Elevation Distance:-73.1548 -38.9604 1
RGB Lookat:0.0838477 -0.369871 -0.550026
CAM POS: -0.115643 0.382168 0.078758
RGB CAM POS: -0.141485 0.374344 0.078758
RGB CAM LOOKAT: 0.0838477 -0.369871 -0.550026
CAM GAZE: 0.225332 -0.744215 -0.628784
CAM VIEWPORT: 0.109689 -0.362047 -0.550026
CAM RIGHT: -0.957091 -0.289786 0
CAM UP: 0.182213 -0.601803 0.77758
CAM 2 POS: -0.187425 0.360434 0.078758
Depth image captured!
Time difference = 11270
Waiting for trajectories.
Number of grasps:95
Moving on to grasping.
#Time:0.706# Starting grasp 1.
#Time:3.706# Grasp 1 has 0.0362903 shift and 0.0486058 rotation.
#Time:7.308# Finished grasp 1. Grasp success: 1. Grasp shift: 0.0071304. In-hand rotation: 0.0501801.
#Time:7.518# Starting grasp 2.
#Time:10.518# Grasp 2 has 0.0216174 shift and 0.0462105 rotation.
#Time:14.12# Finished grasp 2. Grasp success: 1. Grasp shift: 0.00211333. In-hand rotation: 0.0115854.
#Time:14.33# Starting grasp 3.
#Time:17.33# Grasp 3 has 0.0252245 shift and 0.0314977 rotation.
#Time:20.932# Finished grasp 3. Grasp success: 1. Grasp shift: 0.00554885. In-hand rotation: 0.0571406.
#Time:21.142# Starting grasp 4.
#Time:24.142# Grasp 4 has 0.029884 shift and 0.040106 rotation.
#Time:27.744# Finished grasp 4. Grasp success: 1. Grasp shift: 0.00656445. In-hand rotation: 0.0583284.
#Time:27.954# Starting grasp 5.
#Time:30.954# Grasp 5 has 0.033652 shift and 0.0442502 rotation.
#Time:34.556# Finished grasp 5. Grasp success: 1. Grasp shift: 0.0152988. In-hand rotation: 0.0617762.
#Time:34.766# Starting grasp 6.
#Time:37.766# Grasp 6 has 0.0232638 shift and 0.0258722 rotation.
#Time:41.368# Finished grasp 6. Grasp success: 1. Grasp shift: 0.002729. In-hand rotation: 0.0460258.
#Time:41.578# Starting grasp 7.
#Time:44.578# Grasp 7 has 0.0245808 shift and 0.0576821 rotation.
#Time:48.18# Finished grasp 7. Grasp success: 0. Grasp shift: 1.17566. In-hand rotation: 0.460204.
#Time:48.39# Starting grasp 8.
#Time:51.39# Grasp 8 has 0.0208491 shift and 0.0703583 rotation.
#Time:54.992# Finished grasp 8. Grasp success: 1. Grasp shift: 0.00449647. In-hand rotation: 0.0261544.
#Time:55.202# Starting grasp 9.
#Time:58.202# Grasp 9 has 0.0175162 shift and 0.0353308 rotation.
#Time:61.804# Finished grasp 9. Grasp success: 1. Grasp shift: 0.00130669. In-hand rotation: 0.00982429.
#Time:62.014# Starting grasp 10.
#Time:65.014# Grasp 10 has 0.0204828 shift and 0.0234989 rotation.
#Time:68.616# Finished grasp 10. Grasp success: 0. Grasp shift: 1.32043. In-hand rotation: 0.40408.
#Time:68.826# Starting grasp 11.
#Time:71.826# Grasp 11 has 0.02292 shift and 0.0287864 rotation.
#Time:75.428# Finished grasp 11. Grasp success: 0. Grasp shift: 1.16566. In-hand rotation: 0.413669.
#Time:75.638# Starting grasp 12.
#Time:78.638# Grasp 12 has 0.0246017 shift and 0.0390696 rotation.
#Time:82.24# Finished grasp 12. Grasp success: 0. Grasp shift: 1.1111. In-hand rotation: 0.436396.
#Time:82.45# Starting grasp 13.
#Time:85.45# Grasp 13 has 0.0271056 shift and 0.0311362 rotation.
#Time:89.052# Finished grasp 13. Grasp success: 1. Grasp shift: 0.00656993. In-hand rotation: 0.025866.
#Time:89.262# Starting grasp 14.
#Time:92.262# Grasp 14 has 0.0260924 shift and 0.0122316 rotation.
#Time:95.864# Finished grasp 14. Grasp success: 1. Grasp shift: 0.00133478. In-hand rotation: 0.0045421.
#Time:96.074# Starting grasp 15.
#Time:99.074# Grasp 15 has 0.0230437 shift and 0.00292006 rotation.
#Time:102.676# Finished grasp 15. Grasp success: 1. Grasp shift: 0.00242043. In-hand rotation: 0.0143978.
#Time:102.886# Starting grasp 16.
#Time:105.886# Grasp 16 has 0.0278127 shift and 0.0201095 rotation.
#Time:109.488# Finished grasp 16. Grasp success: 1. Grasp shift: 0.00649998. In-hand rotation: 0.0232988.
#Time:109.698# Starting grasp 17.
#Time:112.698# Grasp 17 has 0.0190951 shift and 0.017136 rotation.
#Time:116.3# Finished grasp 17. Grasp success: 1. Grasp shift: 0.00153472. In-hand rotation: 0.0100894.
#Time:116.51# Starting grasp 18.
#Time:119.51# Grasp 18 has 0.0317532 shift and 0.0493277 rotation.
#Time:123.112# Finished grasp 18. Grasp success: 0. Grasp shift: 1.00145. In-hand rotation: 0.0493278.
#Time:123.322# Starting grasp 19.
#Time:126.322# Grasp 19 has 0.0251072 shift and 0.019989 rotation.
#Time:129.924# Finished grasp 19. Grasp success: 1. Grasp shift: 0.00908465. In-hand rotation: 0.030735.
#Time:130.134# Starting grasp 20.
#Time:133.134# Grasp 20 has 0.0237957 shift and 0.0134184 rotation.
#Time:136.736# Finished grasp 20. Grasp success: 1. Grasp shift: 0.00623641. In-hand rotation: 0.0240928.
#Time:136.946# Starting grasp 21.
#Time:139.946# Grasp 21 has 0.0166004 shift and 0.0190454 rotation.
#Time:143.548# Finished grasp 21. Grasp success: 1. Grasp shift: 0.00862022. In-hand rotation: 0.00547342.
#Time:143.758# Starting grasp 22.
#Time:146.758# Grasp 22 has 0.233899 shift and 0.433328 rotation.
#Time:150.36# Finished grasp 22. Grasp success: 0. Grasp shift: 1.00012. In-hand rotation: 0.000333289.
#Time:150.57# Starting grasp 23.
#Time:153.57# Grasp 23 has 0.023507 shift and 0.0251282 rotation.
#Time:157.172# Finished grasp 23. Grasp success: 1. Grasp shift: 0.0032844. In-hand rotation: 0.00976739.
#Time:157.382# Starting grasp 24.
#Time:160.382# Grasp 24 has 0.0317514 shift and 0.0234224 rotation.
#Time:163.984# Finished grasp 24. Grasp success: 1. Grasp shift: 0.00803991. In-hand rotation: 0.0269005.
#Time:164.194# Starting grasp 25.
#Time:167.194# Grasp 25 has 0.0306627 shift and 0.0471651 rotation.
#Time:170.796# Finished grasp 25. Grasp success: 0. Grasp shift: 1.13808. In-hand rotation: 0.398054.
#Time:171.006# Starting grasp 26.
#Time:174.006# Grasp 26 has 0.00125262 shift and 0.000544511 rotation.
#Time:177.608# Finished grasp 26. Grasp success: 1. Grasp shift: 0.0189279. In-hand rotation: 0.0546455.
#Time:177.818# Starting grasp 27.
#Time:180.818# Grasp 27 has 0.0282909 shift and 0.0439974 rotation.
#Time:184.42# Finished grasp 27. Grasp success: 0. Grasp shift: 1.12249. In-hand rotation: 0.479793.
#Time:184.63# Starting grasp 28.
#Time:187.63# Grasp 28 has 0.0306931 shift and 0.0639075 rotation.
#Time:191.232# Finished grasp 28. Grasp success: 0. Grasp shift: 1.32799. In-hand rotation: 0.461014.
#Time:191.442# Starting grasp 29.
#Time:194.442# Grasp 29 has 0.0244687 shift and 0.0371589 rotation.
#Time:198.044# Finished grasp 29. Grasp success: 0. Grasp shift: 1.13063. In-hand rotation: 0.443681.
#Time:198.254# Starting grasp 30.
#Time:201.254# Grasp 30 has 0.219713 shift and 0.39807 rotation.
#Time:204.856# Finished grasp 30. Grasp success: 0. Grasp shift: 1.02448. In-hand rotation: 0.0429829.
#Time:205.066# Starting grasp 31.
#Time:208.066# Grasp 31 has 0.0318587 shift and 0.055476 rotation.
#Time:211.668# Finished grasp 31. Grasp success: 0. Grasp shift: 1.12891. In-hand rotation: 0.362277.
#Time:211.878# Starting grasp 32.
#Time:214.878# Grasp 32 has 0.246161 shift and 0.413709 rotation.
#Time:218.48# Finished grasp 32. Grasp success: 0. Grasp shift: 1.00753. In-hand rotation: 0.0202426.
#Time:218.69# Starting grasp 33.
#Time:221.69# Grasp 33 has 0.0224401 shift and 0.0105483 rotation.
#Time:225.292# Finished grasp 33. Grasp success: 0. Grasp shift: 1.00044. In-hand rotation: 0.0105484.
#Time:225.502# Starting grasp 34.
#Time:228.502# Grasp 34 has 0.00402356 shift and 0.00370333 rotation.
#Time:232.104# Finished grasp 34. Grasp success: 0. Grasp shift: 1.28748. In-hand rotation: 0.456171.
#Time:232.314# Starting grasp 35.
#Time:235.314# Grasp 35 has 0.025472 shift and 0.0411761 rotation.
#Time:238.916# Finished grasp 35. Grasp success: 0. Grasp shift: 1.2677. In-hand rotation: 0.390242.
#Time:239.126# Starting grasp 36.
#Time:242.126# Grasp 36 has 0.0182916 shift and 0.02704 rotation.
#Time:245.728# Finished grasp 36. Grasp success: 0. Grasp shift: 1.15527. In-hand rotation: 0.430412.
#Time:245.938# Starting grasp 37.
#Time:248.938# Grasp 37 has 0.0205632 shift and 0.0163652 rotation.
#Time:252.54# Finished grasp 37. Grasp success: 0. Grasp shift: 1.0006. In-hand rotation: 0.0163657.
#Time:252.75# Starting grasp 38.
#Time:255.75# Grasp 38 has 0.0237287 shift and 0.0343179 rotation.
#Time:259.352# Finished grasp 38. Grasp success: 0. Grasp shift: 1.27038. In-hand rotation: 0.472375.
#Time:259.562# Starting grasp 39.
#Time:262.562# Grasp 39 has 0.23149 shift and 0.391899 rotation.
#Time:266.164# Finished grasp 39. Grasp success: 0. Grasp shift: 1.01753. In-hand rotation: 0.0444815.
#Time:266.374# Starting grasp 40.
#Time:269.374# Grasp 40 has 0.0178173 shift and 0.0288993 rotation.
#Time:272.976# Finished grasp 40. Grasp success: 0. Grasp shift: 1.00103. In-hand rotation: 0.0288993.
#Time:273.186# Starting grasp 41.
#Time:276.186# Grasp 41 has 0.0123177 shift and 0.0188735 rotation.
#Time:279.788# Finished grasp 41. Grasp success: 0. Grasp shift: 1.00121. In-hand rotation: 0.0188736.
#Time:279.998# Starting grasp 42.
#Time:282.998# Grasp 42 has 0.0396923 shift and 0.0391183 rotation.
#Time:286.6# Finished grasp 42. Grasp success: 0. Grasp shift: 1.00256. In-hand rotation: 0.0391187.
#Time:286.81# Starting grasp 43.
#Time:289.81# Grasp 43 has 0.0129331 shift and 0.0162745 rotation.
#Time:293.412# Finished grasp 43. Grasp success: 1. Grasp shift: 0.00326139. In-hand rotation: 0.0271102.
#Time:293.622# Starting grasp 44.
#Time:296.622# Grasp 44 has 0.0194024 shift and 0.0298093 rotation.
#Time:300.224# Finished grasp 44. Grasp success: 0. Grasp shift: 1.00165. In-hand rotation: 0.0298093.
#Time:300.434# Starting grasp 45.
#Time:303.434# Grasp 45 has 0.00893815 shift and 0.0131603 rotation.
#Time:307.036# Finished grasp 45. Grasp success: 0. Grasp shift: 1.00079. In-hand rotation: 0.0131606.
#Time:307.246# Starting grasp 46.
#Time:310.246# Grasp 46 has 0.256988 shift and 0.445322 rotation.
#Time:313.848# Finished grasp 46. Grasp success: 0. Grasp shift: 0.999794. In-hand rotation: 0.0175484.
#Time:314.058# Starting grasp 47.
#Time:317.058# Grasp 47 has 0.0397735 shift and 0.0698836 rotation.
#Time:320.66# Finished grasp 47. Grasp success: 0. Grasp shift: 1.12828. In-hand rotation: 0.359802.
#Time:320.87# Starting grasp 48.
#Time:323.87# Grasp 48 has 0.0452602 shift and 0.0479812 rotation.
#Time:327.472# Finished grasp 48. Grasp success: 0. Grasp shift: 1.17342. In-hand rotation: 0.395967.
#Time:327.682# Starting grasp 49.
#Time:330.682# Grasp 49 has 0.0335139 shift and 0.0359126 rotation.
#Time:334.284# Finished grasp 49. Grasp success: 0. Grasp shift: 1.00228. In-hand rotation: 0.0359131.
#Time:334.494# Starting grasp 50.
#Time:337.494# Grasp 50 has 0.262242 shift and 0.446738 rotation.
#Time:341.096# Finished grasp 50. Grasp success: 0. Grasp shift: 0.996311. In-hand rotation: 0.0128025.
#Time:341.306# Starting grasp 51.
#Time:344.306# Grasp 51 has 0.0131412 shift and 0.0148436 rotation.
#Time:347.908# Finished grasp 51. Grasp success: 1. Grasp shift: 0.0110422. In-hand rotation: 0.0223606.
#Time:348.118# Starting grasp 52.
#Time:351.118# Grasp 52 has 0.0397008 shift and 0.0719407 rotation.
#Time:354.72# Finished grasp 52. Grasp success: 0. Grasp shift: 1.12517. In-hand rotation: 0.351075.
#Time:354.93# Starting grasp 53.
#Time:357.93# Grasp 53 has 0.0440869 shift and 0.0100945 rotation.
#Time:361.532# Finished grasp 53. Grasp success: 0. Grasp shift: 1.00127. In-hand rotation: 0.0100967.
#Time:361.742# Starting grasp 54.
#Time:364.742# Grasp 54 has 0.0109794 shift and 0.0160178 rotation.
#Time:368.344# Finished grasp 54. Grasp success: 0. Grasp shift: 1.00076. In-hand rotation: 0.0160178.
#Time:368.554# Starting grasp 55.
#Time:371.554# Grasp 55 has 0.0485637 shift and 0.0753999 rotation.
#Time:375.156# Finished grasp 55. Grasp success: 0. Grasp shift: 1.00169. In-hand rotation: 0.0754.
#Time:375.366# Starting grasp 56.
#Time:378.366# Grasp 56 has 0.0115036 shift and 0.011519 rotation.
#Time:381.968# Finished grasp 56. Grasp success: 1. Grasp shift: 0.005551. In-hand rotation: 0.0226128.
#Time:382.178# Starting grasp 57.
#Time:385.178# Grasp 57 has 0.0450562 shift and 0.0696391 rotation.
#Time:388.78# Finished grasp 57. Grasp success: 0. Grasp shift: 1.00102. In-hand rotation: 0.0696389.
#Time:388.99# Starting grasp 58.
#Time:391.99# Grasp 58 has 0.0339363 shift and 0.082788 rotation.
#Time:395.592# Finished grasp 58. Grasp success: 0. Grasp shift: 1.14226. In-hand rotation: 0.510487.
#Time:395.802# Starting grasp 59.
#Time:398.802# Grasp 59 has 0.0451627 shift and 0.06235 rotation.
#Time:402.404# Finished grasp 59. Grasp success: 0. Grasp shift: 1.12772. In-hand rotation: 0.359075.
#Time:402.614# Starting grasp 60.
#Time:405.614# Grasp 60 has 0.0206271 shift and 0.0321522 rotation.
#Time:409.216# Finished grasp 60. Grasp success: 0. Grasp shift: 1.00173. In-hand rotation: 0.0321522.
#Time:409.426# Starting grasp 61.
#Time:412.426# Grasp 61 has 0.040765 shift and 0.0640358 rotation.
#Time:416.028# Finished grasp 61. Grasp success: 0. Grasp shift: 1.00178. In-hand rotation: 0.0640358.
#Time:416.238# Starting grasp 62.
#Time:419.238# Grasp 62 has 0.0509267 shift and 0.0803305 rotation.
#Time:422.84# Finished grasp 62. Grasp success: 0. Grasp shift: 1.00126. In-hand rotation: 0.0803304.
#Time:423.05# Starting grasp 63.
#Time:426.05# Grasp 63 has 0.0199268 shift and 0.0311939 rotation.
#Time:429.652# Finished grasp 63. Grasp success: 0. Grasp shift: 1.0017. In-hand rotation: 0.0311939.
#Time:429.862# Starting grasp 64.
#Time:432.862# Grasp 64 has 0.0156794 shift and 0.0530663 rotation.
#Time:436.464# Finished grasp 64. Grasp success: 0. Grasp shift: 1.19737. In-hand rotation: 0.46722.
#Time:436.674# Starting grasp 65.
#Time:439.674# Grasp 65 has 0.023774 shift and 0.0369637 rotation.
#Time:443.276# Finished grasp 65. Grasp success: 1. Grasp shift: 0.0494745. In-hand rotation: 0.0685474.
#Time:443.486# Starting grasp 66.
#Time:446.486# Grasp 66 has 0.0516178 shift and 0.0787743 rotation.
#Time:450.088# Finished grasp 66. Grasp success: 0. Grasp shift: 1.1328. In-hand rotation: 0.363334.
#Time:450.298# Starting grasp 67.
#Time:453.298# Grasp 67 has 0.0199891 shift and 0.0314033 rotation.
#Time:456.9# Finished grasp 67. Grasp success: 0. Grasp shift: 1.00171. In-hand rotation: 0.0314034.
#Time:457.11# Starting grasp 68.
#Time:460.11# Grasp 68 has 0.235482 shift and 0.433059 rotation.
#Time:463.712# Finished grasp 68. Grasp success: 0. Grasp shift: 1.00016. In-hand rotation: 0.000609408.
#Time:463.922# Starting grasp 69.
#Time:466.922# Grasp 69 has 0.186692 shift and 0.43504 rotation.
#Time:470.524# Finished grasp 69. Grasp success: 0. Grasp shift: 1.01216. In-hand rotation: 0.0557989.
#Time:470.734# Starting grasp 70.
#Time:473.734# Grasp 70 has 0.0276199 shift and 0.0292147 rotation.
#Time:477.336# Finished grasp 70. Grasp success: 1. Grasp shift: 0.00311128. In-hand rotation: 0.0141129.
#Time:477.546# Starting grasp 71.
#Time:480.546# Grasp 71 has 0.0281414 shift and 0.0290419 rotation.
#Time:484.148# Finished grasp 71. Grasp success: 1. Grasp shift: 0.00621124. In-hand rotation: 0.0186664.
#Time:484.358# Starting grasp 72.
#Time:487.358# Grasp 72 has 0.019708 shift and 0.0179887 rotation.
#Time:490.96# Finished grasp 72. Grasp success: 1. Grasp shift: 0.031144. In-hand rotation: 0.0523247.
#Time:491.17# Starting grasp 73.
#Time:494.17# Grasp 73 has 0.0345956 shift and 0.0529182 rotation.
#Time:497.772# Finished grasp 73. Grasp success: 0. Grasp shift: 1.12715. In-hand rotation: 0.39471.
#Time:497.982# Starting grasp 74.
#Time:500.982# Grasp 74 has 0.0382181 shift and 0.0604734 rotation.
#Time:504.584# Finished grasp 74. Grasp success: 0. Grasp shift: 1.001. In-hand rotation: 0.0604733.
#Time:504.794# Starting grasp 75.
#Time:507.794# Grasp 75 has 0.0334894 shift and 0.0509295 rotation.
#Time:511.396# Finished grasp 75. Grasp success: 1. Grasp shift: 0.0603606. In-hand rotation: 0.111466.
#Time:511.606# Starting grasp 76.
#Time:514.606# Grasp 76 has 0.0283682 shift and 0.0438387 rotation.
#Time:518.208# Finished grasp 76. Grasp success: 1. Grasp shift: 0.00362578. In-hand rotation: 0.0325147.
#Time:518.418# Starting grasp 77.
#Time:521.418# Grasp 77 has 0.0386809 shift and 0.0515139 rotation.
#Time:525.02# Finished grasp 77. Grasp success: 0. Grasp shift: 1.00319. In-hand rotation: 0.0515139.
#Time:525.23# Starting grasp 78.
#Time:528.23# Grasp 78 has 0.0366693 shift and 0.0369904 rotation.
#Time:531.832# Finished grasp 78. Grasp success: 0. Grasp shift: 1.11319. In-hand rotation: 0.425925.
#Time:532.042# Starting grasp 79.
#Time:535.042# Grasp 79 has 0.0230682 shift and 0.0472625 rotation.
#Time:538.644# Finished grasp 79. Grasp success: 0. Grasp shift: 1.13666. In-hand rotation: 0.387331.
#Time:538.854# Starting grasp 80.
#Time:541.854# Grasp 80 has 0.250716 shift and 0.465485 rotation.
#Time:545.456# Finished grasp 80. Grasp success: 0. Grasp shift: 0.990646. In-hand rotation: 0.0332022.
#Time:545.666# Starting grasp 81.
#Time:548.666# Grasp 81 has 0.0499762 shift and 0.0749658 rotation.
#Time:552.268# Finished grasp 81. Grasp success: 0. Grasp shift: 1.15617. In-hand rotation: 0.518825.
#Time:552.478# Starting grasp 82.
#Time:555.478# Grasp 82 has 0.0443207 shift and 0.0639711 rotation.
#Time:559.08# Finished grasp 82. Grasp success: 0. Grasp shift: 1.00249. In-hand rotation: 0.0639714.
#Time:559.29# Starting grasp 83.
#Time:562.29# Grasp 83 has 0.0447975 shift and 0.0517503 rotation.
#Time:565.892# Finished grasp 83. Grasp success: 0. Grasp shift: 1.0019. In-hand rotation: 0.0517506.
#Time:566.102# Starting grasp 84.
#Time:569.102# Grasp 84 has 0.0511203 shift and 0.0650632 rotation.
#Time:572.704# Finished grasp 84. Grasp success: 0. Grasp shift: 1.13618. In-hand rotation: 0.455498.
#Time:572.914# Starting grasp 85.
#Time:575.914# Grasp 85 has 0.0422783 shift and 0.0669196 rotation.
#Time:579.516# Finished grasp 85. Grasp success: 0. Grasp shift: 0.999993. In-hand rotation: 0.0669187.
#Time:579.726# Starting grasp 86.
#Time:582.726# Grasp 86 has 0.0461993 shift and 0.0777301 rotation.
#Time:586.328# Finished grasp 86. Grasp success: 0. Grasp shift: 1.00148. In-hand rotation: 0.0777312.
#Time:586.538# Starting grasp 87.
#Time:589.538# Grasp 87 has 0.270894 shift and 0.4341 rotation.
#Time:593.14# Finished grasp 87. Grasp success: 0. Grasp shift: 1.02802. In-hand rotation: 0.108253.
#Time:593.35# Starting grasp 88.
#Time:596.35# Grasp 88 has 0.0149171 shift and 0.000125706 rotation.
#Time:599.952# Finished grasp 88. Grasp success: 0. Grasp shift: 1.00001. In-hand rotation: 0.000126084.
#Time:600.162# Starting grasp 89.
#Time:603.162# Grasp 89 has 0.276696 shift and 0.496787 rotation.
#Time:606.764# Finished grasp 89. Grasp success: 0. Grasp shift: 0.991421. In-hand rotation: 0.068132.
#Time:607.074# Starting grasp 91.
#Time:610.074# Grasp 91 has 0.23761 shift and 0.368294 rotation.
#Time:613.676# Finished grasp 91. Grasp success: 0. Grasp shift: 1.0461. In-hand rotation: 0.113079.
#Time:613.886# Starting grasp 92.
#Time:616.886# Grasp 92 has 0.281318 shift and 0.440431 rotation.
#Time:620.488# Finished grasp 92. Grasp success: 0. Grasp shift: 1.00102. In-hand rotation: 0.017172.
#Time:620.698# Starting grasp 93.
#Time:623.698# Grasp 93 has 0.250223 shift and 0.376822 rotation.
#Time:627.3# Finished grasp 93. Grasp success: 0. Grasp shift: 1.04841. In-hand rotation: 0.11082.
#Time:627.51# Starting grasp 94.
#Time:630.51# Grasp 94 has 0.284454 shift and 0.478874 rotation.
#Time:634.112# Finished grasp 94. Grasp success: 0. Grasp shift: 1.01333. In-hand rotation: 0.109188.
#Time:634.322# Starting grasp 95.
#Time:637.322# Grasp 95 has 0.236538 shift and 0.359765 rotation.
#Time:640.924# Finished grasp 95. Grasp success: 0. Grasp shift: 1.05255. In-hand rotation: 0.13875.
