Determining if the pthread_create exist failed with the following output:
Change Dir: /home/xxa344/git/Grasp/ubuntuBuild/CMakeFiles/CMakeTmp

Run Build Command:"/usr/bin/make" "cmTC_4704e/fast"
/usr/bin/make -f CMakeFiles/cmTC_4704e.dir/build.make CMakeFiles/cmTC_4704e.dir/build
make[1]: Entering directory `/home/xxa344/git/Grasp/ubuntuBuild/CMakeFiles/CMakeTmp'
Building C object CMakeFiles/cmTC_4704e.dir/CheckSymbolExists.c.o
/usr/bin/cc    -o CMakeFiles/cmTC_4704e.dir/CheckSymbolExists.c.o   -c /home/xxa344/git/Grasp/ubuntuBuild/CMakeFiles/CMakeTmp/CheckSymbolExists.c
Linking C executable cmTC_4704e
/opt/cmake/cmake-3.9.0-Linux-x86_64/bin/cmake -E cmake_link_script CMakeFiles/cmTC_4704e.dir/link.txt --verbose=1
/usr/bin/cc      -rdynamic CMakeFiles/cmTC_4704e.dir/CheckSymbolExists.c.o  -o cmTC_4704e 
CMakeFiles/cmTC_4704e.dir/CheckSymbolExists.c.o: In function `main':
CheckSymbolExists.c:(.text+0x16): undefined reference to `pthread_create'
collect2: error: ld returned 1 exit status
make[1]: *** [cmTC_4704e] Error 1
make[1]: Leaving directory `/home/xxa344/git/Grasp/ubuntuBuild/CMakeFiles/CMakeTmp'
make: *** [cmTC_4704e/fast] Error 2

File /home/xxa344/git/Grasp/ubuntuBuild/CMakeFiles/CMakeTmp/CheckSymbolExists.c:
/* */
#include <pthread.h>

int main(int argc, char** argv)
{
  (void)argv;
#ifndef pthread_create
  return ((int*)(&pthread_create))[argc];
#else
  (void)argc;
  return 0;
#endif
}

Determining if the function pthread_create exists in the pthreads failed with the following output:
Change Dir: /home/xxa344/git/Grasp/ubuntuBuild/CMakeFiles/CMakeTmp

Run Build Command:"/usr/bin/make" "cmTC_2803f/fast"
/usr/bin/make -f CMakeFiles/cmTC_2803f.dir/build.make CMakeFiles/cmTC_2803f.dir/build
make[1]: Entering directory `/home/xxa344/git/Grasp/ubuntuBuild/CMakeFiles/CMakeTmp'
Building C object CMakeFiles/cmTC_2803f.dir/CheckFunctionExists.c.o
/usr/bin/cc   -DCHECK_FUNCTION_EXISTS=pthread_create   -o CMakeFiles/cmTC_2803f.dir/CheckFunctionExists.c.o   -c /opt/cmake/cmake-3.9.0-Linux-x86_64/share/cmake-3.9/Modules/CheckFunctionExists.c
Linking C executable cmTC_2803f
/opt/cmake/cmake-3.9.0-Linux-x86_64/bin/cmake -E cmake_link_script CMakeFiles/cmTC_2803f.dir/link.txt --verbose=1
/usr/bin/cc  -DCHECK_FUNCTION_EXISTS=pthread_create    -rdynamic CMakeFiles/cmTC_2803f.dir/CheckFunctionExists.c.o  -o cmTC_2803f -lpthreads 
/usr/bin/ld: cannot find -lpthreads
collect2: error: ld returned 1 exit status
make[1]: *** [cmTC_2803f] Error 1
make[1]: Leaving directory `/home/xxa344/git/Grasp/ubuntuBuild/CMakeFiles/CMakeTmp'
make: *** [cmTC_2803f/fast] Error 2


