Position of the hand:-0.222292 -0.441374 -0.001
./tmp/data/FVCJRN/FVCJRN.log opened!
QPOS STABLE
-1.69474e-13 -2.36508e-13 9.99986 -1.43497e-05 1 3.26791e-07 8.51227e-07 0.000553745 0.0871958 0.0872529 0.087263 0.000108775 0.0897041 0.0877342 0.0873727 9.10308e-09 0.0897134 0.087736 0.0873731 -0.000108749 0.0897041 0.0877342 0.0873727 -0.000419266 0.0896762 0.0877288 0.0873715 0.050174 -0.02814 -0.142417 0.953275 0.0375872 0.150279 -0.259364 
RGB Azimuth Elevation Distance:68.7104 -34.6572 1
RGB Lookat:0.109593 0.373145 -0.487409
CAM POS: -0.214224 -0.383487 0.0812569
RGB CAM POS: -0.189066 -0.39329 0.0812569
RGB CAM LOOKAT: 0.109593 0.373145 -0.487409
CAM GAZE: 0.298659 0.766434 -0.568666
CAM VIEWPORT: 0.0844354 0.382948 -0.487409
CAM RIGHT: 0.931757 -0.363081 0
CAM UP: 0.206472 0.529859 0.822569
CAM 2 POS: -0.144342 -0.410718 0.0812569
Depth image captured!
Time difference = 861
Waiting for trajectories.
Number of grasps:99
Moving on to grasping.
#Time:1.612# Starting grasp 1.
#Time:4.612# Grasp 1 has 0.0119522 shift and 0.0174251 rotation.
#Time:8.214# Finished grasp 1. Grasp success: 1. Grasp shift: 0.00159513. In-hand rotation: 0.0381585.
#Time:8.424# Starting grasp 2.
#Time:11.424# Grasp 2 has 0.013359 shift and 0.0211993 rotation.
#Time:15.026# Finished grasp 2. Grasp success: 0. Grasp shift: 1.06646. In-hand rotation: 0.340135.
#Time:15.236# Starting grasp 3.
#Time:18.236# Grasp 3 has 0.00714372 shift and 0.0106127 rotation.
#Time:21.838# Finished grasp 3. Grasp success: 1. Grasp shift: 0.000787926. In-hand rotation: 0.0116946.
#Time:22.048# Starting grasp 4.
#Time:25.048# Grasp 4 has 0.0111243 shift and 0.0176227 rotation.
#Time:28.65# Finished grasp 4. Grasp success: 0. Grasp shift: 1.23279. In-hand rotation: 0.596105.
#Time:28.86# Starting grasp 5.
#Time:31.86# Grasp 5 has 0.015566 shift and 0.0239442 rotation.
#Time:35.462# Finished grasp 5. Grasp success: 1. Grasp shift: 0.0207795. In-hand rotation: 0.170807.
#Time:35.672# Starting grasp 6.
#Time:38.672# Grasp 6 has 0.00974645 shift and 0.0160012 rotation.
#Time:42.274# Finished grasp 6. Grasp success: 1. Grasp shift: 0.00224236. In-hand rotation: 0.00892988.
#Time:42.484# Starting grasp 7.
#Time:45.484# Grasp 7 has 0.0127417 shift and 0.0182352 rotation.
#Time:49.086# Finished grasp 7. Grasp success: 1. Grasp shift: 0.00313141. In-hand rotation: 0.0489302.
#Time:49.296# Starting grasp 8.
#Time:52.296# Grasp 8 has 0.0213788 shift and 0.0346749 rotation.
#Time:55.898# Finished grasp 8. Grasp success: 1. Grasp shift: 0.00385007. In-hand rotation: 0.0293658.
#Time:56.108# Starting grasp 9.
#Time:59.108# Grasp 9 has 0.0205215 shift and 0.0329063 rotation.
#Time:62.71# Finished grasp 9. Grasp success: 1. Grasp shift: 0.00411427. In-hand rotation: 0.049263.
#Time:62.92# Starting grasp 10.
#Time:65.92# Grasp 10 has 0.0102725 shift and 0.015443 rotation.
#Time:69.522# Finished grasp 10. Grasp success: 1. Grasp shift: 0.0089188. In-hand rotation: 0.087644.
#Time:69.732# Starting grasp 11.
#Time:72.732# Grasp 11 has 0.00548686 shift and 0.00893465 rotation.
#Time:76.334# Finished grasp 11. Grasp success: 1. Grasp shift: 0.000544212. In-hand rotation: 0.0109649.
#Time:76.544# Starting grasp 12.
#Time:79.544# Grasp 12 has 0.0261344 shift and 0.042675 rotation.
#Time:83.146# Finished grasp 12. Grasp success: 0. Grasp shift: 1.07655. In-hand rotation: 0.35241.
#Time:83.356# Starting grasp 13.
#Time:86.356# Grasp 13 has 0.0277567 shift and 0.0400229 rotation.
#Time:89.958# Finished grasp 13. Grasp success: 0. Grasp shift: 1.06911. In-hand rotation: 0.318475.
#Time:90.168# Starting grasp 14.
#Time:93.168# Grasp 14 has 0.0351456 shift and 0.0547902 rotation.
#Time:96.77# Finished grasp 14. Grasp success: 0. Grasp shift: 1.01102. In-hand rotation: 0.0775309.
#Time:96.98# Starting grasp 15.
#Time:99.98# Grasp 15 has 0.0147126 shift and 0.0189599 rotation.
#Time:103.582# Finished grasp 15. Grasp success: 1. Grasp shift: 0.00580871. In-hand rotation: 0.0962448.
#Time:103.792# Starting grasp 16.
#Time:106.792# Grasp 16 has 0.020837 shift and 0.0330888 rotation.
#Time:110.394# Finished grasp 16. Grasp success: 0. Grasp shift: 1.00692. In-hand rotation: 0.0350906.
#Time:110.604# Starting grasp 17.
#Time:113.604# Grasp 17 has 0.0109081 shift and 0.0157282 rotation.
#Time:117.206# Finished grasp 17. Grasp success: 0. Grasp shift: 1.21945. In-hand rotation: 0.549624.
#Time:117.416# Starting grasp 18.
#Time:120.416# Grasp 18 has 0.026622 shift and 0.0429264 rotation.
#Time:124.018# Finished grasp 18. Grasp success: 0. Grasp shift: 1.00862. In-hand rotation: 0.0463743.
#Time:124.228# Starting grasp 19.
#Time:127.228# Grasp 19 has 0.0238905 shift and 0.0379373 rotation.
#Time:130.83# Finished grasp 19. Grasp success: 0. Grasp shift: 1.00735. In-hand rotation: 0.0393312.
#Time:131.04# Starting grasp 20.
#Time:134.04# Grasp 20 has 0.0230597 shift and 0.0361216 rotation.
#Time:137.642# Finished grasp 20. Grasp success: 0. Grasp shift: 1.00747. In-hand rotation: 0.0404303.
#Time:137.852# Starting grasp 21.
#Time:140.852# Grasp 21 has 0.0333662 shift and 0.0488637 rotation.
#Time:144.454# Finished grasp 21. Grasp success: 0. Grasp shift: 1.06512. In-hand rotation: 0.279922.
#Time:144.664# Starting grasp 22.
#Time:147.664# Grasp 22 has 0.0226833 shift and 0.0339407 rotation.
#Time:151.266# Finished grasp 22. Grasp success: 0. Grasp shift: 1.2104. In-hand rotation: 0.572347.
#Time:151.476# Starting grasp 23.
#Time:154.476# Grasp 23 has 0.0123464 shift and 0.0244917 rotation.
#Time:158.078# Finished grasp 23. Grasp success: 1. Grasp shift: 0.00429973. In-hand rotation: 0.0709033.
#Time:158.288# Starting grasp 24.
#Time:161.288# Grasp 24 has 0.0179726 shift and 0.0269529 rotation.
#Time:164.89# Finished grasp 24. Grasp success: 0. Grasp shift: 1.07096. In-hand rotation: 0.308793.
#Time:165.1# Starting grasp 25.
#Time:168.1# Grasp 25 has 0.0232152 shift and 0.0317822 rotation.
#Time:171.702# Finished grasp 25. Grasp success: 1. Grasp shift: 0.00208722. In-hand rotation: 0.048481.
#Time:171.912# Starting grasp 26.
#Time:174.912# Grasp 26 has 0.0270266 shift and 0.0383674 rotation.
#Time:178.514# Finished grasp 26. Grasp success: 1. Grasp shift: 0.00354762. In-hand rotation: 0.0793044.
#Time:178.724# Starting grasp 27.
#Time:181.724# Grasp 27 has 0.0120767 shift and 0.0199994 rotation.
#Time:185.326# Finished grasp 27. Grasp success: 0. Grasp shift: 0.999811. In-hand rotation: 0.00105877.
#Time:185.536# Starting grasp 28.
#Time:188.536# Grasp 28 has 0.013753 shift and 0.0196118 rotation.
#Time:192.138# Finished grasp 28. Grasp success: 1. Grasp shift: 0.00122926. In-hand rotation: 0.0352197.
#Time:192.348# Starting grasp 29.
#Time:195.348# Grasp 29 has 0.0235392 shift and 0.0328327 rotation.
#Time:198.95# Finished grasp 29. Grasp success: 1. Grasp shift: 0.00103966. In-hand rotation: 0.0277751.
#Time:199.16# Starting grasp 30.
#Time:202.16# Grasp 30 has 0.00329725 shift and 0.00735113 rotation.
#Time:205.762# Finished grasp 30. Grasp success: 0. Grasp shift: 0.999783. In-hand rotation: 0.00454125.
#Time:205.972# Starting grasp 31.
#Time:208.972# Grasp 31 has 0.0123102 shift and 0.0151026 rotation.
#Time:212.574# Finished grasp 31. Grasp success: 1. Grasp shift: 0.00291495. In-hand rotation: 0.0633173.
#Time:212.784# Starting grasp 32.
#Time:215.784# Grasp 32 has 0.0190709 shift and 0.0292868 rotation.
#Time:219.386# Finished grasp 32. Grasp success: 0. Grasp shift: 1.0759. In-hand rotation: 0.3629.
#Time:219.596# Starting grasp 33.
#Time:222.596# Grasp 33 has 0.0179389 shift and 0.0317653 rotation.
#Time:226.198# Finished grasp 33. Grasp success: 1. Grasp shift: 0.00166698. In-hand rotation: 0.0397959.
#Time:226.408# Starting grasp 34.
#Time:229.408# Grasp 34 has 0.0173044 shift and 0.0230862 rotation.
#Time:233.01# Finished grasp 34. Grasp success: 1. Grasp shift: 0.00506225. In-hand rotation: 0.0763782.
#Time:233.22# Starting grasp 35.
#Time:236.22# Grasp 35 has 0.0150539 shift and 0.0222422 rotation.
#Time:239.822# Finished grasp 35. Grasp success: 1. Grasp shift: 0.00341176. In-hand rotation: 0.0655836.
#Time:240.032# Starting grasp 36.
#Time:243.032# Grasp 36 has 0.0200848 shift and 0.0212142 rotation.
#Time:246.634# Finished grasp 36. Grasp success: 1. Grasp shift: 0.00314062. In-hand rotation: 0.0440085.
#Time:246.844# Starting grasp 37.
#Time:249.844# Grasp 37 has 0.037793 shift and 0.0594149 rotation.
#Time:253.446# Finished grasp 37. Grasp success: 0. Grasp shift: 0.999721. In-hand rotation: 0.0295709.
#Time:253.656# Starting grasp 38.
#Time:256.656# Grasp 38 has 0.0127221 shift and 0.0159679 rotation.
#Time:260.258# Finished grasp 38. Grasp success: 1. Grasp shift: 0.00407377. In-hand rotation: 0.0821366.
#Time:260.468# Starting grasp 39.
#Time:263.468# Grasp 39 has 0.0133309 shift and 0.0219677 rotation.
#Time:267.07# Finished grasp 39. Grasp success: 0. Grasp shift: 0.999092. In-hand rotation: 0.00742963.
#Time:267.28# Starting grasp 40.
#Time:270.28# Grasp 40 has 0.0501502 shift and 0.0784289 rotation.
#Time:273.882# Finished grasp 40. Grasp success: 0. Grasp shift: 1.01112. In-hand rotation: 0.0709106.
#Time:274.092# Starting grasp 41.
#Time:277.092# Grasp 41 has 0.00378462 shift and 0.00441645 rotation.
#Time:280.694# Finished grasp 41. Grasp success: 0. Grasp shift: 1.19432. In-hand rotation: 0.551111.
#Time:280.904# Starting grasp 42.
#Time:283.904# Grasp 42 has 0.00827322 shift and 0.012831 rotation.
#Time:287.506# Finished grasp 42. Grasp success: 0. Grasp shift: 0.999984. In-hand rotation: 0.00259433.
#Time:287.716# Starting grasp 43.
#Time:290.716# Grasp 43 has 0.00293485 shift and 0.00593409 rotation.
#Time:294.318# Finished grasp 43. Grasp success: 0. Grasp shift: 0.999374. In-hand rotation: 0.00604361.
#Time:294.528# Starting grasp 44.
#Time:297.528# Grasp 44 has 0.00391698 shift and 0.00876657 rotation.
#Time:301.13# Finished grasp 44. Grasp success: 0. Grasp shift: 0.999629. In-hand rotation: 0.00465127.
#Time:301.34# Starting grasp 45.
#Time:304.34# Grasp 45 has 0.0160282 shift and 0.0263533 rotation.
#Time:307.942# Finished grasp 45. Grasp success: 0. Grasp shift: 0.999677. In-hand rotation: 0.00283065.
#Time:308.152# Starting grasp 46.
#Time:311.152# Grasp 46 has 0.00714974 shift and 0.0144288 rotation.
#Time:314.754# Finished grasp 46. Grasp success: 0. Grasp shift: 0.998239. In-hand rotation: 0.0104215.
#Time:314.964# Starting grasp 47.
#Time:317.964# Grasp 47 has 0.00819809 shift and 0.0123363 rotation.
#Time:321.566# Finished grasp 47. Grasp success: 0. Grasp shift: 1.19677. In-hand rotation: 0.562479.
#Time:321.776# Starting grasp 48.
#Time:324.776# Grasp 48 has 0.00516332 shift and 0.0101223 rotation.
#Time:328.378# Finished grasp 48. Grasp success: 0. Grasp shift: 0.99888. In-hand rotation: 0.0163417.
#Time:328.588# Starting grasp 49.
#Time:331.588# Grasp 49 has 0.0366971 shift and 0.05492 rotation.
#Time:335.19# Finished grasp 49. Grasp success: 0. Grasp shift: 1.0094. In-hand rotation: 0.0995291.
#Time:335.4# Starting grasp 50.
#Time:338.4# Grasp 50 has 0.0143427 shift and 0.0221502 rotation.
#Time:342.002# Finished grasp 50. Grasp success: 0. Grasp shift: 0.999184. In-hand rotation: 0.00528967.
#Time:342.212# Starting grasp 51.
#Time:345.212# Grasp 51 has 0.00646282 shift and 0.0115249 rotation.
#Time:348.814# Finished grasp 51. Grasp success: 0. Grasp shift: 1.05362. In-hand rotation: 0.197462.
#Time:349.024# Starting grasp 52.
#Time:352.024# Grasp 52 has 0.0336033 shift and 0.0501517 rotation.
#Time:355.626# Finished grasp 52. Grasp success: 0. Grasp shift: 1.0069. In-hand rotation: 0.0366605.
#Time:355.836# Starting grasp 53.
#Time:358.836# Grasp 53 has 0.00867441 shift and 0.0126765 rotation.
#Time:362.438# Finished grasp 53. Grasp success: 0. Grasp shift: 1.00015. In-hand rotation: 0.00322213.
#Time:362.648# Starting grasp 54.
#Time:365.648# Grasp 54 has 0.0367326 shift and 0.0549346 rotation.
#Time:369.25# Finished grasp 54. Grasp success: 0. Grasp shift: 1.00801. In-hand rotation: 0.0682.
#Time:369.46# Starting grasp 55.
#Time:372.46# Grasp 55 has 0.00565884 shift and 0.0090564 rotation.
#Time:376.062# Finished grasp 55. Grasp success: 0. Grasp shift: 0.998433. In-hand rotation: 0.0155263.
#Time:376.272# Starting grasp 56.
#Time:379.272# Grasp 56 has 0.0107658 shift and 0.0168945 rotation.
#Time:382.874# Finished grasp 56. Grasp success: 0. Grasp shift: 0.998977. In-hand rotation: 0.00670346.
#Time:383.084# Starting grasp 57.
#Time:386.084# Grasp 57 has 0.00707391 shift and 0.0100888 rotation.
#Time:389.686# Finished grasp 57. Grasp success: 0. Grasp shift: 1.00164. In-hand rotation: 0.0102814.
#Time:389.896# Starting grasp 58.
#Time:392.896# Grasp 58 has 0.0356331 shift and 0.053239 rotation.
#Time:396.498# Finished grasp 58. Grasp success: 0. Grasp shift: 1.00947. In-hand rotation: 0.0799817.
#Time:396.708# Starting grasp 59.
#Time:399.708# Grasp 59 has 0.00466266 shift and 0.00884048 rotation.
#Time:403.31# Finished grasp 59. Grasp success: 0. Grasp shift: 0.999033. In-hand rotation: 0.0423116.
#Time:403.52# Starting grasp 60.
#Time:406.52# Grasp 60 has 0.0288555 shift and 0.0433395 rotation.
#Time:410.122# Finished grasp 60. Grasp success: 0. Grasp shift: 1.00857. In-hand rotation: 0.0472839.
#Time:410.332# Starting grasp 61.
#Time:413.332# Grasp 61 has 0.0392126 shift and 0.0587766 rotation.
#Time:416.934# Finished grasp 61. Grasp success: 0. Grasp shift: 1.0106. In-hand rotation: 0.0644861.
#Time:417.144# Starting grasp 62.
#Time:420.144# Grasp 62 has 0.036939 shift and 0.0553344 rotation.
#Time:423.746# Finished grasp 62. Grasp success: 0. Grasp shift: 1.01015. In-hand rotation: 0.0640755.
#Time:423.956# Starting grasp 63.
#Time:426.956# Grasp 63 has 0.0294196 shift and 0.044078 rotation.
#Time:430.558# Finished grasp 63. Grasp success: 0. Grasp shift: 1.00877. In-hand rotation: 0.0499367.
#Time:430.768# Starting grasp 64.
#Time:433.768# Grasp 64 has 0.0282409 shift and 0.0438626 rotation.
#Time:437.37# Finished grasp 64. Grasp success: 0. Grasp shift: 1.07685. In-hand rotation: 0.353759.
#Time:437.58# Starting grasp 65.
#Time:440.58# Grasp 65 has 0.0222996 shift and 0.033332 rotation.
#Time:444.182# Finished grasp 65. Grasp success: 0. Grasp shift: 1.00374. In-hand rotation: 0.0149475.
#Time:444.392# Starting grasp 66.
#Time:447.392# Grasp 66 has 0.0359893 shift and 0.0546652 rotation.
#Time:450.994# Finished grasp 66. Grasp success: 0. Grasp shift: 1.01066. In-hand rotation: 0.058724.
#Time:451.204# Starting grasp 67.
#Time:454.204# Grasp 67 has 0.0387893 shift and 0.0580519 rotation.
#Time:457.806# Finished grasp 67. Grasp success: 0. Grasp shift: 1.00843. In-hand rotation: 0.067147.
#Time:458.016# Starting grasp 68.
#Time:461.016# Grasp 68 has 0.0158402 shift and 0.023579 rotation.
#Time:464.618# Finished grasp 68. Grasp success: 0. Grasp shift: 1.0044. In-hand rotation: 0.0291483.
#Time:464.828# Starting grasp 69.
#Time:467.828# Grasp 69 has 0.0160348 shift and 0.0239322 rotation.
#Time:471.43# Finished grasp 69. Grasp success: 0. Grasp shift: 1.05824. In-hand rotation: 0.222145.
#Time:471.64# Starting grasp 70.
#Time:474.64# Grasp 70 has 0.0395564 shift and 0.0618307 rotation.
#Time:478.242# Finished grasp 70. Grasp success: 0. Grasp shift: 1.07331. In-hand rotation: 0.299418.
#Time:478.452# Starting grasp 71.
#Time:481.452# Grasp 71 has 0.0214024 shift and 0.0304289 rotation.
#Time:485.054# Finished grasp 71. Grasp success: 1. Grasp shift: 0.00831318. In-hand rotation: 0.0815066.
#Time:485.264# Starting grasp 72.
#Time:488.264# Grasp 72 has 0.0285052 shift and 0.042423 rotation.
#Time:491.866# Finished grasp 72. Grasp success: 0. Grasp shift: 1.00693. In-hand rotation: 0.0409509.
#Time:492.076# Starting grasp 73.
#Time:495.076# Grasp 73 has 0.020495 shift and 0.0309779 rotation.
#Time:498.678# Finished grasp 73. Grasp success: 1. Grasp shift: 0.0118679. In-hand rotation: 0.116704.
#Time:498.888# Starting grasp 74.
#Time:501.888# Grasp 74 has 0.0287186 shift and 0.0427775 rotation.
#Time:505.49# Finished grasp 74. Grasp success: 0. Grasp shift: 1.0066. In-hand rotation: 0.0383954.
#Time:505.7# Starting grasp 75.
#Time:508.7# Grasp 75 has 0.0223011 shift and 0.0351152 rotation.
#Time:512.302# Finished grasp 75. Grasp success: 1. Grasp shift: 0.0176562. In-hand rotation: 0.120212.
#Time:512.512# Starting grasp 76.
#Time:515.512# Grasp 76 has 0.014044 shift and 0.0211622 rotation.
#Time:519.114# Finished grasp 76. Grasp success: 0. Grasp shift: 1.06922. In-hand rotation: 0.311797.
#Time:519.324# Starting grasp 77.
#Time:522.324# Grasp 77 has 0.0173122 shift and 0.0260034 rotation.
#Time:525.926# Finished grasp 77. Grasp success: 0. Grasp shift: 1.00222. In-hand rotation: 0.0728379.
#Time:526.136# Starting grasp 78.
#Time:529.136# Grasp 78 has 0.0281548 shift and 0.0424224 rotation.
#Time:532.738# Finished grasp 78. Grasp success: 0. Grasp shift: 1.07786. In-hand rotation: 0.35727.
#Time:532.948# Starting grasp 79.
#Time:535.948# Grasp 79 has 0.0242129 shift and 0.0381177 rotation.
#Time:539.55# Finished grasp 79. Grasp success: 1. Grasp shift: 0.0103606. In-hand rotation: 0.10511.
#Time:539.76# Starting grasp 80.
#Time:542.76# Grasp 80 has 0.0209888 shift and 0.0295723 rotation.
#Time:546.362# Finished grasp 80. Grasp success: 1. Grasp shift: 0.0105988. In-hand rotation: 0.0665045.
#Time:546.572# Starting grasp 81.
#Time:549.572# Grasp 81 has 0.0153951 shift and 0.0229242 rotation.
#Time:553.174# Finished grasp 81. Grasp success: 0. Grasp shift: 1.06755. In-hand rotation: 0.331604.
#Time:553.384# Starting grasp 82.
#Time:556.384# Grasp 82 has 0.0125008 shift and 0.019006 rotation.
#Time:559.986# Finished grasp 82. Grasp success: 0. Grasp shift: 1.06861. In-hand rotation: 0.321033.
#Time:560.196# Starting grasp 83.
#Time:563.196# Grasp 83 has 0.0180081 shift and 0.0264232 rotation.
#Time:566.798# Finished grasp 83. Grasp success: 0. Grasp shift: 1.0752. In-hand rotation: 0.371743.
#Time:567.008# Starting grasp 84.
#Time:570.008# Grasp 84 has 0.0226664 shift and 0.0319883 rotation.
#Time:573.61# Finished grasp 84. Grasp success: 0. Grasp shift: 1.24259. In-hand rotation: 0.58153.
#Time:573.82# Starting grasp 85.
#Time:576.82# Grasp 85 has 0.0294312 shift and 0.0437814 rotation.
#Time:580.422# Finished grasp 85. Grasp success: 0. Grasp shift: 1.00772. In-hand rotation: 0.0450016.
#Time:580.632# Starting grasp 86.
#Time:583.632# Grasp 86 has 0.0157416 shift and 0.0222359 rotation.
#Time:587.234# Finished grasp 86. Grasp success: 1. Grasp shift: 0.0052089. In-hand rotation: 0.0504024.
#Time:587.444# Starting grasp 87.
#Time:590.444# Grasp 87 has 0.0522647 shift and 0.0781968 rotation.
#Time:594.046# Finished grasp 87. Grasp success: 0. Grasp shift: 1.07006. In-hand rotation: 0.30674.
#Time:594.256# Starting grasp 88.
#Time:597.256# Grasp 88 has 0.0175844 shift and 0.0284939 rotation.
#Time:600.858# Finished grasp 88. Grasp success: 1. Grasp shift: 0.00271311. In-hand rotation: 0.0462652.
#Time:601.068# Starting grasp 89.
#Time:604.068# Grasp 89 has 0.0312069 shift and 0.0465422 rotation.
#Time:607.67# Finished grasp 89. Grasp success: 0. Grasp shift: 1.00727. In-hand rotation: 0.0462137.
#Time:607.88# Starting grasp 90.
#Time:610.88# Grasp 90 has 0.0182203 shift and 0.0268175 rotation.
#Time:614.482# Finished grasp 90. Grasp success: 0. Grasp shift: 1.21351. In-hand rotation: 0.444654.
#Time:614.692# Starting grasp 91.
#Time:617.692# Grasp 91 has 0.0459247 shift and 0.0692922 rotation.
#Time:621.294# Finished grasp 91. Grasp success: 0. Grasp shift: 1.01218. In-hand rotation: 0.125438.
#Time:621.504# Starting grasp 92.
#Time:624.504# Grasp 92 has 0.0367794 shift and 0.0539839 rotation.
#Time:628.106# Finished grasp 92. Grasp success: 0. Grasp shift: 1.00424. In-hand rotation: 0.0247749.
#Time:628.316# Starting grasp 93.
#Time:631.316# Grasp 93 has 0.0452949 shift and 0.0680799 rotation.
#Time:634.918# Finished grasp 93. Grasp success: 0. Grasp shift: 1.00977. In-hand rotation: 0.0504281.
#Time:635.128# Starting grasp 94.
#Time:638.128# Grasp 94 has 0.025124 shift and 0.0376722 rotation.
#Time:641.73# Finished grasp 94. Grasp success: 0. Grasp shift: 1.0074. In-hand rotation: 0.0397395.
#Time:641.94# Starting grasp 95.
#Time:644.94# Grasp 95 has 0.0176028 shift and 0.0280109 rotation.
#Time:648.542# Finished grasp 95. Grasp success: 0. Grasp shift: 1.24285. In-hand rotation: 0.512464.
#Time:648.752# Starting grasp 96.
#Time:651.752# Grasp 96 has 0.0277106 shift and 0.0413273 rotation.
#Time:655.354# Finished grasp 96. Grasp success: 0. Grasp shift: 1.0071. In-hand rotation: 0.0408288.
#Time:655.564# Starting grasp 97.
#Time:658.564# Grasp 97 has 0.0172493 shift and 0.0257514 rotation.
#Time:662.166# Finished grasp 97. Grasp success: 0. Grasp shift: 1.00483. In-hand rotation: 0.0264368.
#Time:662.376# Starting grasp 98.
#Time:665.376# Grasp 98 has 0.0303077 shift and 0.046012 rotation.
#Time:668.978# Finished grasp 98. Grasp success: 0. Grasp shift: 1.00804. In-hand rotation: 0.0444412.
#Time:669.188# Starting grasp 99.
#Time:672.188# Grasp 99 has 0.0197834 shift and 0.0300688 rotation.
#Time:675.79# Finished grasp 99. Grasp success: 0. Grasp shift: 1.00521. In-hand rotation: 0.0346669.
